Calling target program-options parser
[13:38:15.424] [bmv2] [D] [thread 2061] Set default default entry for table 'MyIngress.ipv4_lpm': NoAction - 
Adding interface s2-eth1 as port 1
[13:38:15.425] [bmv2] [D] [thread 2061] Adding interface s2-eth1 as port 1
Adding interface s2-eth2 as port 2
[13:38:15.482] [bmv2] [D] [thread 2061] Adding interface s2-eth2 as port 2
Adding interface s2-eth3 as port 3
[13:38:15.522] [bmv2] [D] [thread 2061] Adding interface s2-eth3 as port 3
Adding interface s2-eth4 as port 4
[13:38:15.570] [bmv2] [D] [thread 2061] Adding interface s2-eth4 as port 4
Server listening on 0.0.0.0:50052
[13:38:15.622] [bmv2] [I] [thread 2061] Starting Thrift server on port 9091
[13:38:15.622] [bmv2] [I] [thread 2061] Thrift server was started
[13:38:15.783] [bmv2] [D] [thread 2073] [0.0] [cxt 0] Processing packet received on port 2
[13:38:15.783] [bmv2] [D] [thread 2073] [0.0] [cxt 0] Parser 'parser': start
[13:38:15.783] [bmv2] [D] [thread 2073] [0.0] [cxt 0] Parser 'parser' entering state 'start'
[13:38:15.783] [bmv2] [D] [thread 2073] [0.0] [cxt 0] Extracting header 'ethernet'
[13:38:15.783] [bmv2] [D] [thread 2073] [0.0] [cxt 0] Parser state 'start': key is 86dd
[13:38:15.783] [bmv2] [T] [thread 2073] [0.0] [cxt 0] Bytes parsed: 14
[13:38:15.783] [bmv2] [D] [thread 2073] [0.0] [cxt 0] Parser 'parser': end
[13:38:15.783] [bmv2] [D] [thread 2073] [0.0] [cxt 0] Pipeline 'ingress': start
[13:38:15.783] [bmv2] [T] [thread 2073] [0.0] [cxt 0] basic.p4(164) Condition "hdr.ipv4.isValid()" (node_2) is false
[13:38:15.783] [bmv2] [D] [thread 2073] [0.0] [cxt 0] Pipeline 'ingress': end
[13:38:15.783] [bmv2] [D] [thread 2073] [0.0] [cxt 0] Egress port is 0
[13:38:15.784] [bmv2] [D] [thread 2075] [0.0] [cxt 0] Pipeline 'egress': start
[13:38:15.784] [bmv2] [D] [thread 2075] [0.0] [cxt 0] Pipeline 'egress': end
[13:38:15.784] [bmv2] [D] [thread 2075] [0.0] [cxt 0] Deparser 'deparser': start
[13:38:15.784] [bmv2] [T] [thread 2075] [0.0] [cxt 0] Skipping checksum 'cksum' update because condition not met
[13:38:15.784] [bmv2] [T] [thread 2075] [0.0] [cxt 0] Skipping checksum 'cksum_0' update because condition not met
[13:38:15.784] [bmv2] [T] [thread 2075] [0.0] [cxt 0] Skipping checksum 'cksum_1' update because condition not met
[13:38:15.784] [bmv2] [D] [thread 2075] [0.0] [cxt 0] Deparsing header 'ethernet'
[13:38:15.784] [bmv2] [D] [thread 2075] [0.0] [cxt 0] Deparser 'deparser': end
[13:38:15.784] [bmv2] [D] [thread 2079] [0.0] [cxt 0] Transmitting packet of size 90 out of port 0
[13:38:15.851] [bmv2] [D] [thread 2073] [1.0] [cxt 0] Processing packet received on port 1
[13:38:15.851] [bmv2] [D] [thread 2073] [1.0] [cxt 0] Parser 'parser': start
[13:38:15.851] [bmv2] [D] [thread 2073] [1.0] [cxt 0] Parser 'parser' entering state 'start'
[13:38:15.851] [bmv2] [D] [thread 2073] [1.0] [cxt 0] Extracting header 'ethernet'
[13:38:15.851] [bmv2] [D] [thread 2073] [1.0] [cxt 0] Parser state 'start': key is 86dd
[13:38:15.851] [bmv2] [T] [thread 2073] [1.0] [cxt 0] Bytes parsed: 14
[13:38:15.851] [bmv2] [D] [thread 2073] [1.0] [cxt 0] Parser 'parser': end
[13:38:15.851] [bmv2] [D] [thread 2073] [1.0] [cxt 0] Pipeline 'ingress': start
[13:38:15.851] [bmv2] [T] [thread 2073] [1.0] [cxt 0] basic.p4(164) Condition "hdr.ipv4.isValid()" (node_2) is false
[13:38:15.851] [bmv2] [D] [thread 2073] [1.0] [cxt 0] Pipeline 'ingress': end
[13:38:15.851] [bmv2] [D] [thread 2073] [1.0] [cxt 0] Egress port is 0
[13:38:15.851] [bmv2] [D] [thread 2073] [2.0] [cxt 0] Processing packet received on port 3
[13:38:15.851] [bmv2] [D] [thread 2073] [2.0] [cxt 0] Parser 'parser': start
[13:38:15.851] [bmv2] [D] [thread 2073] [2.0] [cxt 0] Parser 'parser' entering state 'start'
[13:38:15.851] [bmv2] [D] [thread 2073] [2.0] [cxt 0] Extracting header 'ethernet'
[13:38:15.851] [bmv2] [D] [thread 2073] [2.0] [cxt 0] Parser state 'start': key is 86dd
[13:38:15.851] [bmv2] [T] [thread 2073] [2.0] [cxt 0] Bytes parsed: 14
[13:38:15.851] [bmv2] [D] [thread 2073] [2.0] [cxt 0] Parser 'parser': end
[13:38:15.851] [bmv2] [D] [thread 2073] [2.0] [cxt 0] Pipeline 'ingress': start
[13:38:15.851] [bmv2] [T] [thread 2073] [2.0] [cxt 0] basic.p4(164) Condition "hdr.ipv4.isValid()" (node_2) is false
[13:38:15.851] [bmv2] [D] [thread 2073] [2.0] [cxt 0] Pipeline 'ingress': end
[13:38:15.851] [bmv2] [D] [thread 2073] [2.0] [cxt 0] Egress port is 0
[13:38:15.851] [bmv2] [D] [thread 2073] [3.0] [cxt 0] Processing packet received on port 3
[13:38:15.851] [bmv2] [D] [thread 2073] [3.0] [cxt 0] Parser 'parser': start
[13:38:15.851] [bmv2] [D] [thread 2073] [3.0] [cxt 0] Parser 'parser' entering state 'start'
[13:38:15.851] [bmv2] [D] [thread 2073] [3.0] [cxt 0] Extracting header 'ethernet'
[13:38:15.851] [bmv2] [D] [thread 2073] [3.0] [cxt 0] Parser state 'start': key is 86dd
[13:38:15.851] [bmv2] [T] [thread 2073] [3.0] [cxt 0] Bytes parsed: 14
[13:38:15.851] [bmv2] [D] [thread 2073] [3.0] [cxt 0] Parser 'parser': end
[13:38:15.851] [bmv2] [D] [thread 2073] [3.0] [cxt 0] Pipeline 'ingress': start
[13:38:15.851] [bmv2] [T] [thread 2073] [3.0] [cxt 0] basic.p4(164) Condition "hdr.ipv4.isValid()" (node_2) is false
[13:38:15.851] [bmv2] [D] [thread 2073] [3.0] [cxt 0] Pipeline 'ingress': end
[13:38:15.851] [bmv2] [D] [thread 2073] [3.0] [cxt 0] Egress port is 0
[13:38:15.851] [bmv2] [D] [thread 2075] [1.0] [cxt 0] Pipeline 'egress': start
[13:38:15.851] [bmv2] [D] [thread 2075] [1.0] [cxt 0] Pipeline 'egress': end
[13:38:15.851] [bmv2] [D] [thread 2075] [1.0] [cxt 0] Deparser 'deparser': start
[13:38:15.851] [bmv2] [T] [thread 2075] [1.0] [cxt 0] Skipping checksum 'cksum' update because condition not met
[13:38:15.851] [bmv2] [T] [thread 2075] [1.0] [cxt 0] Skipping checksum 'cksum_0' update because condition not met
[13:38:15.851] [bmv2] [T] [thread 2075] [1.0] [cxt 0] Skipping checksum 'cksum_1' update because condition not met
[13:38:15.851] [bmv2] [D] [thread 2075] [1.0] [cxt 0] Deparsing header 'ethernet'
[13:38:15.851] [bmv2] [D] [thread 2075] [1.0] [cxt 0] Deparser 'deparser': end
[13:38:15.851] [bmv2] [D] [thread 2075] [2.0] [cxt 0] Pipeline 'egress': start
[13:38:15.851] [bmv2] [D] [thread 2075] [2.0] [cxt 0] Pipeline 'egress': end
[13:38:15.851] [bmv2] [D] [thread 2075] [2.0] [cxt 0] Deparser 'deparser': start
[13:38:15.851] [bmv2] [T] [thread 2075] [2.0] [cxt 0] Skipping checksum 'cksum' update because condition not met
[13:38:15.851] [bmv2] [T] [thread 2075] [2.0] [cxt 0] Skipping checksum 'cksum_0' update because condition not met
[13:38:15.851] [bmv2] [T] [thread 2075] [2.0] [cxt 0] Skipping checksum 'cksum_1' update because condition not met
[13:38:15.851] [bmv2] [D] [thread 2075] [2.0] [cxt 0] Deparsing header 'ethernet'
[13:38:15.851] [bmv2] [D] [thread 2075] [2.0] [cxt 0] Deparser 'deparser': end
[13:38:15.851] [bmv2] [D] [thread 2075] [3.0] [cxt 0] Pipeline 'egress': start
[13:38:15.851] [bmv2] [D] [thread 2075] [3.0] [cxt 0] Pipeline 'egress': end
[13:38:15.851] [bmv2] [D] [thread 2075] [3.0] [cxt 0] Deparser 'deparser': start
[13:38:15.851] [bmv2] [T] [thread 2075] [3.0] [cxt 0] Skipping checksum 'cksum' update because condition not met
[13:38:15.851] [bmv2] [T] [thread 2075] [3.0] [cxt 0] Skipping checksum 'cksum_0' update because condition not met
[13:38:15.851] [bmv2] [T] [thread 2075] [3.0] [cxt 0] Skipping checksum 'cksum_1' update because condition not met
[13:38:15.851] [bmv2] [D] [thread 2075] [3.0] [cxt 0] Deparsing header 'ethernet'
[13:38:15.851] [bmv2] [D] [thread 2075] [3.0] [cxt 0] Deparser 'deparser': end
[13:38:15.851] [bmv2] [D] [thread 2079] [1.0] [cxt 0] Transmitting packet of size 90 out of port 0
[13:38:15.851] [bmv2] [D] [thread 2079] [2.0] [cxt 0] Transmitting packet of size 90 out of port 0
[13:38:15.851] [bmv2] [D] [thread 2079] [3.0] [cxt 0] Transmitting packet of size 70 out of port 0
[13:38:15.975] [bmv2] [D] [thread 2073] [4.0] [cxt 0] Processing packet received on port 3
[13:38:15.975] [bmv2] [D] [thread 2073] [4.0] [cxt 0] Parser 'parser': start
[13:38:15.975] [bmv2] [D] [thread 2073] [4.0] [cxt 0] Parser 'parser' entering state 'start'
[13:38:15.975] [bmv2] [D] [thread 2073] [4.0] [cxt 0] Extracting header 'ethernet'
[13:38:15.975] [bmv2] [D] [thread 2073] [4.0] [cxt 0] Parser state 'start': key is 86dd
[13:38:15.975] [bmv2] [T] [thread 2073] [4.0] [cxt 0] Bytes parsed: 14
[13:38:15.975] [bmv2] [D] [thread 2073] [4.0] [cxt 0] Parser 'parser': end
[13:38:15.975] [bmv2] [D] [thread 2073] [4.0] [cxt 0] Pipeline 'ingress': start
[13:38:15.975] [bmv2] [T] [thread 2073] [4.0] [cxt 0] basic.p4(164) Condition "hdr.ipv4.isValid()" (node_2) is false
[13:38:15.975] [bmv2] [D] [thread 2073] [4.0] [cxt 0] Pipeline 'ingress': end
[13:38:15.975] [bmv2] [D] [thread 2073] [4.0] [cxt 0] Egress port is 0
[13:38:15.975] [bmv2] [D] [thread 2073] [5.0] [cxt 0] Processing packet received on port 3
[13:38:15.975] [bmv2] [D] [thread 2073] [5.0] [cxt 0] Parser 'parser': start
[13:38:15.975] [bmv2] [D] [thread 2073] [5.0] [cxt 0] Parser 'parser' entering state 'start'
[13:38:15.975] [bmv2] [D] [thread 2073] [5.0] [cxt 0] Extracting header 'ethernet'
[13:38:15.975] [bmv2] [D] [thread 2073] [5.0] [cxt 0] Parser state 'start': key is 86dd
[13:38:15.975] [bmv2] [T] [thread 2073] [5.0] [cxt 0] Bytes parsed: 14
[13:38:15.975] [bmv2] [D] [thread 2073] [5.0] [cxt 0] Parser 'parser': end
[13:38:15.975] [bmv2] [D] [thread 2073] [5.0] [cxt 0] Pipeline 'ingress': start
[13:38:15.975] [bmv2] [T] [thread 2073] [5.0] [cxt 0] basic.p4(164) Condition "hdr.ipv4.isValid()" (node_2) is false
[13:38:15.975] [bmv2] [D] [thread 2073] [5.0] [cxt 0] Pipeline 'ingress': end
[13:38:15.975] [bmv2] [D] [thread 2073] [5.0] [cxt 0] Egress port is 0
[13:38:15.975] [bmv2] [D] [thread 2075] [4.0] [cxt 0] Pipeline 'egress': start
[13:38:15.975] [bmv2] [D] [thread 2075] [4.0] [cxt 0] Pipeline 'egress': end
[13:38:15.975] [bmv2] [D] [thread 2075] [4.0] [cxt 0] Deparser 'deparser': start
[13:38:15.975] [bmv2] [T] [thread 2075] [4.0] [cxt 0] Skipping checksum 'cksum' update because condition not met
[13:38:15.975] [bmv2] [T] [thread 2075] [4.0] [cxt 0] Skipping checksum 'cksum_0' update because condition not met
[13:38:15.975] [bmv2] [T] [thread 2075] [4.0] [cxt 0] Skipping checksum 'cksum_1' update because condition not met
[13:38:15.975] [bmv2] [D] [thread 2075] [4.0] [cxt 0] Deparsing header 'ethernet'
[13:38:15.975] [bmv2] [D] [thread 2075] [4.0] [cxt 0] Deparser 'deparser': end
[13:38:15.975] [bmv2] [D] [thread 2075] [5.0] [cxt 0] Pipeline 'egress': start
[13:38:15.975] [bmv2] [D] [thread 2075] [5.0] [cxt 0] Pipeline 'egress': end
[13:38:15.975] [bmv2] [D] [thread 2075] [5.0] [cxt 0] Deparser 'deparser': start
[13:38:15.975] [bmv2] [T] [thread 2075] [5.0] [cxt 0] Skipping checksum 'cksum' update because condition not met
[13:38:15.975] [bmv2] [T] [thread 2075] [5.0] [cxt 0] Skipping checksum 'cksum_0' update because condition not met
[13:38:15.975] [bmv2] [T] [thread 2075] [5.0] [cxt 0] Skipping checksum 'cksum_1' update because condition not met
[13:38:15.975] [bmv2] [D] [thread 2075] [5.0] [cxt 0] Deparsing header 'ethernet'
[13:38:15.975] [bmv2] [D] [thread 2075] [5.0] [cxt 0] Deparser 'deparser': end
[13:38:15.975] [bmv2] [D] [thread 2079] [4.0] [cxt 0] Transmitting packet of size 90 out of port 0
[13:38:15.975] [bmv2] [D] [thread 2079] [5.0] [cxt 0] Transmitting packet of size 70 out of port 0
[13:38:16.072] [bmv2] [D] [thread 2073] [6.0] [cxt 0] Processing packet received on port 4
[13:38:16.072] [bmv2] [D] [thread 2073] [6.0] [cxt 0] Parser 'parser': start
[13:38:16.072] [bmv2] [D] [thread 2073] [6.0] [cxt 0] Parser 'parser' entering state 'start'
[13:38:16.072] [bmv2] [D] [thread 2073] [6.0] [cxt 0] Extracting header 'ethernet'
[13:38:16.072] [bmv2] [D] [thread 2073] [6.0] [cxt 0] Parser state 'start': key is 86dd
[13:38:16.072] [bmv2] [T] [thread 2073] [6.0] [cxt 0] Bytes parsed: 14
[13:38:16.072] [bmv2] [D] [thread 2073] [6.0] [cxt 0] Parser 'parser': end
[13:38:16.072] [bmv2] [D] [thread 2073] [6.0] [cxt 0] Pipeline 'ingress': start
[13:38:16.072] [bmv2] [T] [thread 2073] [6.0] [cxt 0] basic.p4(164) Condition "hdr.ipv4.isValid()" (node_2) is false
[13:38:16.072] [bmv2] [D] [thread 2073] [6.0] [cxt 0] Pipeline 'ingress': end
[13:38:16.072] [bmv2] [D] [thread 2073] [6.0] [cxt 0] Egress port is 0
[13:38:16.072] [bmv2] [D] [thread 2073] [7.0] [cxt 0] Processing packet received on port 4
[13:38:16.072] [bmv2] [D] [thread 2073] [7.0] [cxt 0] Parser 'parser': start
[13:38:16.072] [bmv2] [D] [thread 2073] [7.0] [cxt 0] Parser 'parser' entering state 'start'
[13:38:16.072] [bmv2] [D] [thread 2073] [7.0] [cxt 0] Extracting header 'ethernet'
[13:38:16.072] [bmv2] [D] [thread 2073] [7.0] [cxt 0] Parser state 'start': key is 86dd
[13:38:16.072] [bmv2] [T] [thread 2073] [7.0] [cxt 0] Bytes parsed: 14
[13:38:16.072] [bmv2] [D] [thread 2073] [7.0] [cxt 0] Parser 'parser': end
[13:38:16.072] [bmv2] [D] [thread 2073] [7.0] [cxt 0] Pipeline 'ingress': start
[13:38:16.072] [bmv2] [T] [thread 2073] [7.0] [cxt 0] basic.p4(164) Condition "hdr.ipv4.isValid()" (node_2) is false
[13:38:16.072] [bmv2] [D] [thread 2073] [7.0] [cxt 0] Pipeline 'ingress': end
[13:38:16.072] [bmv2] [D] [thread 2073] [7.0] [cxt 0] Egress port is 0
[13:38:16.072] [bmv2] [D] [thread 2075] [6.0] [cxt 0] Pipeline 'egress': start
[13:38:16.072] [bmv2] [D] [thread 2075] [6.0] [cxt 0] Pipeline 'egress': end
[13:38:16.072] [bmv2] [D] [thread 2075] [6.0] [cxt 0] Deparser 'deparser': start
[13:38:16.072] [bmv2] [T] [thread 2075] [6.0] [cxt 0] Skipping checksum 'cksum' update because condition not met
[13:38:16.072] [bmv2] [T] [thread 2075] [6.0] [cxt 0] Skipping checksum 'cksum_0' update because condition not met
[13:38:16.072] [bmv2] [T] [thread 2075] [6.0] [cxt 0] Skipping checksum 'cksum_1' update because condition not met
[13:38:16.072] [bmv2] [D] [thread 2075] [6.0] [cxt 0] Deparsing header 'ethernet'
[13:38:16.072] [bmv2] [D] [thread 2075] [6.0] [cxt 0] Deparser 'deparser': end
[13:38:16.072] [bmv2] [D] [thread 2075] [7.0] [cxt 0] Pipeline 'egress': start
[13:38:16.072] [bmv2] [D] [thread 2075] [7.0] [cxt 0] Pipeline 'egress': end
[13:38:16.072] [bmv2] [D] [thread 2075] [7.0] [cxt 0] Deparser 'deparser': start
[13:38:16.072] [bmv2] [T] [thread 2075] [7.0] [cxt 0] Skipping checksum 'cksum' update because condition not met
[13:38:16.072] [bmv2] [T] [thread 2075] [7.0] [cxt 0] Skipping checksum 'cksum_0' update because condition not met
[13:38:16.072] [bmv2] [T] [thread 2075] [7.0] [cxt 0] Skipping checksum 'cksum_1' update because condition not met
[13:38:16.072] [bmv2] [D] [thread 2075] [7.0] [cxt 0] Deparsing header 'ethernet'
[13:38:16.072] [bmv2] [D] [thread 2075] [7.0] [cxt 0] Deparser 'deparser': end
[13:38:16.072] [bmv2] [D] [thread 2079] [6.0] [cxt 0] Transmitting packet of size 90 out of port 0
[13:38:16.072] [bmv2] [D] [thread 2079] [7.0] [cxt 0] Transmitting packet of size 70 out of port 0
[13:38:16.106] [bmv2] [D] [thread 2073] [8.0] [cxt 0] Processing packet received on port 4
[13:38:16.106] [bmv2] [D] [thread 2073] [8.0] [cxt 0] Parser 'parser': start
[13:38:16.106] [bmv2] [D] [thread 2073] [8.0] [cxt 0] Parser 'parser' entering state 'start'
[13:38:16.106] [bmv2] [D] [thread 2073] [8.0] [cxt 0] Extracting header 'ethernet'
[13:38:16.106] [bmv2] [D] [thread 2073] [8.0] [cxt 0] Parser state 'start': key is 86dd
[13:38:16.106] [bmv2] [T] [thread 2073] [8.0] [cxt 0] Bytes parsed: 14
[13:38:16.106] [bmv2] [D] [thread 2073] [8.0] [cxt 0] Parser 'parser': end
[13:38:16.106] [bmv2] [D] [thread 2073] [8.0] [cxt 0] Pipeline 'ingress': start
[13:38:16.106] [bmv2] [T] [thread 2073] [8.0] [cxt 0] basic.p4(164) Condition "hdr.ipv4.isValid()" (node_2) is false
[13:38:16.106] [bmv2] [D] [thread 2073] [8.0] [cxt 0] Pipeline 'ingress': end
[13:38:16.106] [bmv2] [D] [thread 2073] [8.0] [cxt 0] Egress port is 0
[13:38:16.106] [bmv2] [D] [thread 2075] [8.0] [cxt 0] Pipeline 'egress': start
[13:38:16.106] [bmv2] [D] [thread 2075] [8.0] [cxt 0] Pipeline 'egress': end
[13:38:16.106] [bmv2] [D] [thread 2075] [8.0] [cxt 0] Deparser 'deparser': start
[13:38:16.106] [bmv2] [T] [thread 2075] [8.0] [cxt 0] Skipping checksum 'cksum' update because condition not met
[13:38:16.106] [bmv2] [T] [thread 2075] [8.0] [cxt 0] Skipping checksum 'cksum_0' update because condition not met
[13:38:16.106] [bmv2] [T] [thread 2075] [8.0] [cxt 0] Skipping checksum 'cksum_1' update because condition not met
[13:38:16.106] [bmv2] [D] [thread 2075] [8.0] [cxt 0] Deparsing header 'ethernet'
[13:38:16.106] [bmv2] [D] [thread 2075] [8.0] [cxt 0] Deparser 'deparser': end
[13:38:16.106] [bmv2] [D] [thread 2079] [8.0] [cxt 0] Transmitting packet of size 90 out of port 0
[13:38:16.678] [bmv2] [D] [thread 2073] [9.0] [cxt 0] Processing packet received on port 4
[13:38:16.678] [bmv2] [D] [thread 2073] [9.0] [cxt 0] Parser 'parser': start
[13:38:16.678] [bmv2] [D] [thread 2073] [9.0] [cxt 0] Parser 'parser' entering state 'start'
[13:38:16.678] [bmv2] [D] [thread 2073] [9.0] [cxt 0] Extracting header 'ethernet'
[13:38:16.678] [bmv2] [D] [thread 2073] [9.0] [cxt 0] Parser state 'start': key is 86dd
[13:38:16.678] [bmv2] [T] [thread 2073] [9.0] [cxt 0] Bytes parsed: 14
[13:38:16.678] [bmv2] [D] [thread 2073] [9.0] [cxt 0] Parser 'parser': end
[13:38:16.678] [bmv2] [D] [thread 2073] [9.0] [cxt 0] Pipeline 'ingress': start
[13:38:16.678] [bmv2] [T] [thread 2073] [9.0] [cxt 0] basic.p4(164) Condition "hdr.ipv4.isValid()" (node_2) is false
[13:38:16.678] [bmv2] [D] [thread 2073] [9.0] [cxt 0] Pipeline 'ingress': end
[13:38:16.678] [bmv2] [D] [thread 2073] [9.0] [cxt 0] Egress port is 0
[13:38:16.678] [bmv2] [D] [thread 2075] [9.0] [cxt 0] Pipeline 'egress': start
[13:38:16.678] [bmv2] [D] [thread 2075] [9.0] [cxt 0] Pipeline 'egress': end
[13:38:16.678] [bmv2] [D] [thread 2075] [9.0] [cxt 0] Deparser 'deparser': start
[13:38:16.678] [bmv2] [T] [thread 2075] [9.0] [cxt 0] Skipping checksum 'cksum' update because condition not met
[13:38:16.678] [bmv2] [T] [thread 2075] [9.0] [cxt 0] Skipping checksum 'cksum_0' update because condition not met
[13:38:16.678] [bmv2] [T] [thread 2075] [9.0] [cxt 0] Skipping checksum 'cksum_1' update because condition not met
[13:38:16.678] [bmv2] [D] [thread 2075] [9.0] [cxt 0] Deparsing header 'ethernet'
[13:38:16.678] [bmv2] [D] [thread 2075] [9.0] [cxt 0] Deparser 'deparser': end
[13:38:16.678] [bmv2] [D] [thread 2079] [9.0] [cxt 0] Transmitting packet of size 90 out of port 0
[13:38:16.682] [bmv2] [D] [thread 2073] [10.0] [cxt 0] Processing packet received on port 3
[13:38:16.682] [bmv2] [D] [thread 2073] [10.0] [cxt 0] Parser 'parser': start
[13:38:16.682] [bmv2] [D] [thread 2073] [10.0] [cxt 0] Parser 'parser' entering state 'start'
[13:38:16.682] [bmv2] [D] [thread 2073] [10.0] [cxt 0] Extracting header 'ethernet'
[13:38:16.682] [bmv2] [D] [thread 2073] [10.0] [cxt 0] Parser state 'start': key is 86dd
[13:38:16.682] [bmv2] [T] [thread 2073] [10.0] [cxt 0] Bytes parsed: 14
[13:38:16.682] [bmv2] [D] [thread 2073] [10.0] [cxt 0] Parser 'parser': end
[13:38:16.682] [bmv2] [D] [thread 2073] [10.0] [cxt 0] Pipeline 'ingress': start
[13:38:16.682] [bmv2] [T] [thread 2073] [10.0] [cxt 0] basic.p4(164) Condition "hdr.ipv4.isValid()" (node_2) is false
[13:38:16.682] [bmv2] [D] [thread 2073] [10.0] [cxt 0] Pipeline 'ingress': end
[13:38:16.682] [bmv2] [D] [thread 2073] [10.0] [cxt 0] Egress port is 0
[13:38:16.682] [bmv2] [D] [thread 2075] [10.0] [cxt 0] Pipeline 'egress': start
[13:38:16.682] [bmv2] [D] [thread 2075] [10.0] [cxt 0] Pipeline 'egress': end
[13:38:16.682] [bmv2] [D] [thread 2075] [10.0] [cxt 0] Deparser 'deparser': start
[13:38:16.682] [bmv2] [T] [thread 2075] [10.0] [cxt 0] Skipping checksum 'cksum' update because condition not met
[13:38:16.682] [bmv2] [T] [thread 2075] [10.0] [cxt 0] Skipping checksum 'cksum_0' update because condition not met
[13:38:16.682] [bmv2] [T] [thread 2075] [10.0] [cxt 0] Skipping checksum 'cksum_1' update because condition not met
[13:38:16.682] [bmv2] [D] [thread 2075] [10.0] [cxt 0] Deparsing header 'ethernet'
[13:38:16.682] [bmv2] [D] [thread 2075] [10.0] [cxt 0] Deparser 'deparser': end
[13:38:16.682] [bmv2] [D] [thread 2079] [10.0] [cxt 0] Transmitting packet of size 90 out of port 0
[13:38:16.934] [bmv2] [D] [thread 2073] [11.0] [cxt 0] Processing packet received on port 3
[13:38:16.934] [bmv2] [D] [thread 2073] [11.0] [cxt 0] Parser 'parser': start
[13:38:16.934] [bmv2] [D] [thread 2073] [11.0] [cxt 0] Parser 'parser' entering state 'start'
[13:38:16.934] [bmv2] [D] [thread 2073] [11.0] [cxt 0] Extracting header 'ethernet'
[13:38:16.934] [bmv2] [D] [thread 2073] [11.0] [cxt 0] Parser state 'start': key is 86dd
[13:38:16.934] [bmv2] [T] [thread 2073] [11.0] [cxt 0] Bytes parsed: 14
[13:38:16.934] [bmv2] [D] [thread 2073] [11.0] [cxt 0] Parser 'parser': end
[13:38:16.934] [bmv2] [D] [thread 2073] [11.0] [cxt 0] Pipeline 'ingress': start
[13:38:16.934] [bmv2] [T] [thread 2073] [11.0] [cxt 0] basic.p4(164) Condition "hdr.ipv4.isValid()" (node_2) is false
[13:38:16.934] [bmv2] [D] [thread 2073] [11.0] [cxt 0] Pipeline 'ingress': end
[13:38:16.934] [bmv2] [D] [thread 2073] [11.0] [cxt 0] Egress port is 0
[13:38:16.934] [bmv2] [D] [thread 2075] [11.0] [cxt 0] Pipeline 'egress': start
[13:38:16.934] [bmv2] [D] [thread 2075] [11.0] [cxt 0] Pipeline 'egress': end
[13:38:16.934] [bmv2] [D] [thread 2075] [11.0] [cxt 0] Deparser 'deparser': start
[13:38:16.934] [bmv2] [T] [thread 2075] [11.0] [cxt 0] Skipping checksum 'cksum' update because condition not met
[13:38:16.934] [bmv2] [T] [thread 2075] [11.0] [cxt 0] Skipping checksum 'cksum_0' update because condition not met
[13:38:16.934] [bmv2] [T] [thread 2075] [11.0] [cxt 0] Skipping checksum 'cksum_1' update because condition not met
[13:38:16.934] [bmv2] [D] [thread 2075] [11.0] [cxt 0] Deparsing header 'ethernet'
[13:38:16.934] [bmv2] [D] [thread 2075] [11.0] [cxt 0] Deparser 'deparser': end
[13:38:16.934] [bmv2] [D] [thread 2079] [11.0] [cxt 0] Transmitting packet of size 90 out of port 0
[13:38:18.136] [bmv2] [W] [thread 2178] [P4Runtime] p4::tmp::P4DeviceConfig is deprecated
[13:38:18.139] [bmv2] [D] [thread 2178] Set default default entry for table 'MyIngress.ipv4_lpm': NoAction - 
[13:38:18.141] [bmv2] [D] [thread 2178] simple_switch target has been notified of a config swap
[13:38:18.144] [bmv2] [D] [thread 2179] Set default entry for table 'MyIngress.ipv4_lpm': MyIngress.drop - 
[13:38:18.150] [bmv2] [D] [thread 2178] Entry 0 added to table 'MyIngress.ipv4_lpm'
[13:38:18.150] [bmv2] [D] [thread 2178] Dumping entry 0
Match key:
* hdr.ipv4.dstAddr    : LPM       0a000101/32
Action entry: MyIngress.ipv4_forward - 80000000300,4,

[13:38:18.152] [bmv2] [D] [thread 2179] Entry 1 added to table 'MyIngress.ipv4_lpm'
[13:38:18.152] [bmv2] [D] [thread 2179] Dumping entry 1
Match key:
* hdr.ipv4.dstAddr    : LPM       0a000202/32
Action entry: MyIngress.ipv4_forward - 80000000400,3,

[13:38:18.155] [bmv2] [D] [thread 2178] Entry 2 added to table 'MyIngress.ipv4_lpm'
[13:38:18.155] [bmv2] [D] [thread 2178] Dumping entry 2
Match key:
* hdr.ipv4.dstAddr    : LPM       0a000303/32
Action entry: MyIngress.ipv4_forward - 80000000333,1,

[13:38:18.158] [bmv2] [D] [thread 2179] Entry 3 added to table 'MyIngress.ipv4_lpm'
[13:38:18.158] [bmv2] [D] [thread 2179] Dumping entry 3
Match key:
* hdr.ipv4.dstAddr    : LPM       0a000404/32
Action entry: MyIngress.ipv4_forward - 80000000444,2,

[13:38:19.178] [bmv2] [D] [thread 2073] [12.0] [cxt 0] Processing packet received on port 2
[13:38:19.178] [bmv2] [D] [thread 2073] [12.0] [cxt 0] Parser 'parser': start
[13:38:19.178] [bmv2] [D] [thread 2073] [12.0] [cxt 0] Parser 'parser' entering state 'start'
[13:38:19.178] [bmv2] [D] [thread 2073] [12.0] [cxt 0] Extracting header 'ethernet'
[13:38:19.178] [bmv2] [D] [thread 2073] [12.0] [cxt 0] Parser state 'start': key is 86dd
[13:38:19.178] [bmv2] [T] [thread 2073] [12.0] [cxt 0] Bytes parsed: 14
[13:38:19.178] [bmv2] [D] [thread 2073] [12.0] [cxt 0] Parser 'parser': end
[13:38:19.178] [bmv2] [D] [thread 2073] [12.0] [cxt 0] Pipeline 'ingress': start
[13:38:19.178] [bmv2] [T] [thread 2073] [12.0] [cxt 0] basic.p4(164) Condition "hdr.ipv4.isValid()" (node_2) is false
[13:38:19.178] [bmv2] [D] [thread 2073] [12.0] [cxt 0] Pipeline 'ingress': end
[13:38:19.178] [bmv2] [D] [thread 2073] [12.0] [cxt 0] Egress port is 0
[13:38:19.178] [bmv2] [D] [thread 2073] [13.0] [cxt 0] Processing packet received on port 4
[13:38:19.178] [bmv2] [D] [thread 2073] [13.0] [cxt 0] Parser 'parser': start
[13:38:19.178] [bmv2] [D] [thread 2073] [13.0] [cxt 0] Parser 'parser' entering state 'start'
[13:38:19.178] [bmv2] [D] [thread 2073] [13.0] [cxt 0] Extracting header 'ethernet'
[13:38:19.178] [bmv2] [D] [thread 2073] [13.0] [cxt 0] Parser state 'start': key is 86dd
[13:38:19.178] [bmv2] [T] [thread 2073] [13.0] [cxt 0] Bytes parsed: 14
[13:38:19.178] [bmv2] [D] [thread 2073] [13.0] [cxt 0] Parser 'parser': end
[13:38:19.178] [bmv2] [D] [thread 2073] [13.0] [cxt 0] Pipeline 'ingress': start
[13:38:19.178] [bmv2] [T] [thread 2073] [13.0] [cxt 0] basic.p4(164) Condition "hdr.ipv4.isValid()" (node_2) is false
[13:38:19.178] [bmv2] [D] [thread 2073] [13.0] [cxt 0] Pipeline 'ingress': end
[13:38:19.178] [bmv2] [D] [thread 2073] [13.0] [cxt 0] Egress port is 0
[13:38:19.178] [bmv2] [D] [thread 2075] [12.0] [cxt 0] Pipeline 'egress': start
[13:38:19.178] [bmv2] [D] [thread 2075] [12.0] [cxt 0] Pipeline 'egress': end
[13:38:19.178] [bmv2] [D] [thread 2075] [12.0] [cxt 0] Deparser 'deparser': start
[13:38:19.178] [bmv2] [T] [thread 2075] [12.0] [cxt 0] Skipping checksum 'cksum' update because condition not met
[13:38:19.178] [bmv2] [T] [thread 2075] [12.0] [cxt 0] Skipping checksum 'cksum_0' update because condition not met
[13:38:19.178] [bmv2] [T] [thread 2075] [12.0] [cxt 0] Skipping checksum 'cksum_1' update because condition not met
[13:38:19.178] [bmv2] [D] [thread 2075] [12.0] [cxt 0] Deparsing header 'ethernet'
[13:38:19.178] [bmv2] [D] [thread 2075] [12.0] [cxt 0] Deparser 'deparser': end
[13:38:19.178] [bmv2] [D] [thread 2075] [13.0] [cxt 0] Pipeline 'egress': start
[13:38:19.178] [bmv2] [D] [thread 2075] [13.0] [cxt 0] Pipeline 'egress': end
[13:38:19.178] [bmv2] [D] [thread 2075] [13.0] [cxt 0] Deparser 'deparser': start
[13:38:19.178] [bmv2] [T] [thread 2075] [13.0] [cxt 0] Skipping checksum 'cksum' update because condition not met
[13:38:19.178] [bmv2] [T] [thread 2075] [13.0] [cxt 0] Skipping checksum 'cksum_0' update because condition not met
[13:38:19.178] [bmv2] [T] [thread 2075] [13.0] [cxt 0] Skipping checksum 'cksum_1' update because condition not met
[13:38:19.178] [bmv2] [D] [thread 2075] [13.0] [cxt 0] Deparsing header 'ethernet'
[13:38:19.178] [bmv2] [D] [thread 2075] [13.0] [cxt 0] Deparser 'deparser': end
[13:38:19.178] [bmv2] [D] [thread 2079] [12.0] [cxt 0] Transmitting packet of size 70 out of port 0
[13:38:19.178] [bmv2] [D] [thread 2079] [13.0] [cxt 0] Transmitting packet of size 70 out of port 0
[13:38:19.432] [bmv2] [D] [thread 2073] [14.0] [cxt 0] Processing packet received on port 1
[13:38:19.433] [bmv2] [D] [thread 2073] [14.0] [cxt 0] Parser 'parser': start
[13:38:19.433] [bmv2] [D] [thread 2073] [14.0] [cxt 0] Parser 'parser' entering state 'start'
[13:38:19.433] [bmv2] [D] [thread 2073] [14.0] [cxt 0] Extracting header 'ethernet'
[13:38:19.433] [bmv2] [D] [thread 2073] [14.0] [cxt 0] Parser state 'start': key is 86dd
[13:38:19.433] [bmv2] [T] [thread 2073] [14.0] [cxt 0] Bytes parsed: 14
[13:38:19.433] [bmv2] [D] [thread 2073] [14.0] [cxt 0] Parser 'parser': end
[13:38:19.433] [bmv2] [D] [thread 2073] [14.0] [cxt 0] Pipeline 'ingress': start
[13:38:19.433] [bmv2] [T] [thread 2073] [14.0] [cxt 0] basic.p4(164) Condition "hdr.ipv4.isValid()" (node_2) is false
[13:38:19.433] [bmv2] [D] [thread 2073] [14.0] [cxt 0] Pipeline 'ingress': end
[13:38:19.433] [bmv2] [D] [thread 2073] [14.0] [cxt 0] Egress port is 0
[13:38:19.433] [bmv2] [D] [thread 2075] [14.0] [cxt 0] Pipeline 'egress': start
[13:38:19.433] [bmv2] [D] [thread 2075] [14.0] [cxt 0] Pipeline 'egress': end
[13:38:19.433] [bmv2] [D] [thread 2075] [14.0] [cxt 0] Deparser 'deparser': start
[13:38:19.433] [bmv2] [T] [thread 2075] [14.0] [cxt 0] Skipping checksum 'cksum' update because condition not met
[13:38:19.433] [bmv2] [T] [thread 2075] [14.0] [cxt 0] Skipping checksum 'cksum_0' update because condition not met
[13:38:19.433] [bmv2] [T] [thread 2075] [14.0] [cxt 0] Skipping checksum 'cksum_1' update because condition not met
[13:38:19.433] [bmv2] [D] [thread 2075] [14.0] [cxt 0] Deparsing header 'ethernet'
[13:38:19.433] [bmv2] [D] [thread 2075] [14.0] [cxt 0] Deparser 'deparser': end
[13:38:19.433] [bmv2] [D] [thread 2079] [14.0] [cxt 0] Transmitting packet of size 70 out of port 0
[13:38:19.943] [bmv2] [D] [thread 2073] [15.0] [cxt 0] Processing packet received on port 4
[13:38:19.943] [bmv2] [D] [thread 2073] [15.0] [cxt 0] Parser 'parser': start
[13:38:19.943] [bmv2] [D] [thread 2073] [15.0] [cxt 0] Parser 'parser' entering state 'start'
[13:38:19.943] [bmv2] [D] [thread 2073] [15.0] [cxt 0] Extracting header 'ethernet'
[13:38:19.943] [bmv2] [D] [thread 2073] [15.0] [cxt 0] Parser state 'start': key is 86dd
[13:38:19.943] [bmv2] [T] [thread 2073] [15.0] [cxt 0] Bytes parsed: 14
[13:38:19.943] [bmv2] [D] [thread 2073] [15.0] [cxt 0] Parser 'parser': end
[13:38:19.943] [bmv2] [D] [thread 2073] [15.0] [cxt 0] Pipeline 'ingress': start
[13:38:19.943] [bmv2] [T] [thread 2073] [15.0] [cxt 0] basic.p4(164) Condition "hdr.ipv4.isValid()" (node_2) is false
[13:38:19.943] [bmv2] [D] [thread 2073] [15.0] [cxt 0] Pipeline 'ingress': end
[13:38:19.943] [bmv2] [D] [thread 2073] [15.0] [cxt 0] Egress port is 0
[13:38:19.943] [bmv2] [D] [thread 2075] [15.0] [cxt 0] Pipeline 'egress': start
[13:38:19.943] [bmv2] [D] [thread 2075] [15.0] [cxt 0] Pipeline 'egress': end
[13:38:19.943] [bmv2] [D] [thread 2075] [15.0] [cxt 0] Deparser 'deparser': start
[13:38:19.943] [bmv2] [T] [thread 2075] [15.0] [cxt 0] Skipping checksum 'cksum' update because condition not met
[13:38:19.943] [bmv2] [T] [thread 2075] [15.0] [cxt 0] Skipping checksum 'cksum_0' update because condition not met
[13:38:19.943] [bmv2] [T] [thread 2075] [15.0] [cxt 0] Skipping checksum 'cksum_1' update because condition not met
[13:38:19.943] [bmv2] [D] [thread 2075] [15.0] [cxt 0] Deparsing header 'ethernet'
[13:38:19.943] [bmv2] [D] [thread 2075] [15.0] [cxt 0] Deparser 'deparser': end
[13:38:19.944] [bmv2] [D] [thread 2079] [15.0] [cxt 0] Transmitting packet of size 70 out of port 0
[13:38:20.198] [bmv2] [D] [thread 2073] [16.0] [cxt 0] Processing packet received on port 3
[13:38:20.198] [bmv2] [D] [thread 2073] [16.0] [cxt 0] Parser 'parser': start
[13:38:20.198] [bmv2] [D] [thread 2073] [16.0] [cxt 0] Parser 'parser' entering state 'start'
[13:38:20.198] [bmv2] [D] [thread 2073] [16.0] [cxt 0] Extracting header 'ethernet'
[13:38:20.198] [bmv2] [D] [thread 2073] [16.0] [cxt 0] Parser state 'start': key is 86dd
[13:38:20.198] [bmv2] [T] [thread 2073] [16.0] [cxt 0] Bytes parsed: 14
[13:38:20.198] [bmv2] [D] [thread 2073] [16.0] [cxt 0] Parser 'parser': end
[13:38:20.198] [bmv2] [D] [thread 2073] [16.0] [cxt 0] Pipeline 'ingress': start
[13:38:20.198] [bmv2] [T] [thread 2073] [16.0] [cxt 0] basic.p4(164) Condition "hdr.ipv4.isValid()" (node_2) is false
[13:38:20.198] [bmv2] [D] [thread 2073] [16.0] [cxt 0] Pipeline 'ingress': end
[13:38:20.198] [bmv2] [D] [thread 2073] [16.0] [cxt 0] Egress port is 0
[13:38:20.198] [bmv2] [D] [thread 2075] [16.0] [cxt 0] Pipeline 'egress': start
[13:38:20.198] [bmv2] [D] [thread 2075] [16.0] [cxt 0] Pipeline 'egress': end
[13:38:20.198] [bmv2] [D] [thread 2075] [16.0] [cxt 0] Deparser 'deparser': start
[13:38:20.198] [bmv2] [T] [thread 2075] [16.0] [cxt 0] Skipping checksum 'cksum' update because condition not met
[13:38:20.198] [bmv2] [T] [thread 2075] [16.0] [cxt 0] Skipping checksum 'cksum_0' update because condition not met
[13:38:20.198] [bmv2] [T] [thread 2075] [16.0] [cxt 0] Skipping checksum 'cksum_1' update because condition not met
[13:38:20.198] [bmv2] [D] [thread 2075] [16.0] [cxt 0] Deparsing header 'ethernet'
[13:38:20.198] [bmv2] [D] [thread 2075] [16.0] [cxt 0] Deparser 'deparser': end
[13:38:20.198] [bmv2] [D] [thread 2079] [16.0] [cxt 0] Transmitting packet of size 70 out of port 0
[13:38:20.455] [bmv2] [D] [thread 2073] [17.0] [cxt 0] Processing packet received on port 3
[13:38:20.455] [bmv2] [D] [thread 2073] [17.0] [cxt 0] Parser 'parser': start
[13:38:20.455] [bmv2] [D] [thread 2073] [17.0] [cxt 0] Parser 'parser' entering state 'start'
[13:38:20.455] [bmv2] [D] [thread 2073] [17.0] [cxt 0] Extracting header 'ethernet'
[13:38:20.455] [bmv2] [D] [thread 2073] [17.0] [cxt 0] Parser state 'start': key is 86dd
[13:38:20.455] [bmv2] [T] [thread 2073] [17.0] [cxt 0] Bytes parsed: 14
[13:38:20.455] [bmv2] [D] [thread 2073] [17.0] [cxt 0] Parser 'parser': end
[13:38:20.455] [bmv2] [D] [thread 2073] [17.0] [cxt 0] Pipeline 'ingress': start
[13:38:20.455] [bmv2] [T] [thread 2073] [17.0] [cxt 0] basic.p4(164) Condition "hdr.ipv4.isValid()" (node_2) is false
[13:38:20.455] [bmv2] [D] [thread 2073] [17.0] [cxt 0] Pipeline 'ingress': end
[13:38:20.455] [bmv2] [D] [thread 2073] [17.0] [cxt 0] Egress port is 0
[13:38:20.456] [bmv2] [D] [thread 2075] [17.0] [cxt 0] Pipeline 'egress': start
[13:38:20.456] [bmv2] [D] [thread 2075] [17.0] [cxt 0] Pipeline 'egress': end
[13:38:20.456] [bmv2] [D] [thread 2075] [17.0] [cxt 0] Deparser 'deparser': start
[13:38:20.456] [bmv2] [T] [thread 2075] [17.0] [cxt 0] Skipping checksum 'cksum' update because condition not met
[13:38:20.456] [bmv2] [T] [thread 2075] [17.0] [cxt 0] Skipping checksum 'cksum_0' update because condition not met
[13:38:20.456] [bmv2] [T] [thread 2075] [17.0] [cxt 0] Skipping checksum 'cksum_1' update because condition not met
[13:38:20.456] [bmv2] [D] [thread 2075] [17.0] [cxt 0] Deparsing header 'ethernet'
[13:38:20.456] [bmv2] [D] [thread 2075] [17.0] [cxt 0] Deparser 'deparser': end
[13:38:20.456] [bmv2] [D] [thread 2079] [17.0] [cxt 0] Transmitting packet of size 70 out of port 0
[13:38:26.855] [bmv2] [D] [thread 2073] [18.0] [cxt 0] Processing packet received on port 4
[13:38:26.855] [bmv2] [D] [thread 2073] [18.0] [cxt 0] Parser 'parser': start
[13:38:26.855] [bmv2] [D] [thread 2073] [18.0] [cxt 0] Parser 'parser' entering state 'start'
[13:38:26.855] [bmv2] [D] [thread 2073] [18.0] [cxt 0] Extracting header 'ethernet'
[13:38:26.855] [bmv2] [D] [thread 2073] [18.0] [cxt 0] Parser state 'start': key is 86dd
[13:38:26.855] [bmv2] [T] [thread 2073] [18.0] [cxt 0] Bytes parsed: 14
[13:38:26.855] [bmv2] [D] [thread 2073] [18.0] [cxt 0] Parser 'parser': end
[13:38:26.855] [bmv2] [D] [thread 2073] [18.0] [cxt 0] Pipeline 'ingress': start
[13:38:26.855] [bmv2] [T] [thread 2073] [18.0] [cxt 0] basic.p4(164) Condition "hdr.ipv4.isValid()" (node_2) is false
[13:38:26.855] [bmv2] [D] [thread 2073] [18.0] [cxt 0] Pipeline 'ingress': end
[13:38:26.855] [bmv2] [D] [thread 2073] [18.0] [cxt 0] Egress port is 0
[13:38:26.856] [bmv2] [D] [thread 2075] [18.0] [cxt 0] Pipeline 'egress': start
[13:38:26.856] [bmv2] [D] [thread 2075] [18.0] [cxt 0] Pipeline 'egress': end
[13:38:26.856] [bmv2] [D] [thread 2075] [18.0] [cxt 0] Deparser 'deparser': start
[13:38:26.856] [bmv2] [T] [thread 2075] [18.0] [cxt 0] Skipping checksum 'cksum' update because condition not met
[13:38:26.856] [bmv2] [T] [thread 2075] [18.0] [cxt 0] Skipping checksum 'cksum_0' update because condition not met
[13:38:26.856] [bmv2] [T] [thread 2075] [18.0] [cxt 0] Skipping checksum 'cksum_1' update because condition not met
[13:38:26.856] [bmv2] [D] [thread 2075] [18.0] [cxt 0] Deparsing header 'ethernet'
[13:38:26.856] [bmv2] [D] [thread 2075] [18.0] [cxt 0] Deparser 'deparser': end
[13:38:26.856] [bmv2] [D] [thread 2079] [18.0] [cxt 0] Transmitting packet of size 70 out of port 0
[13:38:27.366] [bmv2] [D] [thread 2073] [19.0] [cxt 0] Processing packet received on port 2
[13:38:27.366] [bmv2] [D] [thread 2073] [19.0] [cxt 0] Parser 'parser': start
[13:38:27.366] [bmv2] [D] [thread 2073] [19.0] [cxt 0] Parser 'parser' entering state 'start'
[13:38:27.366] [bmv2] [D] [thread 2073] [19.0] [cxt 0] Extracting header 'ethernet'
[13:38:27.366] [bmv2] [D] [thread 2073] [19.0] [cxt 0] Parser state 'start': key is 86dd
[13:38:27.366] [bmv2] [T] [thread 2073] [19.0] [cxt 0] Bytes parsed: 14
[13:38:27.366] [bmv2] [D] [thread 2073] [19.0] [cxt 0] Parser 'parser': end
[13:38:27.366] [bmv2] [D] [thread 2073] [19.0] [cxt 0] Pipeline 'ingress': start
[13:38:27.366] [bmv2] [T] [thread 2073] [19.0] [cxt 0] basic.p4(164) Condition "hdr.ipv4.isValid()" (node_2) is false
[13:38:27.366] [bmv2] [D] [thread 2073] [19.0] [cxt 0] Pipeline 'ingress': end
[13:38:27.366] [bmv2] [D] [thread 2073] [19.0] [cxt 0] Egress port is 0
[13:38:27.366] [bmv2] [D] [thread 2075] [19.0] [cxt 0] Pipeline 'egress': start
[13:38:27.366] [bmv2] [D] [thread 2075] [19.0] [cxt 0] Pipeline 'egress': end
[13:38:27.366] [bmv2] [D] [thread 2075] [19.0] [cxt 0] Deparser 'deparser': start
[13:38:27.366] [bmv2] [T] [thread 2075] [19.0] [cxt 0] Skipping checksum 'cksum' update because condition not met
[13:38:27.366] [bmv2] [T] [thread 2075] [19.0] [cxt 0] Skipping checksum 'cksum_0' update because condition not met
[13:38:27.366] [bmv2] [T] [thread 2075] [19.0] [cxt 0] Skipping checksum 'cksum_1' update because condition not met
[13:38:27.366] [bmv2] [D] [thread 2075] [19.0] [cxt 0] Deparsing header 'ethernet'
[13:38:27.366] [bmv2] [D] [thread 2075] [19.0] [cxt 0] Deparser 'deparser': end
[13:38:27.366] [bmv2] [D] [thread 2079] [19.0] [cxt 0] Transmitting packet of size 70 out of port 0
[13:38:27.622] [bmv2] [D] [thread 2073] [20.0] [cxt 0] Processing packet received on port 4
[13:38:27.622] [bmv2] [D] [thread 2073] [20.0] [cxt 0] Parser 'parser': start
[13:38:27.622] [bmv2] [D] [thread 2073] [20.0] [cxt 0] Parser 'parser' entering state 'start'
[13:38:27.622] [bmv2] [D] [thread 2073] [20.0] [cxt 0] Extracting header 'ethernet'
[13:38:27.622] [bmv2] [D] [thread 2073] [20.0] [cxt 0] Parser state 'start': key is 86dd
[13:38:27.622] [bmv2] [T] [thread 2073] [20.0] [cxt 0] Bytes parsed: 14
[13:38:27.622] [bmv2] [D] [thread 2073] [20.0] [cxt 0] Parser 'parser': end
[13:38:27.622] [bmv2] [D] [thread 2073] [20.0] [cxt 0] Pipeline 'ingress': start
[13:38:27.622] [bmv2] [T] [thread 2073] [20.0] [cxt 0] basic.p4(164) Condition "hdr.ipv4.isValid()" (node_2) is false
[13:38:27.622] [bmv2] [D] [thread 2073] [20.0] [cxt 0] Pipeline 'ingress': end
[13:38:27.622] [bmv2] [D] [thread 2073] [20.0] [cxt 0] Egress port is 0
[13:38:27.622] [bmv2] [D] [thread 2075] [20.0] [cxt 0] Pipeline 'egress': start
[13:38:27.622] [bmv2] [D] [thread 2075] [20.0] [cxt 0] Pipeline 'egress': end
[13:38:27.622] [bmv2] [D] [thread 2075] [20.0] [cxt 0] Deparser 'deparser': start
[13:38:27.622] [bmv2] [T] [thread 2075] [20.0] [cxt 0] Skipping checksum 'cksum' update because condition not met
[13:38:27.622] [bmv2] [T] [thread 2075] [20.0] [cxt 0] Skipping checksum 'cksum_0' update because condition not met
[13:38:27.622] [bmv2] [T] [thread 2075] [20.0] [cxt 0] Skipping checksum 'cksum_1' update because condition not met
[13:38:27.622] [bmv2] [D] [thread 2075] [20.0] [cxt 0] Deparsing header 'ethernet'
[13:38:27.622] [bmv2] [D] [thread 2075] [20.0] [cxt 0] Deparser 'deparser': end
[13:38:27.622] [bmv2] [D] [thread 2079] [20.0] [cxt 0] Transmitting packet of size 70 out of port 0
[13:38:28.134] [bmv2] [D] [thread 2073] [21.0] [cxt 0] Processing packet received on port 1
[13:38:28.134] [bmv2] [D] [thread 2073] [21.0] [cxt 0] Parser 'parser': start
[13:38:28.134] [bmv2] [D] [thread 2073] [21.0] [cxt 0] Parser 'parser' entering state 'start'
[13:38:28.134] [bmv2] [D] [thread 2073] [21.0] [cxt 0] Extracting header 'ethernet'
[13:38:28.134] [bmv2] [D] [thread 2073] [21.0] [cxt 0] Parser state 'start': key is 86dd
[13:38:28.134] [bmv2] [T] [thread 2073] [21.0] [cxt 0] Bytes parsed: 14
[13:38:28.134] [bmv2] [D] [thread 2073] [21.0] [cxt 0] Parser 'parser': end
[13:38:28.134] [bmv2] [D] [thread 2073] [21.0] [cxt 0] Pipeline 'ingress': start
[13:38:28.134] [bmv2] [T] [thread 2073] [21.0] [cxt 0] basic.p4(164) Condition "hdr.ipv4.isValid()" (node_2) is false
[13:38:28.134] [bmv2] [D] [thread 2073] [21.0] [cxt 0] Pipeline 'ingress': end
[13:38:28.134] [bmv2] [D] [thread 2073] [21.0] [cxt 0] Egress port is 0
[13:38:28.134] [bmv2] [D] [thread 2075] [21.0] [cxt 0] Pipeline 'egress': start
[13:38:28.134] [bmv2] [D] [thread 2075] [21.0] [cxt 0] Pipeline 'egress': end
[13:38:28.134] [bmv2] [D] [thread 2075] [21.0] [cxt 0] Deparser 'deparser': start
[13:38:28.134] [bmv2] [T] [thread 2075] [21.0] [cxt 0] Skipping checksum 'cksum' update because condition not met
[13:38:28.134] [bmv2] [T] [thread 2075] [21.0] [cxt 0] Skipping checksum 'cksum_0' update because condition not met
[13:38:28.134] [bmv2] [T] [thread 2075] [21.0] [cxt 0] Skipping checksum 'cksum_1' update because condition not met
[13:38:28.134] [bmv2] [D] [thread 2075] [21.0] [cxt 0] Deparsing header 'ethernet'
[13:38:28.134] [bmv2] [D] [thread 2075] [21.0] [cxt 0] Deparser 'deparser': end
[13:38:28.134] [bmv2] [D] [thread 2079] [21.0] [cxt 0] Transmitting packet of size 70 out of port 0
[13:38:29.158] [bmv2] [D] [thread 2073] [22.0] [cxt 0] Processing packet received on port 3
[13:38:29.158] [bmv2] [D] [thread 2073] [22.0] [cxt 0] Parser 'parser': start
[13:38:29.158] [bmv2] [D] [thread 2073] [22.0] [cxt 0] Parser 'parser' entering state 'start'
[13:38:29.158] [bmv2] [D] [thread 2073] [22.0] [cxt 0] Extracting header 'ethernet'
[13:38:29.158] [bmv2] [D] [thread 2073] [22.0] [cxt 0] Parser state 'start': key is 86dd
[13:38:29.158] [bmv2] [T] [thread 2073] [22.0] [cxt 0] Bytes parsed: 14
[13:38:29.158] [bmv2] [D] [thread 2073] [22.0] [cxt 0] Parser 'parser': end
[13:38:29.158] [bmv2] [D] [thread 2073] [22.0] [cxt 0] Pipeline 'ingress': start
[13:38:29.158] [bmv2] [T] [thread 2073] [22.0] [cxt 0] basic.p4(164) Condition "hdr.ipv4.isValid()" (node_2) is false
[13:38:29.158] [bmv2] [D] [thread 2073] [22.0] [cxt 0] Pipeline 'ingress': end
[13:38:29.158] [bmv2] [D] [thread 2073] [22.0] [cxt 0] Egress port is 0
[13:38:29.158] [bmv2] [D] [thread 2073] [23.0] [cxt 0] Processing packet received on port 3
[13:38:29.158] [bmv2] [D] [thread 2073] [23.0] [cxt 0] Parser 'parser': start
[13:38:29.158] [bmv2] [D] [thread 2073] [23.0] [cxt 0] Parser 'parser' entering state 'start'
[13:38:29.158] [bmv2] [D] [thread 2073] [23.0] [cxt 0] Extracting header 'ethernet'
[13:38:29.158] [bmv2] [D] [thread 2073] [23.0] [cxt 0] Parser state 'start': key is 86dd
[13:38:29.158] [bmv2] [T] [thread 2073] [23.0] [cxt 0] Bytes parsed: 14
[13:38:29.158] [bmv2] [D] [thread 2073] [23.0] [cxt 0] Parser 'parser': end
[13:38:29.158] [bmv2] [D] [thread 2073] [23.0] [cxt 0] Pipeline 'ingress': start
[13:38:29.158] [bmv2] [T] [thread 2073] [23.0] [cxt 0] basic.p4(164) Condition "hdr.ipv4.isValid()" (node_2) is false
[13:38:29.158] [bmv2] [D] [thread 2073] [23.0] [cxt 0] Pipeline 'ingress': end
[13:38:29.158] [bmv2] [D] [thread 2073] [23.0] [cxt 0] Egress port is 0
[13:38:29.158] [bmv2] [D] [thread 2075] [22.0] [cxt 0] Pipeline 'egress': start
[13:38:29.158] [bmv2] [D] [thread 2075] [22.0] [cxt 0] Pipeline 'egress': end
[13:38:29.158] [bmv2] [D] [thread 2075] [22.0] [cxt 0] Deparser 'deparser': start
[13:38:29.158] [bmv2] [T] [thread 2075] [22.0] [cxt 0] Skipping checksum 'cksum' update because condition not met
[13:38:29.158] [bmv2] [T] [thread 2075] [22.0] [cxt 0] Skipping checksum 'cksum_0' update because condition not met
[13:38:29.158] [bmv2] [T] [thread 2075] [22.0] [cxt 0] Skipping checksum 'cksum_1' update because condition not met
[13:38:29.158] [bmv2] [D] [thread 2075] [22.0] [cxt 0] Deparsing header 'ethernet'
[13:38:29.158] [bmv2] [D] [thread 2075] [22.0] [cxt 0] Deparser 'deparser': end
[13:38:29.158] [bmv2] [D] [thread 2075] [23.0] [cxt 0] Pipeline 'egress': start
[13:38:29.158] [bmv2] [D] [thread 2075] [23.0] [cxt 0] Pipeline 'egress': end
[13:38:29.158] [bmv2] [D] [thread 2075] [23.0] [cxt 0] Deparser 'deparser': start
[13:38:29.158] [bmv2] [T] [thread 2075] [23.0] [cxt 0] Skipping checksum 'cksum' update because condition not met
[13:38:29.158] [bmv2] [T] [thread 2075] [23.0] [cxt 0] Skipping checksum 'cksum_0' update because condition not met
[13:38:29.158] [bmv2] [T] [thread 2075] [23.0] [cxt 0] Skipping checksum 'cksum_1' update because condition not met
[13:38:29.158] [bmv2] [D] [thread 2075] [23.0] [cxt 0] Deparsing header 'ethernet'
[13:38:29.158] [bmv2] [D] [thread 2075] [23.0] [cxt 0] Deparser 'deparser': end
[13:38:29.158] [bmv2] [D] [thread 2079] [22.0] [cxt 0] Transmitting packet of size 70 out of port 0
[13:38:29.158] [bmv2] [D] [thread 2079] [23.0] [cxt 0] Transmitting packet of size 70 out of port 0
[13:38:41.702] [bmv2] [D] [thread 2073] [24.0] [cxt 0] Processing packet received on port 4
[13:38:41.702] [bmv2] [D] [thread 2073] [24.0] [cxt 0] Parser 'parser': start
[13:38:41.702] [bmv2] [D] [thread 2073] [24.0] [cxt 0] Parser 'parser' entering state 'start'
[13:38:41.702] [bmv2] [D] [thread 2073] [24.0] [cxt 0] Extracting header 'ethernet'
[13:38:41.702] [bmv2] [D] [thread 2073] [24.0] [cxt 0] Parser state 'start': key is 86dd
[13:38:41.702] [bmv2] [T] [thread 2073] [24.0] [cxt 0] Bytes parsed: 14
[13:38:41.702] [bmv2] [D] [thread 2073] [24.0] [cxt 0] Parser 'parser': end
[13:38:41.702] [bmv2] [D] [thread 2073] [24.0] [cxt 0] Pipeline 'ingress': start
[13:38:41.702] [bmv2] [T] [thread 2073] [24.0] [cxt 0] basic.p4(164) Condition "hdr.ipv4.isValid()" (node_2) is false
[13:38:41.702] [bmv2] [D] [thread 2073] [24.0] [cxt 0] Pipeline 'ingress': end
[13:38:41.702] [bmv2] [D] [thread 2073] [24.0] [cxt 0] Egress port is 0
[13:38:41.702] [bmv2] [D] [thread 2075] [24.0] [cxt 0] Pipeline 'egress': start
[13:38:41.702] [bmv2] [D] [thread 2075] [24.0] [cxt 0] Pipeline 'egress': end
[13:38:41.702] [bmv2] [D] [thread 2075] [24.0] [cxt 0] Deparser 'deparser': start
[13:38:41.702] [bmv2] [T] [thread 2075] [24.0] [cxt 0] Skipping checksum 'cksum' update because condition not met
[13:38:41.702] [bmv2] [T] [thread 2075] [24.0] [cxt 0] Skipping checksum 'cksum_0' update because condition not met
[13:38:41.702] [bmv2] [T] [thread 2075] [24.0] [cxt 0] Skipping checksum 'cksum_1' update because condition not met
[13:38:41.702] [bmv2] [D] [thread 2075] [24.0] [cxt 0] Deparsing header 'ethernet'
[13:38:41.702] [bmv2] [D] [thread 2075] [24.0] [cxt 0] Deparser 'deparser': end
[13:38:41.702] [bmv2] [D] [thread 2079] [24.0] [cxt 0] Transmitting packet of size 70 out of port 0
[13:38:42.726] [bmv2] [D] [thread 2073] [25.0] [cxt 0] Processing packet received on port 4
[13:38:42.726] [bmv2] [D] [thread 2073] [25.0] [cxt 0] Parser 'parser': start
[13:38:42.726] [bmv2] [D] [thread 2073] [25.0] [cxt 0] Parser 'parser' entering state 'start'
[13:38:42.726] [bmv2] [D] [thread 2073] [25.0] [cxt 0] Extracting header 'ethernet'
[13:38:42.726] [bmv2] [D] [thread 2073] [25.0] [cxt 0] Parser state 'start': key is 86dd
[13:38:42.726] [bmv2] [T] [thread 2073] [25.0] [cxt 0] Bytes parsed: 14
[13:38:42.726] [bmv2] [D] [thread 2073] [25.0] [cxt 0] Parser 'parser': end
[13:38:42.726] [bmv2] [D] [thread 2073] [25.0] [cxt 0] Pipeline 'ingress': start
[13:38:42.726] [bmv2] [T] [thread 2073] [25.0] [cxt 0] basic.p4(164) Condition "hdr.ipv4.isValid()" (node_2) is false
[13:38:42.726] [bmv2] [D] [thread 2073] [25.0] [cxt 0] Pipeline 'ingress': end
[13:38:42.726] [bmv2] [D] [thread 2073] [25.0] [cxt 0] Egress port is 0
[13:38:42.726] [bmv2] [D] [thread 2075] [25.0] [cxt 0] Pipeline 'egress': start
[13:38:42.726] [bmv2] [D] [thread 2075] [25.0] [cxt 0] Pipeline 'egress': end
[13:38:42.726] [bmv2] [D] [thread 2075] [25.0] [cxt 0] Deparser 'deparser': start
[13:38:42.726] [bmv2] [T] [thread 2075] [25.0] [cxt 0] Skipping checksum 'cksum' update because condition not met
[13:38:42.726] [bmv2] [T] [thread 2075] [25.0] [cxt 0] Skipping checksum 'cksum_0' update because condition not met
[13:38:42.726] [bmv2] [T] [thread 2075] [25.0] [cxt 0] Skipping checksum 'cksum_1' update because condition not met
[13:38:42.726] [bmv2] [D] [thread 2075] [25.0] [cxt 0] Deparsing header 'ethernet'
[13:38:42.726] [bmv2] [D] [thread 2075] [25.0] [cxt 0] Deparser 'deparser': end
[13:38:42.726] [bmv2] [D] [thread 2079] [25.0] [cxt 0] Transmitting packet of size 70 out of port 0
[13:38:45.542] [bmv2] [D] [thread 2073] [26.0] [cxt 0] Processing packet received on port 2
[13:38:45.542] [bmv2] [D] [thread 2073] [26.0] [cxt 0] Parser 'parser': start
[13:38:45.542] [bmv2] [D] [thread 2073] [26.0] [cxt 0] Parser 'parser' entering state 'start'
[13:38:45.542] [bmv2] [D] [thread 2073] [26.0] [cxt 0] Extracting header 'ethernet'
[13:38:45.542] [bmv2] [D] [thread 2073] [26.0] [cxt 0] Parser state 'start': key is 86dd
[13:38:45.542] [bmv2] [T] [thread 2073] [26.0] [cxt 0] Bytes parsed: 14
[13:38:45.542] [bmv2] [D] [thread 2073] [26.0] [cxt 0] Parser 'parser': end
[13:38:45.542] [bmv2] [D] [thread 2073] [26.0] [cxt 0] Pipeline 'ingress': start
[13:38:45.542] [bmv2] [T] [thread 2073] [26.0] [cxt 0] basic.p4(164) Condition "hdr.ipv4.isValid()" (node_2) is false
[13:38:45.542] [bmv2] [D] [thread 2073] [26.0] [cxt 0] Pipeline 'ingress': end
[13:38:45.542] [bmv2] [D] [thread 2073] [26.0] [cxt 0] Egress port is 0
[13:38:45.542] [bmv2] [D] [thread 2075] [26.0] [cxt 0] Pipeline 'egress': start
[13:38:45.542] [bmv2] [D] [thread 2075] [26.0] [cxt 0] Pipeline 'egress': end
[13:38:45.542] [bmv2] [D] [thread 2075] [26.0] [cxt 0] Deparser 'deparser': start
[13:38:45.542] [bmv2] [T] [thread 2075] [26.0] [cxt 0] Skipping checksum 'cksum' update because condition not met
[13:38:45.542] [bmv2] [T] [thread 2075] [26.0] [cxt 0] Skipping checksum 'cksum_0' update because condition not met
[13:38:45.542] [bmv2] [T] [thread 2075] [26.0] [cxt 0] Skipping checksum 'cksum_1' update because condition not met
[13:38:45.542] [bmv2] [D] [thread 2075] [26.0] [cxt 0] Deparsing header 'ethernet'
[13:38:45.542] [bmv2] [D] [thread 2075] [26.0] [cxt 0] Deparser 'deparser': end
[13:38:45.542] [bmv2] [D] [thread 2079] [26.0] [cxt 0] Transmitting packet of size 70 out of port 0
[13:38:47.590] [bmv2] [D] [thread 2073] [27.0] [cxt 0] Processing packet received on port 1
[13:38:47.590] [bmv2] [D] [thread 2073] [27.0] [cxt 0] Parser 'parser': start
[13:38:47.590] [bmv2] [D] [thread 2073] [27.0] [cxt 0] Parser 'parser' entering state 'start'
[13:38:47.590] [bmv2] [D] [thread 2073] [27.0] [cxt 0] Extracting header 'ethernet'
[13:38:47.590] [bmv2] [D] [thread 2073] [27.0] [cxt 0] Parser state 'start': key is 86dd
[13:38:47.590] [bmv2] [T] [thread 2073] [27.0] [cxt 0] Bytes parsed: 14
[13:38:47.590] [bmv2] [D] [thread 2073] [27.0] [cxt 0] Parser 'parser': end
[13:38:47.590] [bmv2] [D] [thread 2073] [27.0] [cxt 0] Pipeline 'ingress': start
[13:38:47.590] [bmv2] [T] [thread 2073] [27.0] [cxt 0] basic.p4(164) Condition "hdr.ipv4.isValid()" (node_2) is false
[13:38:47.590] [bmv2] [D] [thread 2073] [27.0] [cxt 0] Pipeline 'ingress': end
[13:38:47.590] [bmv2] [D] [thread 2073] [27.0] [cxt 0] Egress port is 0
[13:38:47.590] [bmv2] [D] [thread 2073] [28.0] [cxt 0] Processing packet received on port 3
[13:38:47.590] [bmv2] [D] [thread 2073] [28.0] [cxt 0] Parser 'parser': start
[13:38:47.590] [bmv2] [D] [thread 2073] [28.0] [cxt 0] Parser 'parser' entering state 'start'
[13:38:47.590] [bmv2] [D] [thread 2073] [28.0] [cxt 0] Extracting header 'ethernet'
[13:38:47.590] [bmv2] [D] [thread 2073] [28.0] [cxt 0] Parser state 'start': key is 86dd
[13:38:47.590] [bmv2] [T] [thread 2073] [28.0] [cxt 0] Bytes parsed: 14
[13:38:47.590] [bmv2] [D] [thread 2073] [28.0] [cxt 0] Parser 'parser': end
[13:38:47.590] [bmv2] [D] [thread 2073] [28.0] [cxt 0] Pipeline 'ingress': start
[13:38:47.590] [bmv2] [T] [thread 2073] [28.0] [cxt 0] basic.p4(164) Condition "hdr.ipv4.isValid()" (node_2) is false
[13:38:47.590] [bmv2] [D] [thread 2073] [28.0] [cxt 0] Pipeline 'ingress': end
[13:38:47.590] [bmv2] [D] [thread 2073] [28.0] [cxt 0] Egress port is 0
[13:38:47.590] [bmv2] [D] [thread 2073] [29.0] [cxt 0] Processing packet received on port 3
[13:38:47.590] [bmv2] [D] [thread 2073] [29.0] [cxt 0] Parser 'parser': start
[13:38:47.590] [bmv2] [D] [thread 2073] [29.0] [cxt 0] Parser 'parser' entering state 'start'
[13:38:47.590] [bmv2] [D] [thread 2073] [29.0] [cxt 0] Extracting header 'ethernet'
[13:38:47.590] [bmv2] [D] [thread 2073] [29.0] [cxt 0] Parser state 'start': key is 86dd
[13:38:47.590] [bmv2] [T] [thread 2073] [29.0] [cxt 0] Bytes parsed: 14
[13:38:47.590] [bmv2] [D] [thread 2073] [29.0] [cxt 0] Parser 'parser': end
[13:38:47.590] [bmv2] [D] [thread 2073] [29.0] [cxt 0] Pipeline 'ingress': start
[13:38:47.590] [bmv2] [T] [thread 2073] [29.0] [cxt 0] basic.p4(164) Condition "hdr.ipv4.isValid()" (node_2) is false
[13:38:47.590] [bmv2] [D] [thread 2073] [29.0] [cxt 0] Pipeline 'ingress': end
[13:38:47.590] [bmv2] [D] [thread 2073] [29.0] [cxt 0] Egress port is 0
[13:38:47.590] [bmv2] [D] [thread 2075] [27.0] [cxt 0] Pipeline 'egress': start
[13:38:47.590] [bmv2] [D] [thread 2075] [27.0] [cxt 0] Pipeline 'egress': end
[13:38:47.590] [bmv2] [D] [thread 2075] [27.0] [cxt 0] Deparser 'deparser': start
[13:38:47.590] [bmv2] [T] [thread 2075] [27.0] [cxt 0] Skipping checksum 'cksum' update because condition not met
[13:38:47.591] [bmv2] [T] [thread 2075] [27.0] [cxt 0] Skipping checksum 'cksum_0' update because condition not met
[13:38:47.591] [bmv2] [T] [thread 2075] [27.0] [cxt 0] Skipping checksum 'cksum_1' update because condition not met
[13:38:47.591] [bmv2] [D] [thread 2075] [27.0] [cxt 0] Deparsing header 'ethernet'
[13:38:47.591] [bmv2] [D] [thread 2075] [27.0] [cxt 0] Deparser 'deparser': end
[13:38:47.591] [bmv2] [D] [thread 2075] [28.0] [cxt 0] Pipeline 'egress': start
[13:38:47.591] [bmv2] [D] [thread 2075] [28.0] [cxt 0] Pipeline 'egress': end
[13:38:47.591] [bmv2] [D] [thread 2075] [28.0] [cxt 0] Deparser 'deparser': start
[13:38:47.591] [bmv2] [T] [thread 2075] [28.0] [cxt 0] Skipping checksum 'cksum' update because condition not met
[13:38:47.591] [bmv2] [T] [thread 2075] [28.0] [cxt 0] Skipping checksum 'cksum_0' update because condition not met
[13:38:47.591] [bmv2] [T] [thread 2075] [28.0] [cxt 0] Skipping checksum 'cksum_1' update because condition not met
[13:38:47.591] [bmv2] [D] [thread 2075] [28.0] [cxt 0] Deparsing header 'ethernet'
[13:38:47.591] [bmv2] [D] [thread 2075] [28.0] [cxt 0] Deparser 'deparser': end
[13:38:47.591] [bmv2] [D] [thread 2075] [29.0] [cxt 0] Pipeline 'egress': start
[13:38:47.591] [bmv2] [D] [thread 2075] [29.0] [cxt 0] Pipeline 'egress': end
[13:38:47.591] [bmv2] [D] [thread 2075] [29.0] [cxt 0] Deparser 'deparser': start
[13:38:47.591] [bmv2] [D] [thread 2079] [27.0] [cxt 0] Transmitting packet of size 70 out of port 0
[13:38:47.591] [bmv2] [D] [thread 2079] [28.0] [cxt 0] Transmitting packet of size 70 out of port 0
[13:38:47.591] [bmv2] [T] [thread 2075] [29.0] [cxt 0] Skipping checksum 'cksum' update because condition not met
[13:38:47.591] [bmv2] [T] [thread 2075] [29.0] [cxt 0] Skipping checksum 'cksum_0' update because condition not met
[13:38:47.591] [bmv2] [T] [thread 2075] [29.0] [cxt 0] Skipping checksum 'cksum_1' update because condition not met
[13:38:47.591] [bmv2] [D] [thread 2075] [29.0] [cxt 0] Deparsing header 'ethernet'
[13:38:47.591] [bmv2] [D] [thread 2075] [29.0] [cxt 0] Deparser 'deparser': end
[13:38:47.591] [bmv2] [D] [thread 2079] [29.0] [cxt 0] Transmitting packet of size 70 out of port 0
[13:39:12.166] [bmv2] [D] [thread 2073] [30.0] [cxt 0] Processing packet received on port 4
[13:39:12.166] [bmv2] [D] [thread 2073] [30.0] [cxt 0] Parser 'parser': start
[13:39:12.166] [bmv2] [D] [thread 2073] [30.0] [cxt 0] Parser 'parser' entering state 'start'
[13:39:12.166] [bmv2] [D] [thread 2073] [30.0] [cxt 0] Extracting header 'ethernet'
[13:39:12.166] [bmv2] [D] [thread 2073] [30.0] [cxt 0] Parser state 'start': key is 86dd
[13:39:12.166] [bmv2] [T] [thread 2073] [30.0] [cxt 0] Bytes parsed: 14
[13:39:12.166] [bmv2] [D] [thread 2073] [30.0] [cxt 0] Parser 'parser': end
[13:39:12.166] [bmv2] [D] [thread 2073] [30.0] [cxt 0] Pipeline 'ingress': start
[13:39:12.166] [bmv2] [T] [thread 2073] [30.0] [cxt 0] basic.p4(164) Condition "hdr.ipv4.isValid()" (node_2) is false
[13:39:12.166] [bmv2] [D] [thread 2073] [30.0] [cxt 0] Pipeline 'ingress': end
[13:39:12.166] [bmv2] [D] [thread 2073] [30.0] [cxt 0] Egress port is 0
[13:39:12.166] [bmv2] [D] [thread 2075] [30.0] [cxt 0] Pipeline 'egress': start
[13:39:12.166] [bmv2] [D] [thread 2075] [30.0] [cxt 0] Pipeline 'egress': end
[13:39:12.166] [bmv2] [D] [thread 2075] [30.0] [cxt 0] Deparser 'deparser': start
[13:39:12.166] [bmv2] [T] [thread 2075] [30.0] [cxt 0] Skipping checksum 'cksum' update because condition not met
[13:39:12.166] [bmv2] [T] [thread 2075] [30.0] [cxt 0] Skipping checksum 'cksum_0' update because condition not met
[13:39:12.166] [bmv2] [T] [thread 2075] [30.0] [cxt 0] Skipping checksum 'cksum_1' update because condition not met
[13:39:12.166] [bmv2] [D] [thread 2075] [30.0] [cxt 0] Deparsing header 'ethernet'
[13:39:12.166] [bmv2] [D] [thread 2075] [30.0] [cxt 0] Deparser 'deparser': end
[13:39:12.166] [bmv2] [D] [thread 2079] [30.0] [cxt 0] Transmitting packet of size 70 out of port 0
[13:39:14.215] [bmv2] [D] [thread 2073] [31.0] [cxt 0] Processing packet received on port 4
[13:39:14.215] [bmv2] [D] [thread 2073] [31.0] [cxt 0] Parser 'parser': start
[13:39:14.215] [bmv2] [D] [thread 2073] [31.0] [cxt 0] Parser 'parser' entering state 'start'
[13:39:14.215] [bmv2] [D] [thread 2073] [31.0] [cxt 0] Extracting header 'ethernet'
[13:39:14.215] [bmv2] [D] [thread 2073] [31.0] [cxt 0] Parser state 'start': key is 86dd
[13:39:14.215] [bmv2] [T] [thread 2073] [31.0] [cxt 0] Bytes parsed: 14
[13:39:14.215] [bmv2] [D] [thread 2073] [31.0] [cxt 0] Parser 'parser': end
[13:39:14.215] [bmv2] [D] [thread 2073] [31.0] [cxt 0] Pipeline 'ingress': start
[13:39:14.215] [bmv2] [T] [thread 2073] [31.0] [cxt 0] basic.p4(164) Condition "hdr.ipv4.isValid()" (node_2) is false
[13:39:14.215] [bmv2] [D] [thread 2073] [31.0] [cxt 0] Pipeline 'ingress': end
[13:39:14.215] [bmv2] [D] [thread 2073] [31.0] [cxt 0] Egress port is 0
[13:39:14.215] [bmv2] [D] [thread 2075] [31.0] [cxt 0] Pipeline 'egress': start
[13:39:14.215] [bmv2] [D] [thread 2075] [31.0] [cxt 0] Pipeline 'egress': end
[13:39:14.215] [bmv2] [D] [thread 2075] [31.0] [cxt 0] Deparser 'deparser': start
[13:39:14.215] [bmv2] [T] [thread 2075] [31.0] [cxt 0] Skipping checksum 'cksum' update because condition not met
[13:39:14.215] [bmv2] [T] [thread 2075] [31.0] [cxt 0] Skipping checksum 'cksum_0' update because condition not met
[13:39:14.215] [bmv2] [T] [thread 2075] [31.0] [cxt 0] Skipping checksum 'cksum_1' update because condition not met
[13:39:14.215] [bmv2] [D] [thread 2075] [31.0] [cxt 0] Deparsing header 'ethernet'
[13:39:14.215] [bmv2] [D] [thread 2075] [31.0] [cxt 0] Deparser 'deparser': end
[13:39:14.215] [bmv2] [D] [thread 2079] [31.0] [cxt 0] Transmitting packet of size 70 out of port 0
[13:39:20.357] [bmv2] [D] [thread 2073] [32.0] [cxt 0] Processing packet received on port 2
[13:39:20.357] [bmv2] [D] [thread 2073] [32.0] [cxt 0] Parser 'parser': start
[13:39:20.357] [bmv2] [D] [thread 2073] [32.0] [cxt 0] Parser 'parser' entering state 'start'
[13:39:20.357] [bmv2] [D] [thread 2073] [32.0] [cxt 0] Extracting header 'ethernet'
[13:39:20.357] [bmv2] [D] [thread 2073] [32.0] [cxt 0] Parser state 'start': key is 86dd
[13:39:20.357] [bmv2] [T] [thread 2073] [32.0] [cxt 0] Bytes parsed: 14
[13:39:20.357] [bmv2] [D] [thread 2073] [32.0] [cxt 0] Parser 'parser': end
[13:39:20.357] [bmv2] [D] [thread 2073] [32.0] [cxt 0] Pipeline 'ingress': start
[13:39:20.357] [bmv2] [T] [thread 2073] [32.0] [cxt 0] basic.p4(164) Condition "hdr.ipv4.isValid()" (node_2) is false
[13:39:20.357] [bmv2] [D] [thread 2073] [32.0] [cxt 0] Pipeline 'ingress': end
[13:39:20.357] [bmv2] [D] [thread 2073] [32.0] [cxt 0] Egress port is 0
[13:39:20.357] [bmv2] [D] [thread 2075] [32.0] [cxt 0] Pipeline 'egress': start
[13:39:20.357] [bmv2] [D] [thread 2075] [32.0] [cxt 0] Pipeline 'egress': end
[13:39:20.357] [bmv2] [D] [thread 2075] [32.0] [cxt 0] Deparser 'deparser': start
[13:39:20.357] [bmv2] [T] [thread 2075] [32.0] [cxt 0] Skipping checksum 'cksum' update because condition not met
[13:39:20.357] [bmv2] [T] [thread 2075] [32.0] [cxt 0] Skipping checksum 'cksum_0' update because condition not met
[13:39:20.357] [bmv2] [T] [thread 2075] [32.0] [cxt 0] Skipping checksum 'cksum_1' update because condition not met
[13:39:20.357] [bmv2] [D] [thread 2075] [32.0] [cxt 0] Deparsing header 'ethernet'
[13:39:20.357] [bmv2] [D] [thread 2075] [32.0] [cxt 0] Deparser 'deparser': end
[13:39:20.357] [bmv2] [D] [thread 2079] [32.0] [cxt 0] Transmitting packet of size 70 out of port 0
[13:39:20.358] [bmv2] [D] [thread 2073] [33.0] [cxt 0] Processing packet received on port 3
[13:39:20.358] [bmv2] [D] [thread 2073] [33.0] [cxt 0] Parser 'parser': start
[13:39:20.358] [bmv2] [D] [thread 2073] [33.0] [cxt 0] Parser 'parser' entering state 'start'
[13:39:20.358] [bmv2] [D] [thread 2073] [33.0] [cxt 0] Extracting header 'ethernet'
[13:39:20.358] [bmv2] [D] [thread 2073] [33.0] [cxt 0] Parser state 'start': key is 86dd
[13:39:20.358] [bmv2] [T] [thread 2073] [33.0] [cxt 0] Bytes parsed: 14
[13:39:20.358] [bmv2] [D] [thread 2073] [33.0] [cxt 0] Parser 'parser': end
[13:39:20.358] [bmv2] [D] [thread 2073] [33.0] [cxt 0] Pipeline 'ingress': start
[13:39:20.358] [bmv2] [T] [thread 2073] [33.0] [cxt 0] basic.p4(164) Condition "hdr.ipv4.isValid()" (node_2) is false
[13:39:20.358] [bmv2] [D] [thread 2073] [33.0] [cxt 0] Pipeline 'ingress': end
[13:39:20.358] [bmv2] [D] [thread 2073] [33.0] [cxt 0] Egress port is 0
[13:39:20.358] [bmv2] [D] [thread 2075] [33.0] [cxt 0] Pipeline 'egress': start
[13:39:20.358] [bmv2] [D] [thread 2075] [33.0] [cxt 0] Pipeline 'egress': end
[13:39:20.358] [bmv2] [D] [thread 2075] [33.0] [cxt 0] Deparser 'deparser': start
[13:39:20.358] [bmv2] [T] [thread 2075] [33.0] [cxt 0] Skipping checksum 'cksum' update because condition not met
[13:39:20.358] [bmv2] [T] [thread 2075] [33.0] [cxt 0] Skipping checksum 'cksum_0' update because condition not met
[13:39:20.358] [bmv2] [T] [thread 2075] [33.0] [cxt 0] Skipping checksum 'cksum_1' update because condition not met
[13:39:20.358] [bmv2] [D] [thread 2075] [33.0] [cxt 0] Deparsing header 'ethernet'
[13:39:20.358] [bmv2] [D] [thread 2075] [33.0] [cxt 0] Deparser 'deparser': end
[13:39:20.358] [bmv2] [D] [thread 2079] [33.0] [cxt 0] Transmitting packet of size 70 out of port 0
[13:39:22.405] [bmv2] [D] [thread 2073] [34.0] [cxt 0] Processing packet received on port 1
[13:39:22.405] [bmv2] [D] [thread 2073] [34.0] [cxt 0] Parser 'parser': start
[13:39:22.405] [bmv2] [D] [thread 2073] [34.0] [cxt 0] Parser 'parser' entering state 'start'
[13:39:22.405] [bmv2] [D] [thread 2073] [34.0] [cxt 0] Extracting header 'ethernet'
[13:39:22.405] [bmv2] [D] [thread 2073] [34.0] [cxt 0] Parser state 'start': key is 86dd
[13:39:22.405] [bmv2] [T] [thread 2073] [34.0] [cxt 0] Bytes parsed: 14
[13:39:22.405] [bmv2] [D] [thread 2073] [34.0] [cxt 0] Parser 'parser': end
[13:39:22.405] [bmv2] [D] [thread 2073] [34.0] [cxt 0] Pipeline 'ingress': start
[13:39:22.405] [bmv2] [T] [thread 2073] [34.0] [cxt 0] basic.p4(164) Condition "hdr.ipv4.isValid()" (node_2) is false
[13:39:22.405] [bmv2] [D] [thread 2073] [34.0] [cxt 0] Pipeline 'ingress': end
[13:39:22.405] [bmv2] [D] [thread 2073] [34.0] [cxt 0] Egress port is 0
[13:39:22.405] [bmv2] [D] [thread 2075] [34.0] [cxt 0] Pipeline 'egress': start
[13:39:22.405] [bmv2] [D] [thread 2075] [34.0] [cxt 0] Pipeline 'egress': end
[13:39:22.405] [bmv2] [D] [thread 2075] [34.0] [cxt 0] Deparser 'deparser': start
[13:39:22.405] [bmv2] [T] [thread 2075] [34.0] [cxt 0] Skipping checksum 'cksum' update because condition not met
[13:39:22.405] [bmv2] [T] [thread 2075] [34.0] [cxt 0] Skipping checksum 'cksum_0' update because condition not met
[13:39:22.405] [bmv2] [T] [thread 2075] [34.0] [cxt 0] Skipping checksum 'cksum_1' update because condition not met
[13:39:22.405] [bmv2] [D] [thread 2075] [34.0] [cxt 0] Deparsing header 'ethernet'
[13:39:22.405] [bmv2] [D] [thread 2075] [34.0] [cxt 0] Deparser 'deparser': end
[13:39:22.405] [bmv2] [D] [thread 2079] [34.0] [cxt 0] Transmitting packet of size 70 out of port 0
[13:39:24.453] [bmv2] [D] [thread 2073] [35.0] [cxt 0] Processing packet received on port 3
[13:39:24.453] [bmv2] [D] [thread 2073] [35.0] [cxt 0] Parser 'parser': start
[13:39:24.453] [bmv2] [D] [thread 2073] [35.0] [cxt 0] Parser 'parser' entering state 'start'
[13:39:24.453] [bmv2] [D] [thread 2073] [35.0] [cxt 0] Extracting header 'ethernet'
[13:39:24.453] [bmv2] [D] [thread 2073] [35.0] [cxt 0] Parser state 'start': key is 86dd
[13:39:24.453] [bmv2] [T] [thread 2073] [35.0] [cxt 0] Bytes parsed: 14
[13:39:24.453] [bmv2] [D] [thread 2073] [35.0] [cxt 0] Parser 'parser': end
[13:39:24.453] [bmv2] [D] [thread 2073] [35.0] [cxt 0] Pipeline 'ingress': start
[13:39:24.453] [bmv2] [T] [thread 2073] [35.0] [cxt 0] basic.p4(164) Condition "hdr.ipv4.isValid()" (node_2) is false
[13:39:24.453] [bmv2] [D] [thread 2073] [35.0] [cxt 0] Pipeline 'ingress': end
[13:39:24.453] [bmv2] [D] [thread 2073] [35.0] [cxt 0] Egress port is 0
[13:39:24.453] [bmv2] [D] [thread 2075] [35.0] [cxt 0] Pipeline 'egress': start
[13:39:24.453] [bmv2] [D] [thread 2075] [35.0] [cxt 0] Pipeline 'egress': end
[13:39:24.453] [bmv2] [D] [thread 2075] [35.0] [cxt 0] Deparser 'deparser': start
[13:39:24.454] [bmv2] [T] [thread 2075] [35.0] [cxt 0] Skipping checksum 'cksum' update because condition not met
[13:39:24.454] [bmv2] [T] [thread 2075] [35.0] [cxt 0] Skipping checksum 'cksum_0' update because condition not met
[13:39:24.454] [bmv2] [T] [thread 2075] [35.0] [cxt 0] Skipping checksum 'cksum_1' update because condition not met
[13:39:24.454] [bmv2] [D] [thread 2075] [35.0] [cxt 0] Deparsing header 'ethernet'
[13:39:24.454] [bmv2] [D] [thread 2075] [35.0] [cxt 0] Deparser 'deparser': end
[13:39:24.454] [bmv2] [D] [thread 2079] [35.0] [cxt 0] Transmitting packet of size 70 out of port 0
[13:40:13.606] [bmv2] [D] [thread 2073] [36.0] [cxt 0] Processing packet received on port 4
[13:40:13.606] [bmv2] [D] [thread 2073] [36.0] [cxt 0] Parser 'parser': start
[13:40:13.606] [bmv2] [D] [thread 2073] [36.0] [cxt 0] Parser 'parser' entering state 'start'
[13:40:13.606] [bmv2] [D] [thread 2073] [36.0] [cxt 0] Extracting header 'ethernet'
[13:40:13.606] [bmv2] [D] [thread 2073] [36.0] [cxt 0] Parser state 'start': key is 86dd
[13:40:13.606] [bmv2] [T] [thread 2073] [36.0] [cxt 0] Bytes parsed: 14
[13:40:13.606] [bmv2] [D] [thread 2073] [36.0] [cxt 0] Parser 'parser': end
[13:40:13.606] [bmv2] [D] [thread 2073] [36.0] [cxt 0] Pipeline 'ingress': start
[13:40:13.606] [bmv2] [T] [thread 2073] [36.0] [cxt 0] basic.p4(164) Condition "hdr.ipv4.isValid()" (node_2) is false
[13:40:13.606] [bmv2] [D] [thread 2073] [36.0] [cxt 0] Pipeline 'ingress': end
[13:40:13.606] [bmv2] [D] [thread 2073] [36.0] [cxt 0] Egress port is 0
[13:40:13.606] [bmv2] [D] [thread 2073] [37.0] [cxt 0] Processing packet received on port 4
[13:40:13.606] [bmv2] [D] [thread 2073] [37.0] [cxt 0] Parser 'parser': start
[13:40:13.606] [bmv2] [D] [thread 2073] [37.0] [cxt 0] Parser 'parser' entering state 'start'
[13:40:13.606] [bmv2] [D] [thread 2073] [37.0] [cxt 0] Extracting header 'ethernet'
[13:40:13.606] [bmv2] [D] [thread 2073] [37.0] [cxt 0] Parser state 'start': key is 86dd
[13:40:13.606] [bmv2] [T] [thread 2073] [37.0] [cxt 0] Bytes parsed: 14
[13:40:13.606] [bmv2] [D] [thread 2073] [37.0] [cxt 0] Parser 'parser': end
[13:40:13.606] [bmv2] [D] [thread 2073] [37.0] [cxt 0] Pipeline 'ingress': start
[13:40:13.606] [bmv2] [T] [thread 2073] [37.0] [cxt 0] basic.p4(164) Condition "hdr.ipv4.isValid()" (node_2) is false
[13:40:13.606] [bmv2] [D] [thread 2073] [37.0] [cxt 0] Pipeline 'ingress': end
[13:40:13.606] [bmv2] [D] [thread 2073] [37.0] [cxt 0] Egress port is 0
[13:40:13.606] [bmv2] [D] [thread 2075] [36.0] [cxt 0] Pipeline 'egress': start
[13:40:13.606] [bmv2] [D] [thread 2075] [36.0] [cxt 0] Pipeline 'egress': end
[13:40:13.606] [bmv2] [D] [thread 2075] [36.0] [cxt 0] Deparser 'deparser': start
[13:40:13.606] [bmv2] [T] [thread 2075] [36.0] [cxt 0] Skipping checksum 'cksum' update because condition not met
[13:40:13.606] [bmv2] [T] [thread 2075] [36.0] [cxt 0] Skipping checksum 'cksum_0' update because condition not met
[13:40:13.606] [bmv2] [T] [thread 2075] [36.0] [cxt 0] Skipping checksum 'cksum_1' update because condition not met
[13:40:13.606] [bmv2] [D] [thread 2075] [36.0] [cxt 0] Deparsing header 'ethernet'
[13:40:13.606] [bmv2] [D] [thread 2075] [36.0] [cxt 0] Deparser 'deparser': end
[13:40:13.606] [bmv2] [D] [thread 2075] [37.0] [cxt 0] Pipeline 'egress': start
[13:40:13.606] [bmv2] [D] [thread 2075] [37.0] [cxt 0] Pipeline 'egress': end
[13:40:13.606] [bmv2] [D] [thread 2075] [37.0] [cxt 0] Deparser 'deparser': start
[13:40:13.606] [bmv2] [T] [thread 2075] [37.0] [cxt 0] Skipping checksum 'cksum' update because condition not met
[13:40:13.606] [bmv2] [T] [thread 2075] [37.0] [cxt 0] Skipping checksum 'cksum_0' update because condition not met
[13:40:13.606] [bmv2] [T] [thread 2075] [37.0] [cxt 0] Skipping checksum 'cksum_1' update because condition not met
[13:40:13.606] [bmv2] [D] [thread 2075] [37.0] [cxt 0] Deparsing header 'ethernet'
[13:40:13.606] [bmv2] [D] [thread 2075] [37.0] [cxt 0] Deparser 'deparser': end
[13:40:13.606] [bmv2] [D] [thread 2079] [36.0] [cxt 0] Transmitting packet of size 70 out of port 0
[13:40:13.607] [bmv2] [D] [thread 2079] [37.0] [cxt 0] Transmitting packet of size 70 out of port 0
[13:40:25.893] [bmv2] [D] [thread 2073] [38.0] [cxt 0] Processing packet received on port 3
[13:40:25.893] [bmv2] [D] [thread 2073] [38.0] [cxt 0] Parser 'parser': start
[13:40:25.893] [bmv2] [D] [thread 2073] [38.0] [cxt 0] Parser 'parser' entering state 'start'
[13:40:25.893] [bmv2] [D] [thread 2073] [38.0] [cxt 0] Extracting header 'ethernet'
[13:40:25.893] [bmv2] [D] [thread 2073] [38.0] [cxt 0] Parser state 'start': key is 86dd
[13:40:25.893] [bmv2] [T] [thread 2073] [38.0] [cxt 0] Bytes parsed: 14
[13:40:25.893] [bmv2] [D] [thread 2073] [38.0] [cxt 0] Parser 'parser': end
[13:40:25.893] [bmv2] [D] [thread 2073] [38.0] [cxt 0] Pipeline 'ingress': start
[13:40:25.893] [bmv2] [T] [thread 2073] [38.0] [cxt 0] basic.p4(164) Condition "hdr.ipv4.isValid()" (node_2) is false
[13:40:25.893] [bmv2] [D] [thread 2073] [38.0] [cxt 0] Pipeline 'ingress': end
[13:40:25.893] [bmv2] [D] [thread 2073] [38.0] [cxt 0] Egress port is 0
[13:40:25.893] [bmv2] [D] [thread 2075] [38.0] [cxt 0] Pipeline 'egress': start
[13:40:25.893] [bmv2] [D] [thread 2075] [38.0] [cxt 0] Pipeline 'egress': end
[13:40:25.893] [bmv2] [D] [thread 2075] [38.0] [cxt 0] Deparser 'deparser': start
[13:40:25.893] [bmv2] [T] [thread 2075] [38.0] [cxt 0] Skipping checksum 'cksum' update because condition not met
[13:40:25.893] [bmv2] [T] [thread 2075] [38.0] [cxt 0] Skipping checksum 'cksum_0' update because condition not met
[13:40:25.893] [bmv2] [T] [thread 2075] [38.0] [cxt 0] Skipping checksum 'cksum_1' update because condition not met
[13:40:25.893] [bmv2] [D] [thread 2075] [38.0] [cxt 0] Deparsing header 'ethernet'
[13:40:25.893] [bmv2] [D] [thread 2075] [38.0] [cxt 0] Deparser 'deparser': end
[13:40:25.893] [bmv2] [D] [thread 2079] [38.0] [cxt 0] Transmitting packet of size 70 out of port 0
[13:40:27.944] [bmv2] [D] [thread 2073] [39.0] [cxt 0] Processing packet received on port 2
[13:40:27.944] [bmv2] [D] [thread 2073] [39.0] [cxt 0] Parser 'parser': start
[13:40:27.944] [bmv2] [D] [thread 2073] [39.0] [cxt 0] Parser 'parser' entering state 'start'
[13:40:27.944] [bmv2] [D] [thread 2073] [39.0] [cxt 0] Extracting header 'ethernet'
[13:40:27.944] [bmv2] [D] [thread 2073] [39.0] [cxt 0] Parser state 'start': key is 86dd
[13:40:27.944] [bmv2] [T] [thread 2073] [39.0] [cxt 0] Bytes parsed: 14
[13:40:27.944] [bmv2] [D] [thread 2073] [39.0] [cxt 0] Parser 'parser': end
[13:40:27.944] [bmv2] [D] [thread 2073] [39.0] [cxt 0] Pipeline 'ingress': start
[13:40:27.944] [bmv2] [T] [thread 2073] [39.0] [cxt 0] basic.p4(164) Condition "hdr.ipv4.isValid()" (node_2) is false
[13:40:27.944] [bmv2] [D] [thread 2073] [39.0] [cxt 0] Pipeline 'ingress': end
[13:40:27.944] [bmv2] [D] [thread 2073] [39.0] [cxt 0] Egress port is 0
[13:40:27.944] [bmv2] [D] [thread 2075] [39.0] [cxt 0] Pipeline 'egress': start
[13:40:27.944] [bmv2] [D] [thread 2075] [39.0] [cxt 0] Pipeline 'egress': end
[13:40:27.944] [bmv2] [D] [thread 2075] [39.0] [cxt 0] Deparser 'deparser': start
[13:40:27.944] [bmv2] [T] [thread 2075] [39.0] [cxt 0] Skipping checksum 'cksum' update because condition not met
[13:40:27.944] [bmv2] [T] [thread 2075] [39.0] [cxt 0] Skipping checksum 'cksum_0' update because condition not met
[13:40:27.944] [bmv2] [T] [thread 2075] [39.0] [cxt 0] Skipping checksum 'cksum_1' update because condition not met
[13:40:27.944] [bmv2] [D] [thread 2075] [39.0] [cxt 0] Deparsing header 'ethernet'
[13:40:27.944] [bmv2] [D] [thread 2075] [39.0] [cxt 0] Deparser 'deparser': end
[13:40:27.944] [bmv2] [D] [thread 2079] [39.0] [cxt 0] Transmitting packet of size 70 out of port 0
[13:40:34.088] [bmv2] [D] [thread 2073] [40.0] [cxt 0] Processing packet received on port 1
[13:40:34.088] [bmv2] [D] [thread 2073] [40.0] [cxt 0] Parser 'parser': start
[13:40:34.088] [bmv2] [D] [thread 2073] [40.0] [cxt 0] Parser 'parser' entering state 'start'
[13:40:34.088] [bmv2] [D] [thread 2073] [40.0] [cxt 0] Extracting header 'ethernet'
[13:40:34.088] [bmv2] [D] [thread 2073] [40.0] [cxt 0] Parser state 'start': key is 86dd
[13:40:34.088] [bmv2] [T] [thread 2073] [40.0] [cxt 0] Bytes parsed: 14
[13:40:34.088] [bmv2] [D] [thread 2073] [40.0] [cxt 0] Parser 'parser': end
[13:40:34.088] [bmv2] [D] [thread 2073] [40.0] [cxt 0] Pipeline 'ingress': start
[13:40:34.088] [bmv2] [T] [thread 2073] [40.0] [cxt 0] basic.p4(164) Condition "hdr.ipv4.isValid()" (node_2) is false
[13:40:34.088] [bmv2] [D] [thread 2073] [40.0] [cxt 0] Pipeline 'ingress': end
[13:40:34.088] [bmv2] [D] [thread 2073] [40.0] [cxt 0] Egress port is 0
[13:40:34.088] [bmv2] [D] [thread 2075] [40.0] [cxt 0] Pipeline 'egress': start
[13:40:34.088] [bmv2] [D] [thread 2075] [40.0] [cxt 0] Pipeline 'egress': end
[13:40:34.088] [bmv2] [D] [thread 2075] [40.0] [cxt 0] Deparser 'deparser': start
[13:40:34.088] [bmv2] [T] [thread 2075] [40.0] [cxt 0] Skipping checksum 'cksum' update because condition not met
[13:40:34.088] [bmv2] [T] [thread 2075] [40.0] [cxt 0] Skipping checksum 'cksum_0' update because condition not met
[13:40:34.088] [bmv2] [T] [thread 2075] [40.0] [cxt 0] Skipping checksum 'cksum_1' update because condition not met
[13:40:34.088] [bmv2] [D] [thread 2075] [40.0] [cxt 0] Deparsing header 'ethernet'
[13:40:34.088] [bmv2] [D] [thread 2075] [40.0] [cxt 0] Deparser 'deparser': end
[13:40:34.088] [bmv2] [D] [thread 2079] [40.0] [cxt 0] Transmitting packet of size 70 out of port 0
[13:40:40.239] [bmv2] [D] [thread 2073] [41.0] [cxt 0] Processing packet received on port 3
[13:40:40.239] [bmv2] [D] [thread 2073] [41.0] [cxt 0] Parser 'parser': start
[13:40:40.239] [bmv2] [D] [thread 2073] [41.0] [cxt 0] Parser 'parser' entering state 'start'
[13:40:40.239] [bmv2] [D] [thread 2073] [41.0] [cxt 0] Extracting header 'ethernet'
[13:40:40.239] [bmv2] [D] [thread 2073] [41.0] [cxt 0] Parser state 'start': key is 86dd
[13:40:40.239] [bmv2] [T] [thread 2073] [41.0] [cxt 0] Bytes parsed: 14
[13:40:40.239] [bmv2] [D] [thread 2073] [41.0] [cxt 0] Parser 'parser': end
[13:40:40.239] [bmv2] [D] [thread 2073] [41.0] [cxt 0] Pipeline 'ingress': start
[13:40:40.239] [bmv2] [T] [thread 2073] [41.0] [cxt 0] basic.p4(164) Condition "hdr.ipv4.isValid()" (node_2) is false
[13:40:40.239] [bmv2] [D] [thread 2073] [41.0] [cxt 0] Pipeline 'ingress': end
[13:40:40.239] [bmv2] [D] [thread 2073] [41.0] [cxt 0] Egress port is 0
[13:40:40.239] [bmv2] [D] [thread 2075] [41.0] [cxt 0] Pipeline 'egress': start
[13:40:40.239] [bmv2] [D] [thread 2075] [41.0] [cxt 0] Pipeline 'egress': end
[13:40:40.240] [bmv2] [D] [thread 2075] [41.0] [cxt 0] Deparser 'deparser': start
[13:40:40.240] [bmv2] [T] [thread 2075] [41.0] [cxt 0] Skipping checksum 'cksum' update because condition not met
[13:40:40.240] [bmv2] [T] [thread 2075] [41.0] [cxt 0] Skipping checksum 'cksum_0' update because condition not met
[13:40:40.240] [bmv2] [T] [thread 2075] [41.0] [cxt 0] Skipping checksum 'cksum_1' update because condition not met
[13:40:40.240] [bmv2] [D] [thread 2075] [41.0] [cxt 0] Deparsing header 'ethernet'
[13:40:40.240] [bmv2] [D] [thread 2075] [41.0] [cxt 0] Deparser 'deparser': end
[13:40:40.240] [bmv2] [D] [thread 2079] [41.0] [cxt 0] Transmitting packet of size 70 out of port 0
[13:42:14.439] [bmv2] [D] [thread 2073] [42.0] [cxt 0] Processing packet received on port 4
[13:42:14.439] [bmv2] [D] [thread 2073] [42.0] [cxt 0] Parser 'parser': start
[13:42:14.439] [bmv2] [D] [thread 2073] [42.0] [cxt 0] Parser 'parser' entering state 'start'
[13:42:14.439] [bmv2] [D] [thread 2073] [42.0] [cxt 0] Extracting header 'ethernet'
[13:42:14.439] [bmv2] [D] [thread 2073] [42.0] [cxt 0] Parser state 'start': key is 86dd
[13:42:14.439] [bmv2] [T] [thread 2073] [42.0] [cxt 0] Bytes parsed: 14
[13:42:14.439] [bmv2] [D] [thread 2073] [42.0] [cxt 0] Parser 'parser': end
[13:42:14.439] [bmv2] [D] [thread 2073] [42.0] [cxt 0] Pipeline 'ingress': start
[13:42:14.439] [bmv2] [T] [thread 2073] [42.0] [cxt 0] basic.p4(164) Condition "hdr.ipv4.isValid()" (node_2) is false
[13:42:14.439] [bmv2] [D] [thread 2073] [42.0] [cxt 0] Pipeline 'ingress': end
[13:42:14.439] [bmv2] [D] [thread 2073] [42.0] [cxt 0] Egress port is 0
[13:42:14.439] [bmv2] [D] [thread 2073] [43.0] [cxt 0] Processing packet received on port 4
[13:42:14.439] [bmv2] [D] [thread 2073] [43.0] [cxt 0] Parser 'parser': start
[13:42:14.439] [bmv2] [D] [thread 2073] [43.0] [cxt 0] Parser 'parser' entering state 'start'
[13:42:14.439] [bmv2] [D] [thread 2073] [43.0] [cxt 0] Extracting header 'ethernet'
[13:42:14.439] [bmv2] [D] [thread 2073] [43.0] [cxt 0] Parser state 'start': key is 86dd
[13:42:14.439] [bmv2] [T] [thread 2073] [43.0] [cxt 0] Bytes parsed: 14
[13:42:14.439] [bmv2] [D] [thread 2073] [43.0] [cxt 0] Parser 'parser': end
[13:42:14.439] [bmv2] [D] [thread 2073] [43.0] [cxt 0] Pipeline 'ingress': start
[13:42:14.439] [bmv2] [T] [thread 2073] [43.0] [cxt 0] basic.p4(164) Condition "hdr.ipv4.isValid()" (node_2) is false
[13:42:14.439] [bmv2] [D] [thread 2073] [43.0] [cxt 0] Pipeline 'ingress': end
[13:42:14.439] [bmv2] [D] [thread 2073] [43.0] [cxt 0] Egress port is 0
[13:42:14.439] [bmv2] [D] [thread 2075] [42.0] [cxt 0] Pipeline 'egress': start
[13:42:14.439] [bmv2] [D] [thread 2075] [42.0] [cxt 0] Pipeline 'egress': end
[13:42:14.439] [bmv2] [D] [thread 2075] [42.0] [cxt 0] Deparser 'deparser': start
[13:42:14.439] [bmv2] [T] [thread 2075] [42.0] [cxt 0] Skipping checksum 'cksum' update because condition not met
[13:42:14.439] [bmv2] [T] [thread 2075] [42.0] [cxt 0] Skipping checksum 'cksum_0' update because condition not met
[13:42:14.439] [bmv2] [T] [thread 2075] [42.0] [cxt 0] Skipping checksum 'cksum_1' update because condition not met
[13:42:14.439] [bmv2] [D] [thread 2075] [42.0] [cxt 0] Deparsing header 'ethernet'
[13:42:14.439] [bmv2] [D] [thread 2075] [42.0] [cxt 0] Deparser 'deparser': end
[13:42:14.439] [bmv2] [D] [thread 2075] [43.0] [cxt 0] Pipeline 'egress': start
[13:42:14.439] [bmv2] [D] [thread 2075] [43.0] [cxt 0] Pipeline 'egress': end
[13:42:14.439] [bmv2] [D] [thread 2075] [43.0] [cxt 0] Deparser 'deparser': start
[13:42:14.439] [bmv2] [T] [thread 2075] [43.0] [cxt 0] Skipping checksum 'cksum' update because condition not met
[13:42:14.439] [bmv2] [T] [thread 2075] [43.0] [cxt 0] Skipping checksum 'cksum_0' update because condition not met
[13:42:14.439] [bmv2] [T] [thread 2075] [43.0] [cxt 0] Skipping checksum 'cksum_1' update because condition not met
[13:42:14.439] [bmv2] [D] [thread 2075] [43.0] [cxt 0] Deparsing header 'ethernet'
[13:42:14.439] [bmv2] [D] [thread 2075] [43.0] [cxt 0] Deparser 'deparser': end
[13:42:14.439] [bmv2] [D] [thread 2079] [42.0] [cxt 0] Transmitting packet of size 70 out of port 0
[13:42:14.439] [bmv2] [D] [thread 2079] [43.0] [cxt 0] Transmitting packet of size 70 out of port 0
[13:42:51.302] [bmv2] [D] [thread 2073] [44.0] [cxt 0] Processing packet received on port 2
[13:42:51.302] [bmv2] [D] [thread 2073] [44.0] [cxt 0] Parser 'parser': start
[13:42:51.302] [bmv2] [D] [thread 2073] [44.0] [cxt 0] Parser 'parser' entering state 'start'
[13:42:51.302] [bmv2] [D] [thread 2073] [44.0] [cxt 0] Extracting header 'ethernet'
[13:42:51.302] [bmv2] [D] [thread 2073] [44.0] [cxt 0] Parser state 'start': key is 86dd
[13:42:51.302] [bmv2] [T] [thread 2073] [44.0] [cxt 0] Bytes parsed: 14
[13:42:51.302] [bmv2] [D] [thread 2073] [44.0] [cxt 0] Parser 'parser': end
[13:42:51.302] [bmv2] [D] [thread 2073] [44.0] [cxt 0] Pipeline 'ingress': start
[13:42:51.302] [bmv2] [T] [thread 2073] [44.0] [cxt 0] basic.p4(164) Condition "hdr.ipv4.isValid()" (node_2) is false
[13:42:51.302] [bmv2] [D] [thread 2073] [44.0] [cxt 0] Pipeline 'ingress': end
[13:42:51.302] [bmv2] [D] [thread 2073] [44.0] [cxt 0] Egress port is 0
[13:42:51.302] [bmv2] [D] [thread 2075] [44.0] [cxt 0] Pipeline 'egress': start
[13:42:51.302] [bmv2] [D] [thread 2075] [44.0] [cxt 0] Pipeline 'egress': end
[13:42:51.302] [bmv2] [D] [thread 2075] [44.0] [cxt 0] Deparser 'deparser': start
[13:42:51.302] [bmv2] [T] [thread 2075] [44.0] [cxt 0] Skipping checksum 'cksum' update because condition not met
[13:42:51.302] [bmv2] [T] [thread 2075] [44.0] [cxt 0] Skipping checksum 'cksum_0' update because condition not met
[13:42:51.302] [bmv2] [T] [thread 2075] [44.0] [cxt 0] Skipping checksum 'cksum_1' update because condition not met
[13:42:51.302] [bmv2] [D] [thread 2075] [44.0] [cxt 0] Deparsing header 'ethernet'
[13:42:51.302] [bmv2] [D] [thread 2075] [44.0] [cxt 0] Deparser 'deparser': end
[13:42:51.302] [bmv2] [D] [thread 2079] [44.0] [cxt 0] Transmitting packet of size 70 out of port 0
[13:42:51.303] [bmv2] [D] [thread 2073] [45.0] [cxt 0] Processing packet received on port 3
[13:42:51.303] [bmv2] [D] [thread 2073] [45.0] [cxt 0] Parser 'parser': start
[13:42:51.303] [bmv2] [D] [thread 2073] [45.0] [cxt 0] Parser 'parser' entering state 'start'
[13:42:51.303] [bmv2] [D] [thread 2073] [45.0] [cxt 0] Extracting header 'ethernet'
[13:42:51.303] [bmv2] [D] [thread 2073] [45.0] [cxt 0] Parser state 'start': key is 86dd
[13:42:51.303] [bmv2] [T] [thread 2073] [45.0] [cxt 0] Bytes parsed: 14
[13:42:51.303] [bmv2] [D] [thread 2073] [45.0] [cxt 0] Parser 'parser': end
[13:42:51.303] [bmv2] [D] [thread 2073] [45.0] [cxt 0] Pipeline 'ingress': start
[13:42:51.303] [bmv2] [T] [thread 2073] [45.0] [cxt 0] basic.p4(164) Condition "hdr.ipv4.isValid()" (node_2) is false
[13:42:51.303] [bmv2] [D] [thread 2073] [45.0] [cxt 0] Pipeline 'ingress': end
[13:42:51.303] [bmv2] [D] [thread 2073] [45.0] [cxt 0] Egress port is 0
[13:42:51.303] [bmv2] [D] [thread 2075] [45.0] [cxt 0] Pipeline 'egress': start
[13:42:51.303] [bmv2] [D] [thread 2075] [45.0] [cxt 0] Pipeline 'egress': end
[13:42:51.303] [bmv2] [D] [thread 2075] [45.0] [cxt 0] Deparser 'deparser': start
[13:42:51.303] [bmv2] [T] [thread 2075] [45.0] [cxt 0] Skipping checksum 'cksum' update because condition not met
[13:42:51.303] [bmv2] [T] [thread 2075] [45.0] [cxt 0] Skipping checksum 'cksum_0' update because condition not met
[13:42:51.303] [bmv2] [T] [thread 2075] [45.0] [cxt 0] Skipping checksum 'cksum_1' update because condition not met
[13:42:51.303] [bmv2] [D] [thread 2075] [45.0] [cxt 0] Deparsing header 'ethernet'
[13:42:51.303] [bmv2] [D] [thread 2075] [45.0] [cxt 0] Deparser 'deparser': end
[13:42:51.303] [bmv2] [D] [thread 2079] [45.0] [cxt 0] Transmitting packet of size 70 out of port 0
[13:43:07.687] [bmv2] [D] [thread 2073] [46.0] [cxt 0] Processing packet received on port 1
[13:43:07.687] [bmv2] [D] [thread 2073] [46.0] [cxt 0] Parser 'parser': start
[13:43:07.687] [bmv2] [D] [thread 2073] [46.0] [cxt 0] Parser 'parser' entering state 'start'
[13:43:07.687] [bmv2] [D] [thread 2073] [46.0] [cxt 0] Extracting header 'ethernet'
[13:43:07.687] [bmv2] [D] [thread 2073] [46.0] [cxt 0] Parser state 'start': key is 86dd
[13:43:07.687] [bmv2] [T] [thread 2073] [46.0] [cxt 0] Bytes parsed: 14
[13:43:07.687] [bmv2] [D] [thread 2073] [46.0] [cxt 0] Parser 'parser': end
[13:43:07.687] [bmv2] [D] [thread 2073] [46.0] [cxt 0] Pipeline 'ingress': start
[13:43:07.687] [bmv2] [T] [thread 2073] [46.0] [cxt 0] basic.p4(164) Condition "hdr.ipv4.isValid()" (node_2) is false
[13:43:07.687] [bmv2] [D] [thread 2073] [46.0] [cxt 0] Pipeline 'ingress': end
[13:43:07.687] [bmv2] [D] [thread 2073] [46.0] [cxt 0] Egress port is 0
[13:43:07.687] [bmv2] [D] [thread 2073] [47.0] [cxt 0] Processing packet received on port 3
[13:43:07.687] [bmv2] [D] [thread 2073] [47.0] [cxt 0] Parser 'parser': start
[13:43:07.687] [bmv2] [D] [thread 2073] [47.0] [cxt 0] Parser 'parser' entering state 'start'
[13:43:07.687] [bmv2] [D] [thread 2073] [47.0] [cxt 0] Extracting header 'ethernet'
[13:43:07.687] [bmv2] [D] [thread 2073] [47.0] [cxt 0] Parser state 'start': key is 86dd
[13:43:07.687] [bmv2] [T] [thread 2073] [47.0] [cxt 0] Bytes parsed: 14
[13:43:07.687] [bmv2] [D] [thread 2073] [47.0] [cxt 0] Parser 'parser': end
[13:43:07.687] [bmv2] [D] [thread 2073] [47.0] [cxt 0] Pipeline 'ingress': start
[13:43:07.687] [bmv2] [T] [thread 2073] [47.0] [cxt 0] basic.p4(164) Condition "hdr.ipv4.isValid()" (node_2) is false
[13:43:07.687] [bmv2] [D] [thread 2073] [47.0] [cxt 0] Pipeline 'ingress': end
[13:43:07.687] [bmv2] [D] [thread 2073] [47.0] [cxt 0] Egress port is 0
[13:43:07.687] [bmv2] [D] [thread 2075] [46.0] [cxt 0] Pipeline 'egress': start
[13:43:07.687] [bmv2] [D] [thread 2075] [46.0] [cxt 0] Pipeline 'egress': end
[13:43:07.687] [bmv2] [D] [thread 2075] [46.0] [cxt 0] Deparser 'deparser': start
[13:43:07.687] [bmv2] [T] [thread 2075] [46.0] [cxt 0] Skipping checksum 'cksum' update because condition not met
[13:43:07.687] [bmv2] [T] [thread 2075] [46.0] [cxt 0] Skipping checksum 'cksum_0' update because condition not met
[13:43:07.687] [bmv2] [T] [thread 2075] [46.0] [cxt 0] Skipping checksum 'cksum_1' update because condition not met
[13:43:07.687] [bmv2] [D] [thread 2075] [46.0] [cxt 0] Deparsing header 'ethernet'
[13:43:07.687] [bmv2] [D] [thread 2075] [46.0] [cxt 0] Deparser 'deparser': end
[13:43:07.687] [bmv2] [D] [thread 2075] [47.0] [cxt 0] Pipeline 'egress': start
[13:43:07.687] [bmv2] [D] [thread 2075] [47.0] [cxt 0] Pipeline 'egress': end
[13:43:07.687] [bmv2] [D] [thread 2075] [47.0] [cxt 0] Deparser 'deparser': start
[13:43:07.687] [bmv2] [T] [thread 2075] [47.0] [cxt 0] Skipping checksum 'cksum' update because condition not met
[13:43:07.687] [bmv2] [T] [thread 2075] [47.0] [cxt 0] Skipping checksum 'cksum_0' update because condition not met
[13:43:07.687] [bmv2] [T] [thread 2075] [47.0] [cxt 0] Skipping checksum 'cksum_1' update because condition not met
[13:43:07.687] [bmv2] [D] [thread 2075] [47.0] [cxt 0] Deparsing header 'ethernet'
[13:43:07.687] [bmv2] [D] [thread 2075] [47.0] [cxt 0] Deparser 'deparser': end
[13:43:07.687] [bmv2] [D] [thread 2079] [46.0] [cxt 0] Transmitting packet of size 70 out of port 0
[13:43:07.688] [bmv2] [D] [thread 2079] [47.0] [cxt 0] Transmitting packet of size 70 out of port 0
[13:46:24.294] [bmv2] [D] [thread 2073] [48.0] [cxt 0] Processing packet received on port 4
[13:46:24.294] [bmv2] [D] [thread 2073] [48.0] [cxt 0] Parser 'parser': start
[13:46:24.294] [bmv2] [D] [thread 2073] [48.0] [cxt 0] Parser 'parser' entering state 'start'
[13:46:24.294] [bmv2] [D] [thread 2073] [48.0] [cxt 0] Extracting header 'ethernet'
[13:46:24.294] [bmv2] [D] [thread 2073] [48.0] [cxt 0] Parser state 'start': key is 86dd
[13:46:24.294] [bmv2] [T] [thread 2073] [48.0] [cxt 0] Bytes parsed: 14
[13:46:24.294] [bmv2] [D] [thread 2073] [48.0] [cxt 0] Parser 'parser': end
[13:46:24.294] [bmv2] [D] [thread 2073] [48.0] [cxt 0] Pipeline 'ingress': start
[13:46:24.294] [bmv2] [T] [thread 2073] [48.0] [cxt 0] basic.p4(164) Condition "hdr.ipv4.isValid()" (node_2) is false
[13:46:24.294] [bmv2] [D] [thread 2073] [48.0] [cxt 0] Pipeline 'ingress': end
[13:46:24.294] [bmv2] [D] [thread 2073] [48.0] [cxt 0] Egress port is 0
[13:46:24.294] [bmv2] [D] [thread 2073] [49.0] [cxt 0] Processing packet received on port 4
[13:46:24.294] [bmv2] [D] [thread 2073] [49.0] [cxt 0] Parser 'parser': start
[13:46:24.294] [bmv2] [D] [thread 2073] [49.0] [cxt 0] Parser 'parser' entering state 'start'
[13:46:24.294] [bmv2] [D] [thread 2073] [49.0] [cxt 0] Extracting header 'ethernet'
[13:46:24.294] [bmv2] [D] [thread 2073] [49.0] [cxt 0] Parser state 'start': key is 86dd
[13:46:24.294] [bmv2] [T] [thread 2073] [49.0] [cxt 0] Bytes parsed: 14
[13:46:24.294] [bmv2] [D] [thread 2073] [49.0] [cxt 0] Parser 'parser': end
[13:46:24.294] [bmv2] [D] [thread 2073] [49.0] [cxt 0] Pipeline 'ingress': start
[13:46:24.294] [bmv2] [T] [thread 2073] [49.0] [cxt 0] basic.p4(164) Condition "hdr.ipv4.isValid()" (node_2) is false
[13:46:24.294] [bmv2] [D] [thread 2073] [49.0] [cxt 0] Pipeline 'ingress': end
[13:46:24.294] [bmv2] [D] [thread 2073] [49.0] [cxt 0] Egress port is 0
[13:46:24.294] [bmv2] [D] [thread 2075] [48.0] [cxt 0] Pipeline 'egress': start
[13:46:24.294] [bmv2] [D] [thread 2075] [48.0] [cxt 0] Pipeline 'egress': end
[13:46:24.294] [bmv2] [D] [thread 2075] [48.0] [cxt 0] Deparser 'deparser': start
[13:46:24.294] [bmv2] [T] [thread 2075] [48.0] [cxt 0] Skipping checksum 'cksum' update because condition not met
[13:46:24.294] [bmv2] [T] [thread 2075] [48.0] [cxt 0] Skipping checksum 'cksum_0' update because condition not met
[13:46:24.294] [bmv2] [T] [thread 2075] [48.0] [cxt 0] Skipping checksum 'cksum_1' update because condition not met
[13:46:24.294] [bmv2] [D] [thread 2075] [48.0] [cxt 0] Deparsing header 'ethernet'
[13:46:24.294] [bmv2] [D] [thread 2075] [48.0] [cxt 0] Deparser 'deparser': end
[13:46:24.294] [bmv2] [D] [thread 2075] [49.0] [cxt 0] Pipeline 'egress': start
[13:46:24.294] [bmv2] [D] [thread 2075] [49.0] [cxt 0] Pipeline 'egress': end
[13:46:24.294] [bmv2] [D] [thread 2075] [49.0] [cxt 0] Deparser 'deparser': start
[13:46:24.294] [bmv2] [T] [thread 2075] [49.0] [cxt 0] Skipping checksum 'cksum' update because condition not met
[13:46:24.294] [bmv2] [T] [thread 2075] [49.0] [cxt 0] Skipping checksum 'cksum_0' update because condition not met
[13:46:24.294] [bmv2] [T] [thread 2075] [49.0] [cxt 0] Skipping checksum 'cksum_1' update because condition not met
[13:46:24.294] [bmv2] [D] [thread 2075] [49.0] [cxt 0] Deparsing header 'ethernet'
[13:46:24.294] [bmv2] [D] [thread 2075] [49.0] [cxt 0] Deparser 'deparser': end
[13:46:24.294] [bmv2] [D] [thread 2079] [48.0] [cxt 0] Transmitting packet of size 70 out of port 0
[13:46:24.294] [bmv2] [D] [thread 2079] [49.0] [cxt 0] Transmitting packet of size 70 out of port 0
[13:47:29.829] [bmv2] [D] [thread 2073] [50.0] [cxt 0] Processing packet received on port 3
[13:47:29.829] [bmv2] [D] [thread 2073] [50.0] [cxt 0] Parser 'parser': start
[13:47:29.829] [bmv2] [D] [thread 2073] [50.0] [cxt 0] Parser 'parser' entering state 'start'
[13:47:29.829] [bmv2] [D] [thread 2073] [50.0] [cxt 0] Extracting header 'ethernet'
[13:47:29.829] [bmv2] [D] [thread 2073] [50.0] [cxt 0] Parser state 'start': key is 86dd
[13:47:29.829] [bmv2] [T] [thread 2073] [50.0] [cxt 0] Bytes parsed: 14
[13:47:29.829] [bmv2] [D] [thread 2073] [50.0] [cxt 0] Parser 'parser': end
[13:47:29.829] [bmv2] [D] [thread 2073] [50.0] [cxt 0] Pipeline 'ingress': start
[13:47:29.829] [bmv2] [T] [thread 2073] [50.0] [cxt 0] basic.p4(164) Condition "hdr.ipv4.isValid()" (node_2) is false
[13:47:29.829] [bmv2] [D] [thread 2073] [50.0] [cxt 0] Pipeline 'ingress': end
[13:47:29.829] [bmv2] [D] [thread 2073] [50.0] [cxt 0] Egress port is 0
[13:47:29.829] [bmv2] [D] [thread 2075] [50.0] [cxt 0] Pipeline 'egress': start
[13:47:29.829] [bmv2] [D] [thread 2075] [50.0] [cxt 0] Pipeline 'egress': end
[13:47:29.829] [bmv2] [D] [thread 2075] [50.0] [cxt 0] Deparser 'deparser': start
[13:47:29.829] [bmv2] [T] [thread 2075] [50.0] [cxt 0] Skipping checksum 'cksum' update because condition not met
[13:47:29.829] [bmv2] [T] [thread 2075] [50.0] [cxt 0] Skipping checksum 'cksum_0' update because condition not met
[13:47:29.829] [bmv2] [T] [thread 2075] [50.0] [cxt 0] Skipping checksum 'cksum_1' update because condition not met
[13:47:29.829] [bmv2] [D] [thread 2075] [50.0] [cxt 0] Deparsing header 'ethernet'
[13:47:29.829] [bmv2] [D] [thread 2075] [50.0] [cxt 0] Deparser 'deparser': end
[13:47:29.829] [bmv2] [D] [thread 2079] [50.0] [cxt 0] Transmitting packet of size 70 out of port 0
[13:47:46.214] [bmv2] [D] [thread 2073] [51.0] [cxt 0] Processing packet received on port 2
[13:47:46.214] [bmv2] [D] [thread 2073] [51.0] [cxt 0] Parser 'parser': start
[13:47:46.214] [bmv2] [D] [thread 2073] [51.0] [cxt 0] Parser 'parser' entering state 'start'
[13:47:46.214] [bmv2] [D] [thread 2073] [51.0] [cxt 0] Extracting header 'ethernet'
[13:47:46.214] [bmv2] [D] [thread 2073] [51.0] [cxt 0] Parser state 'start': key is 86dd
[13:47:46.214] [bmv2] [T] [thread 2073] [51.0] [cxt 0] Bytes parsed: 14
[13:47:46.214] [bmv2] [D] [thread 2073] [51.0] [cxt 0] Parser 'parser': end
[13:47:46.214] [bmv2] [D] [thread 2073] [51.0] [cxt 0] Pipeline 'ingress': start
[13:47:46.214] [bmv2] [T] [thread 2073] [51.0] [cxt 0] basic.p4(164) Condition "hdr.ipv4.isValid()" (node_2) is false
[13:47:46.214] [bmv2] [D] [thread 2073] [51.0] [cxt 0] Pipeline 'ingress': end
[13:47:46.214] [bmv2] [D] [thread 2073] [51.0] [cxt 0] Egress port is 0
[13:47:46.214] [bmv2] [D] [thread 2075] [51.0] [cxt 0] Pipeline 'egress': start
[13:47:46.214] [bmv2] [D] [thread 2075] [51.0] [cxt 0] Pipeline 'egress': end
[13:47:46.214] [bmv2] [D] [thread 2075] [51.0] [cxt 0] Deparser 'deparser': start
[13:47:46.214] [bmv2] [T] [thread 2075] [51.0] [cxt 0] Skipping checksum 