Calling target program-options parser
[13:38:16.478] [bmv2] [D] [thread 2135] Set default default entry for table 'MyIngress.ipv4_lpm': NoAction - 
Adding interface s4-eth1 as port 1
[13:38:16.478] [bmv2] [D] [thread 2135] Adding interface s4-eth1 as port 1
Adding interface s4-eth2 as port 2
[13:38:16.530] [bmv2] [D] [thread 2135] Adding interface s4-eth2 as port 2
Server listening on 0.0.0.0:50054
[13:38:16.600] [bmv2] [I] [thread 2135] Starting Thrift server on port 9093
[13:38:16.602] [bmv2] [I] [thread 2135] Thrift server was started
[13:38:16.650] [bmv2] [D] [thread 2150] [0.0] [cxt 0] Processing packet received on port 2
[13:38:16.650] [bmv2] [D] [thread 2150] [0.0] [cxt 0] Parser 'parser': start
[13:38:16.650] [bmv2] [D] [thread 2150] [0.0] [cxt 0] Parser 'parser' entering state 'start'
[13:38:16.650] [bmv2] [D] [thread 2150] [0.0] [cxt 0] Extracting header 'ethernet'
[13:38:16.650] [bmv2] [D] [thread 2150] [0.0] [cxt 0] Parser state 'start': key is 86dd
[13:38:16.650] [bmv2] [T] [thread 2150] [0.0] [cxt 0] Bytes parsed: 14
[13:38:16.650] [bmv2] [D] [thread 2150] [0.0] [cxt 0] Parser 'parser': end
[13:38:16.650] [bmv2] [D] [thread 2150] [0.0] [cxt 0] Pipeline 'ingress': start
[13:38:16.650] [bmv2] [T] [thread 2150] [0.0] [cxt 0] basic.p4(164) Condition "hdr.ipv4.isValid()" (node_2) is false
[13:38:16.650] [bmv2] [D] [thread 2150] [0.0] [cxt 0] Pipeline 'ingress': end
[13:38:16.650] [bmv2] [D] [thread 2150] [0.0] [cxt 0] Egress port is 0
[13:38:16.651] [bmv2] [D] [thread 2151] [0.0] [cxt 0] Pipeline 'egress': start
[13:38:16.651] [bmv2] [D] [thread 2151] [0.0] [cxt 0] Pipeline 'egress': end
[13:38:16.651] [bmv2] [D] [thread 2151] [0.0] [cxt 0] Deparser 'deparser': start
[13:38:16.651] [bmv2] [T] [thread 2151] [0.0] [cxt 0] Skipping checksum 'cksum' update because condition not met
[13:38:16.651] [bmv2] [T] [thread 2151] [0.0] [cxt 0] Skipping checksum 'cksum_0' update because condition not met
[13:38:16.651] [bmv2] [T] [thread 2151] [0.0] [cxt 0] Skipping checksum 'cksum_1' update because condition not met
[13:38:16.651] [bmv2] [D] [thread 2151] [0.0] [cxt 0] Deparsing header 'ethernet'
[13:38:16.651] [bmv2] [D] [thread 2151] [0.0] [cxt 0] Deparser 'deparser': end
[13:38:16.651] [bmv2] [D] [thread 2155] [0.0] [cxt 0] Transmitting packet of size 90 out of port 0
[13:38:16.682] [bmv2] [D] [thread 2150] [1.0] [cxt 0] Processing packet received on port 1
[13:38:16.682] [bmv2] [D] [thread 2150] [1.0] [cxt 0] Parser 'parser': start
[13:38:16.682] [bmv2] [D] [thread 2150] [1.0] [cxt 0] Parser 'parser' entering state 'start'
[13:38:16.682] [bmv2] [D] [thread 2150] [1.0] [cxt 0] Extracting header 'ethernet'
[13:38:16.682] [bmv2] [D] [thread 2150] [1.0] [cxt 0] Parser state 'start': key is 86dd
[13:38:16.682] [bmv2] [T] [thread 2150] [1.0] [cxt 0] Bytes parsed: 14
[13:38:16.682] [bmv2] [D] [thread 2150] [1.0] [cxt 0] Parser 'parser': end
[13:38:16.682] [bmv2] [D] [thread 2150] [1.0] [cxt 0] Pipeline 'ingress': start
[13:38:16.682] [bmv2] [T] [thread 2150] [1.0] [cxt 0] basic.p4(164) Condition "hdr.ipv4.isValid()" (node_2) is false
[13:38:16.682] [bmv2] [D] [thread 2150] [1.0] [cxt 0] Pipeline 'ingress': end
[13:38:16.682] [bmv2] [D] [thread 2150] [1.0] [cxt 0] Egress port is 0
[13:38:16.682] [bmv2] [D] [thread 2151] [1.0] [cxt 0] Pipeline 'egress': start
[13:38:16.682] [bmv2] [D] [thread 2151] [1.0] [cxt 0] Pipeline 'egress': end
[13:38:16.682] [bmv2] [D] [thread 2151] [1.0] [cxt 0] Deparser 'deparser': start
[13:38:16.682] [bmv2] [T] [thread 2151] [1.0] [cxt 0] Skipping checksum 'cksum' update because condition not met
[13:38:16.682] [bmv2] [T] [thread 2151] [1.0] [cxt 0] Skipping checksum 'cksum_0' update because condition not met
[13:38:16.682] [bmv2] [T] [thread 2151] [1.0] [cxt 0] Skipping checksum 'cksum_1' update because condition not met
[13:38:16.682] [bmv2] [D] [thread 2151] [1.0] [cxt 0] Deparsing header 'ethernet'
[13:38:16.682] [bmv2] [D] [thread 2151] [1.0] [cxt 0] Deparser 'deparser': end
[13:38:16.682] [bmv2] [D] [thread 2155] [1.0] [cxt 0] Transmitting packet of size 90 out of port 0
[13:38:16.934] [bmv2] [D] [thread 2150] [2.0] [cxt 0] Processing packet received on port 1
[13:38:16.934] [bmv2] [D] [thread 2150] [2.0] [cxt 0] Parser 'parser': start
[13:38:16.934] [bmv2] [D] [thread 2150] [2.0] [cxt 0] Parser 'parser' entering state 'start'
[13:38:16.934] [bmv2] [D] [thread 2150] [2.0] [cxt 0] Extracting header 'ethernet'
[13:38:16.934] [bmv2] [D] [thread 2150] [2.0] [cxt 0] Parser state 'start': key is 86dd
[13:38:16.934] [bmv2] [T] [thread 2150] [2.0] [cxt 0] Bytes parsed: 14
[13:38:16.934] [bmv2] [D] [thread 2150] [2.0] [cxt 0] Parser 'parser': end
[13:38:16.934] [bmv2] [D] [thread 2150] [2.0] [cxt 0] Pipeline 'ingress': start
[13:38:16.934] [bmv2] [T] [thread 2150] [2.0] [cxt 0] basic.p4(164) Condition "hdr.ipv4.isValid()" (node_2) is false
[13:38:16.934] [bmv2] [D] [thread 2150] [2.0] [cxt 0] Pipeline 'ingress': end
[13:38:16.934] [bmv2] [D] [thread 2150] [2.0] [cxt 0] Egress port is 0
[13:38:16.934] [bmv2] [D] [thread 2151] [2.0] [cxt 0] Pipeline 'egress': start
[13:38:16.934] [bmv2] [D] [thread 2151] [2.0] [cxt 0] Pipeline 'egress': end
[13:38:16.934] [bmv2] [D] [thread 2151] [2.0] [cxt 0] Deparser 'deparser': start
[13:38:16.934] [bmv2] [T] [thread 2151] [2.0] [cxt 0] Skipping checksum 'cksum' update because condition not met
[13:38:16.934] [bmv2] [T] [thread 2151] [2.0] [cxt 0] Skipping checksum 'cksum_0' update because condition not met
[13:38:16.934] [bmv2] [T] [thread 2151] [2.0] [cxt 0] Skipping checksum 'cksum_1' update because condition not met
[13:38:16.934] [bmv2] [D] [thread 2151] [2.0] [cxt 0] Deparsing header 'ethernet'
[13:38:16.934] [bmv2] [D] [thread 2151] [2.0] [cxt 0] Deparser 'deparser': end
[13:38:16.935] [bmv2] [D] [thread 2155] [2.0] [cxt 0] Transmitting packet of size 90 out of port 0
[13:38:18.224] [bmv2] [W] [thread 2197] [P4Runtime] p4::tmp::P4DeviceConfig is deprecated
[13:38:18.227] [bmv2] [D] [thread 2197] Set default default entry for table 'MyIngress.ipv4_lpm': NoAction - 
[13:38:18.229] [bmv2] [D] [thread 2197] simple_switch target has been notified of a config swap
[13:38:18.235] [bmv2] [D] [thread 2198] Set default entry for table 'MyIngress.ipv4_lpm': MyIngress.drop - 
[13:38:18.238] [bmv2] [D] [thread 2197] Entry 0 added to table 'MyIngress.ipv4_lpm'
[13:38:18.238] [bmv2] [D] [thread 2197] Dumping entry 0
Match key:
* hdr.ipv4.dstAddr    : LPM       0a000101/32
Action entry: MyIngress.ipv4_forward - 80000000100,2,

[13:38:18.241] [bmv2] [D] [thread 2198] Entry 1 added to table 'MyIngress.ipv4_lpm'
[13:38:18.241] [bmv2] [D] [thread 2198] Dumping entry 1
Match key:
* hdr.ipv4.dstAddr    : LPM       0a000202/32
Action entry: MyIngress.ipv4_forward - 80000000100,2,

[13:38:18.243] [bmv2] [D] [thread 2197] Entry 2 added to table 'MyIngress.ipv4_lpm'
[13:38:18.244] [bmv2] [D] [thread 2197] Dumping entry 2
Match key:
* hdr.ipv4.dstAddr    : LPM       0a000303/32
Action entry: MyIngress.ipv4_forward - 80000000200,1,

[13:38:18.247] [bmv2] [D] [thread 2198] Entry 3 added to table 'MyIngress.ipv4_lpm'
[13:38:18.247] [bmv2] [D] [thread 2198] Dumping entry 3
Match key:
* hdr.ipv4.dstAddr    : LPM       0a000404/32
Action entry: MyIngress.ipv4_forward - 80000000200,1,

[13:38:19.176] [bmv2] [D] [thread 2150] [3.0] [cxt 0] Processing packet received on port 2
[13:38:19.176] [bmv2] [D] [thread 2150] [3.0] [cxt 0] Parser 'parser': start
[13:38:19.176] [bmv2] [D] [thread 2150] [3.0] [cxt 0] Parser 'parser' entering state 'start'
[13:38:19.176] [bmv2] [D] [thread 2150] [3.0] [cxt 0] Extracting header 'ethernet'
[13:38:19.176] [bmv2] [D] [thread 2150] [3.0] [cxt 0] Parser state 'start': key is 86dd
[13:38:19.176] [bmv2] [T] [thread 2150] [3.0] [cxt 0] Bytes parsed: 14
[13:38:19.176] [bmv2] [D] [thread 2150] [3.0] [cxt 0] Parser 'parser': end
[13:38:19.176] [bmv2] [D] [thread 2150] [3.0] [cxt 0] Pipeline 'ingress': start
[13:38:19.176] [bmv2] [T] [thread 2150] [3.0] [cxt 0] basic.p4(164) Condition "hdr.ipv4.isValid()" (node_2) is false
[13:38:19.176] [bmv2] [D] [thread 2150] [3.0] [cxt 0] Pipeline 'ingress': end
[13:38:19.176] [bmv2] [D] [thread 2150] [3.0] [cxt 0] Egress port is 0
[13:38:19.176] [bmv2] [D] [thread 2151] [3.0] [cxt 0] Pipeline 'egress': start
[13:38:19.177] [bmv2] [D] [thread 2151] [3.0] [cxt 0] Pipeline 'egress': end
[13:38:19.177] [bmv2] [D] [thread 2151] [3.0] [cxt 0] Deparser 'deparser': start
[13:38:19.177] [bmv2] [T] [thread 2151] [3.0] [cxt 0] Skipping checksum 'cksum' update because condition not met
[13:38:19.177] [bmv2] [T] [thread 2151] [3.0] [cxt 0] Skipping checksum 'cksum_0' update because condition not met
[13:38:19.177] [bmv2] [T] [thread 2151] [3.0] [cxt 0] Skipping checksum 'cksum_1' update because condition not met
[13:38:19.177] [bmv2] [D] [thread 2151] [3.0] [cxt 0] Deparsing header 'ethernet'
[13:38:19.177] [bmv2] [D] [thread 2151] [3.0] [cxt 0] Deparser 'deparser': end
[13:38:19.177] [bmv2] [D] [thread 2155] [3.0] [cxt 0] Transmitting packet of size 70 out of port 0
[13:38:19.691] [bmv2] [D] [thread 2150] [4.0] [cxt 0] Processing packet received on port 2
[13:38:19.691] [bmv2] [D] [thread 2150] [4.0] [cxt 0] Parser 'parser': start
[13:38:19.691] [bmv2] [D] [thread 2150] [4.0] [cxt 0] Parser 'parser' entering state 'start'
[13:38:19.691] [bmv2] [D] [thread 2150] [4.0] [cxt 0] Extracting header 'ethernet'
[13:38:19.691] [bmv2] [D] [thread 2150] [4.0] [cxt 0] Parser state 'start': key is 86dd
[13:38:19.691] [bmv2] [T] [thread 2150] [4.0] [cxt 0] Bytes parsed: 14
[13:38:19.691] [bmv2] [D] [thread 2150] [4.0] [cxt 0] Parser 'parser': end
[13:38:19.691] [bmv2] [D] [thread 2150] [4.0] [cxt 0] Pipeline 'ingress': start
[13:38:19.691] [bmv2] [T] [thread 2150] [4.0] [cxt 0] basic.p4(164) Condition "hdr.ipv4.isValid()" (node_2) is false
[13:38:19.691] [bmv2] [D] [thread 2150] [4.0] [cxt 0] Pipeline 'ingress': end
[13:38:19.691] [bmv2] [D] [thread 2150] [4.0] [cxt 0] Egress port is 0
[13:38:19.691] [bmv2] [D] [thread 2151] [4.0] [cxt 0] Pipeline 'egress': start
[13:38:19.691] [bmv2] [D] [thread 2151] [4.0] [cxt 0] Pipeline 'egress': end
[13:38:19.691] [bmv2] [D] [thread 2151] [4.0] [cxt 0] Deparser 'deparser': start
[13:38:19.691] [bmv2] [T] [thread 2151] [4.0] [cxt 0] Skipping checksum 'cksum' update because condition not met
[13:38:19.691] [bmv2] [T] [thread 2151] [4.0] [cxt 0] Skipping checksum 'cksum_0' update because condition not met
[13:38:19.691] [bmv2] [T] [thread 2151] [4.0] [cxt 0] Skipping checksum 'cksum_1' update because condition not met
[13:38:19.691] [bmv2] [D] [thread 2151] [4.0] [cxt 0] Deparsing header 'ethernet'
[13:38:19.691] [bmv2] [D] [thread 2151] [4.0] [cxt 0] Deparser 'deparser': end
[13:38:19.691] [bmv2] [D] [thread 2155] [4.0] [cxt 0] Transmitting packet of size 70 out of port 0
[13:38:20.197] [bmv2] [D] [thread 2150] [5.0] [cxt 0] Processing packet received on port 1
[13:38:20.197] [bmv2] [D] [thread 2150] [5.0] [cxt 0] Parser 'parser': start
[13:38:20.197] [bmv2] [D] [thread 2150] [5.0] [cxt 0] Parser 'parser' entering state 'start'
[13:38:20.197] [bmv2] [D] [thread 2150] [5.0] [cxt 0] Extracting header 'ethernet'
[13:38:20.197] [bmv2] [D] [thread 2150] [5.0] [cxt 0] Parser state 'start': key is 86dd
[13:38:20.197] [bmv2] [T] [thread 2150] [5.0] [cxt 0] Bytes parsed: 14
[13:38:20.197] [bmv2] [D] [thread 2150] [5.0] [cxt 0] Parser 'parser': end
[13:38:20.197] [bmv2] [D] [thread 2150] [5.0] [cxt 0] Pipeline 'ingress': start
[13:38:20.197] [bmv2] [T] [thread 2150] [5.0] [cxt 0] basic.p4(164) Condition "hdr.ipv4.isValid()" (node_2) is false
[13:38:20.197] [bmv2] [D] [thread 2150] [5.0] [cxt 0] Pipeline 'ingress': end
[13:38:20.197] [bmv2] [D] [thread 2150] [5.0] [cxt 0] Egress port is 0
[13:38:20.197] [bmv2] [D] [thread 2151] [5.0] [cxt 0] Pipeline 'egress': start
[13:38:20.197] [bmv2] [D] [thread 2151] [5.0] [cxt 0] Pipeline 'egress': end
[13:38:20.197] [bmv2] [D] [thread 2151] [5.0] [cxt 0] Deparser 'deparser': start
[13:38:20.197] [bmv2] [T] [thread 2151] [5.0] [cxt 0] Skipping checksum 'cksum' update because condition not met
[13:38:20.197] [bmv2] [T] [thread 2151] [5.0] [cxt 0] Skipping checksum 'cksum_0' update because condition not met
[13:38:20.197] [bmv2] [T] [thread 2151] [5.0] [cxt 0] Skipping checksum 'cksum_1' update because condition not met
[13:38:20.197] [bmv2] [D] [thread 2151] [5.0] [cxt 0] Deparsing header 'ethernet'
[13:38:20.197] [bmv2] [D] [thread 2151] [5.0] [cxt 0] Deparser 'deparser': end
[13:38:20.197] [bmv2] [D] [thread 2155] [5.0] [cxt 0] Transmitting packet of size 70 out of port 0
[13:38:20.455] [bmv2] [D] [thread 2150] [6.0] [cxt 0] Processing packet received on port 1
[13:38:20.455] [bmv2] [D] [thread 2150] [6.0] [cxt 0] Parser 'parser': start
[13:38:20.455] [bmv2] [D] [thread 2150] [6.0] [cxt 0] Parser 'parser' entering state 'start'
[13:38:20.455] [bmv2] [D] [thread 2150] [6.0] [cxt 0] Extracting header 'ethernet'
[13:38:20.455] [bmv2] [D] [thread 2150] [6.0] [cxt 0] Parser state 'start': key is 86dd
[13:38:20.455] [bmv2] [T] [thread 2150] [6.0] [cxt 0] Bytes parsed: 14
[13:38:20.455] [bmv2] [D] [thread 2150] [6.0] [cxt 0] Parser 'parser': end
[13:38:20.455] [bmv2] [D] [thread 2150] [6.0] [cxt 0] Pipeline 'ingress': start
[13:38:20.455] [bmv2] [T] [thread 2150] [6.0] [cxt 0] basic.p4(164) Condition "hdr.ipv4.isValid()" (node_2) is false
[13:38:20.455] [bmv2] [D] [thread 2150] [6.0] [cxt 0] Pipeline 'ingress': end
[13:38:20.455] [bmv2] [D] [thread 2150] [6.0] [cxt 0] Egress port is 0
[13:38:20.455] [bmv2] [D] [thread 2151] [6.0] [cxt 0] Pipeline 'egress': start
[13:38:20.455] [bmv2] [D] [thread 2151] [6.0] [cxt 0] Pipeline 'egress': end
[13:38:20.455] [bmv2] [D] [thread 2151] [6.0] [cxt 0] Deparser 'deparser': start
[13:38:20.455] [bmv2] [T] [thread 2151] [6.0] [cxt 0] Skipping checksum 'cksum' update because condition not met
[13:38:20.455] [bmv2] [T] [thread 2151] [6.0] [cxt 0] Skipping checksum 'cksum_0' update because condition not met
[13:38:20.455] [bmv2] [T] [thread 2151] [6.0] [cxt 0] Skipping checksum 'cksum_1' update because condition not met
[13:38:20.455] [bmv2] [D] [thread 2151] [6.0] [cxt 0] Deparsing header 'ethernet'
[13:38:20.455] [bmv2] [D] [thread 2151] [6.0] [cxt 0] Deparser 'deparser': end
[13:38:20.455] [bmv2] [D] [thread 2155] [6.0] [cxt 0] Transmitting packet of size 70 out of port 0
[13:38:27.110] [bmv2] [D] [thread 2150] [7.0] [cxt 0] Processing packet received on port 2
[13:38:27.110] [bmv2] [D] [thread 2150] [7.0] [cxt 0] Parser 'parser': start
[13:38:27.110] [bmv2] [D] [thread 2150] [7.0] [cxt 0] Parser 'parser' entering state 'start'
[13:38:27.110] [bmv2] [D] [thread 2150] [7.0] [cxt 0] Extracting header 'ethernet'
[13:38:27.110] [bmv2] [D] [thread 2150] [7.0] [cxt 0] Parser state 'start': key is 86dd
[13:38:27.110] [bmv2] [T] [thread 2150] [7.0] [cxt 0] Bytes parsed: 14
[13:38:27.110] [bmv2] [D] [thread 2150] [7.0] [cxt 0] Parser 'parser': end
[13:38:27.110] [bmv2] [D] [thread 2150] [7.0] [cxt 0] Pipeline 'ingress': start
[13:38:27.110] [bmv2] [T] [thread 2150] [7.0] [cxt 0] basic.p4(164) Condition "hdr.ipv4.isValid()" (node_2) is false
[13:38:27.110] [bmv2] [D] [thread 2150] [7.0] [cxt 0] Pipeline 'ingress': end
[13:38:27.110] [bmv2] [D] [thread 2150] [7.0] [cxt 0] Egress port is 0
[13:38:27.110] [bmv2] [D] [thread 2151] [7.0] [cxt 0] Pipeline 'egress': start
[13:38:27.110] [bmv2] [D] [thread 2151] [7.0] [cxt 0] Pipeline 'egress': end
[13:38:27.110] [bmv2] [D] [thread 2151] [7.0] [cxt 0] Deparser 'deparser': start
[13:38:27.110] [bmv2] [T] [thread 2151] [7.0] [cxt 0] Skipping checksum 'cksum' update because condition not met
[13:38:27.110] [bmv2] [T] [thread 2151] [7.0] [cxt 0] Skipping checksum 'cksum_0' update because condition not met
[13:38:27.110] [bmv2] [T] [thread 2151] [7.0] [cxt 0] Skipping checksum 'cksum_1' update because condition not met
[13:38:27.110] [bmv2] [D] [thread 2151] [7.0] [cxt 0] Deparsing header 'ethernet'
[13:38:27.110] [bmv2] [D] [thread 2151] [7.0] [cxt 0] Deparser 'deparser': end
[13:38:27.110] [bmv2] [D] [thread 2155] [7.0] [cxt 0] Transmitting packet of size 70 out of port 0
[13:38:27.365] [bmv2] [D] [thread 2150] [8.0] [cxt 0] Processing packet received on port 2
[13:38:27.365] [bmv2] [D] [thread 2150] [8.0] [cxt 0] Parser 'parser': start
[13:38:27.365] [bmv2] [D] [thread 2150] [8.0] [cxt 0] Parser 'parser' entering state 'start'
[13:38:27.365] [bmv2] [D] [thread 2150] [8.0] [cxt 0] Extracting header 'ethernet'
[13:38:27.365] [bmv2] [D] [thread 2150] [8.0] [cxt 0] Parser state 'start': key is 86dd
[13:38:27.365] [bmv2] [T] [thread 2150] [8.0] [cxt 0] Bytes parsed: 14
[13:38:27.365] [bmv2] [D] [thread 2150] [8.0] [cxt 0] Parser 'parser': end
[13:38:27.365] [bmv2] [D] [thread 2150] [8.0] [cxt 0] Pipeline 'ingress': start
[13:38:27.365] [bmv2] [T] [thread 2150] [8.0] [cxt 0] basic.p4(164) Condition "hdr.ipv4.isValid()" (node_2) is false
[13:38:27.365] [bmv2] [D] [thread 2150] [8.0] [cxt 0] Pipeline 'ingress': end
[13:38:27.366] [bmv2] [D] [thread 2150] [8.0] [cxt 0] Egress port is 0
[13:38:27.366] [bmv2] [D] [thread 2151] [8.0] [cxt 0] Pipeline 'egress': start
[13:38:27.366] [bmv2] [D] [thread 2151] [8.0] [cxt 0] Pipeline 'egress': end
[13:38:27.366] [bmv2] [D] [thread 2151] [8.0] [cxt 0] Deparser 'deparser': start
[13:38:27.366] [bmv2] [T] [thread 2151] [8.0] [cxt 0] Skipping checksum 'cksum' update because condition not met
[13:38:27.366] [bmv2] [T] [thread 2151] [8.0] [cxt 0] Skipping checksum 'cksum_0' update because condition not met
[13:38:27.366] [bmv2] [T] [thread 2151] [8.0] [cxt 0] Skipping checksum 'cksum_1' update because condition not met
[13:38:27.366] [bmv2] [D] [thread 2151] [8.0] [cxt 0] Deparsing header 'ethernet'
[13:38:27.366] [bmv2] [D] [thread 2151] [8.0] [cxt 0] Deparser 'deparser': end
[13:38:27.366] [bmv2] [D] [thread 2155] [8.0] [cxt 0] Transmitting packet of size 70 out of port 0
[13:38:29.158] [bmv2] [D] [thread 2150] [9.0] [cxt 0] Processing packet received on port 1
[13:38:29.158] [bmv2] [D] [thread 2150] [9.0] [cxt 0] Parser 'parser': start
[13:38:29.158] [bmv2] [D] [thread 2150] [9.0] [cxt 0] Parser 'parser' entering state 'start'
[13:38:29.158] [bmv2] [D] [thread 2150] [9.0] [cxt 0] Extracting header 'ethernet'
[13:38:29.158] [bmv2] [D] [thread 2150] [9.0] [cxt 0] Parser state 'start': key is 86dd
[13:38:29.158] [bmv2] [T] [thread 2150] [9.0] [cxt 0] Bytes parsed: 14
[13:38:29.158] [bmv2] [D] [thread 2150] [9.0] [cxt 0] Parser 'parser': end
[13:38:29.158] [bmv2] [D] [thread 2150] [9.0] [cxt 0] Pipeline 'ingress': start
[13:38:29.158] [bmv2] [T] [thread 2150] [9.0] [cxt 0] basic.p4(164) Condition "hdr.ipv4.isValid()" (node_2) is false
[13:38:29.158] [bmv2] [D] [thread 2150] [9.0] [cxt 0] Pipeline 'ingress': end
[13:38:29.158] [bmv2] [D] [thread 2150] [9.0] [cxt 0] Egress port is 0
[13:38:29.158] [bmv2] [D] [thread 2150] [10.0] [cxt 0] Processing packet received on port 1
[13:38:29.158] [bmv2] [D] [thread 2150] [10.0] [cxt 0] Parser 'parser': start
[13:38:29.158] [bmv2] [D] [thread 2150] [10.0] [cxt 0] Parser 'parser' entering state 'start'
[13:38:29.158] [bmv2] [D] [thread 2150] [10.0] [cxt 0] Extracting header 'ethernet'
[13:38:29.158] [bmv2] [D] [thread 2150] [10.0] [cxt 0] Parser state 'start': key is 86dd
[13:38:29.158] [bmv2] [T] [thread 2150] [10.0] [cxt 0] Bytes parsed: 14
[13:38:29.158] [bmv2] [D] [thread 2150] [10.0] [cxt 0] Parser 'parser': end
[13:38:29.158] [bmv2] [D] [thread 2150] [10.0] [cxt 0] Pipeline 'ingress': start
[13:38:29.158] [bmv2] [T] [thread 2150] [10.0] [cxt 0] basic.p4(164) Condition "hdr.ipv4.isValid()" (node_2) is false
[13:38:29.158] [bmv2] [D] [thread 2150] [10.0] [cxt 0] Pipeline 'ingress': end
[13:38:29.158] [bmv2] [D] [thread 2150] [10.0] [cxt 0] Egress port is 0
[13:38:29.158] [bmv2] [D] [thread 2151] [9.0] [cxt 0] Pipeline 'egress': start
[13:38:29.158] [bmv2] [D] [thread 2151] [9.0] [cxt 0] Pipeline 'egress': end
[13:38:29.158] [bmv2] [D] [thread 2151] [9.0] [cxt 0] Deparser 'deparser': start
[13:38:29.158] [bmv2] [T] [thread 2151] [9.0] [cxt 0] Skipping checksum 'cksum' update because condition not met
[13:38:29.158] [bmv2] [T] [thread 2151] [9.0] [cxt 0] Skipping checksum 'cksum_0' update because condition not met
[13:38:29.158] [bmv2] [T] [thread 2151] [9.0] [cxt 0] Skipping checksum 'cksum_1' update because condition not met
[13:38:29.158] [bmv2] [D] [thread 2151] [9.0] [cxt 0] Deparsing header 'ethernet'
[13:38:29.158] [bmv2] [D] [thread 2151] [9.0] [cxt 0] Deparser 'deparser': end
[13:38:29.158] [bmv2] [D] [thread 2151] [10.0] [cxt 0] Pipeline 'egress': start
[13:38:29.158] [bmv2] [D] [thread 2151] [10.0] [cxt 0] Pipeline 'egress': end
[13:38:29.158] [bmv2] [D] [thread 2151] [10.0] [cxt 0] Deparser 'deparser': start
[13:38:29.158] [bmv2] [T] [thread 2151] [10.0] [cxt 0] Skipping checksum 'cksum' update because condition not met
[13:38:29.158] [bmv2] [T] [thread 2151] [10.0] [cxt 0] Skipping checksum 'cksum_0' update because condition not met
[13:38:29.158] [bmv2] [T] [thread 2151] [10.0] [cxt 0] Skipping checksum 'cksum_1' update because condition not met
[13:38:29.158] [bmv2] [D] [thread 2155] [9.0] [cxt 0] Transmitting packet of size 70 out of port 0
[13:38:29.158] [bmv2] [D] [thread 2151] [10.0] [cxt 0] Deparsing header 'ethernet'
[13:38:29.158] [bmv2] [D] [thread 2151] [10.0] [cxt 0] Deparser 'deparser': end
[13:38:29.158] [bmv2] [D] [thread 2155] [10.0] [cxt 0] Transmitting packet of size 70 out of port 0
[13:38:42.470] [bmv2] [D] [thread 2150] [11.0] [cxt 0] Processing packet received on port 2
[13:38:42.470] [bmv2] [D] [thread 2150] [11.0] [cxt 0] Parser 'parser': start
[13:38:42.470] [bmv2] [D] [thread 2150] [11.0] [cxt 0] Parser 'parser' entering state 'start'
[13:38:42.470] [bmv2] [D] [thread 2150] [11.0] [cxt 0] Extracting header 'ethernet'
[13:38:42.470] [bmv2] [D] [thread 2150] [11.0] [cxt 0] Parser state 'start': key is 86dd
[13:38:42.470] [bmv2] [T] [thread 2150] [11.0] [cxt 0] Bytes parsed: 14
[13:38:42.470] [bmv2] [D] [thread 2150] [11.0] [cxt 0] Parser 'parser': end
[13:38:42.470] [bmv2] [D] [thread 2150] [11.0] [cxt 0] Pipeline 'ingress': start
[13:38:42.470] [bmv2] [T] [thread 2150] [11.0] [cxt 0] basic.p4(164) Condition "hdr.ipv4.isValid()" (node_2) is false
[13:38:42.470] [bmv2] [D] [thread 2150] [11.0] [cxt 0] Pipeline 'ingress': end
[13:38:42.470] [bmv2] [D] [thread 2150] [11.0] [cxt 0] Egress port is 0
[13:38:42.470] [bmv2] [D] [thread 2151] [11.0] [cxt 0] Pipeline 'egress': start
[13:38:42.470] [bmv2] [D] [thread 2151] [11.0] [cxt 0] Pipeline 'egress': end
[13:38:42.470] [bmv2] [D] [thread 2151] [11.0] [cxt 0] Deparser 'deparser': start
[13:38:42.470] [bmv2] [T] [thread 2151] [11.0] [cxt 0] Skipping checksum 'cksum' update because condition not met
[13:38:42.470] [bmv2] [T] [thread 2151] [11.0] [cxt 0] Skipping checksum 'cksum_0' update because condition not met
[13:38:42.470] [bmv2] [T] [thread 2151] [11.0] [cxt 0] Skipping checksum 'cksum_1' update because condition not met
[13:38:42.470] [bmv2] [D] [thread 2151] [11.0] [cxt 0] Deparsing header 'ethernet'
[13:38:42.470] [bmv2] [D] [thread 2151] [11.0] [cxt 0] Deparser 'deparser': end
[13:38:42.470] [bmv2] [D] [thread 2155] [11.0] [cxt 0] Transmitting packet of size 70 out of port 0
[13:38:43.245] [bmv2] [D] [thread 2150] [12.0] [cxt 0] Processing packet received on port 2
[13:38:43.245] [bmv2] [D] [thread 2150] [12.0] [cxt 0] Parser 'parser': start
[13:38:43.245] [bmv2] [D] [thread 2150] [12.0] [cxt 0] Parser 'parser' entering state 'start'
[13:38:43.245] [bmv2] [D] [thread 2150] [12.0] [cxt 0] Extracting header 'ethernet'
[13:38:43.245] [bmv2] [D] [thread 2150] [12.0] [cxt 0] Parser state 'start': key is 86dd
[13:38:43.245] [bmv2] [T] [thread 2150] [12.0] [cxt 0] Bytes parsed: 14
[13:38:43.245] [bmv2] [D] [thread 2150] [12.0] [cxt 0] Parser 'parser': end
[13:38:43.245] [bmv2] [D] [thread 2150] [12.0] [cxt 0] Pipeline 'ingress': start
[13:38:43.245] [bmv2] [T] [thread 2150] [12.0] [cxt 0] basic.p4(164) Condition "hdr.ipv4.isValid()" (node_2) is false
[13:38:43.245] [bmv2] [D] [thread 2150] [12.0] [cxt 0] Pipeline 'ingress': end
[13:38:43.245] [bmv2] [D] [thread 2150] [12.0] [cxt 0] Egress port is 0
[13:38:43.245] [bmv2] [D] [thread 2151] [12.0] [cxt 0] Pipeline 'egress': start
[13:38:43.245] [bmv2] [D] [thread 2151] [12.0] [cxt 0] Pipeline 'egress': end
[13:38:43.245] [bmv2] [D] [thread 2151] [12.0] [cxt 0] Deparser 'deparser': start
[13:38:43.245] [bmv2] [T] [thread 2151] [12.0] [cxt 0] Skipping checksum 'cksum' update because condition not met
[13:38:43.245] [bmv2] [T] [thread 2151] [12.0] [cxt 0] Skipping checksum 'cksum_0' update because condition not met
[13:38:43.245] [bmv2] [T] [thread 2151] [12.0] [cxt 0] Skipping checksum 'cksum_1' update because condition not met
[13:38:43.245] [bmv2] [D] [thread 2151] [12.0] [cxt 0] Deparsing header 'ethernet'
[13:38:43.245] [bmv2] [D] [thread 2151] [12.0] [cxt 0] Deparser 'deparser': end
[13:38:43.245] [bmv2] [D] [thread 2155] [12.0] [cxt 0] Transmitting packet of size 70 out of port 0
[13:38:47.590] [bmv2] [D] [thread 2150] [13.0] [cxt 0] Processing packet received on port 1
[13:38:47.590] [bmv2] [D] [thread 2150] [13.0] [cxt 0] Parser 'parser': start
[13:38:47.590] [bmv2] [D] [thread 2150] [13.0] [cxt 0] Parser 'parser' entering state 'start'
[13:38:47.590] [bmv2] [D] [thread 2150] [13.0] [cxt 0] Extracting header 'ethernet'
[13:38:47.590] [bmv2] [D] [thread 2150] [13.0] [cxt 0] Parser state 'start': key is 86dd
[13:38:47.590] [bmv2] [T] [thread 2150] [13.0] [cxt 0] Bytes parsed: 14
[13:38:47.590] [bmv2] [D] [thread 2150] [13.0] [cxt 0] Parser 'parser': end
[13:38:47.590] [bmv2] [D] [thread 2150] [13.0] [cxt 0] Pipeline 'ingress': start
[13:38:47.590] [bmv2] [T] [thread 2150] [13.0] [cxt 0] basic.p4(164) Condition "hdr.ipv4.isValid()" (node_2) is false
[13:38:47.590] [bmv2] [D] [thread 2150] [13.0] [cxt 0] Pipeline 'ingress': end
[13:38:47.590] [bmv2] [D] [thread 2150] [13.0] [cxt 0] Egress port is 0
[13:38:47.590] [bmv2] [D] [thread 2150] [14.0] [cxt 0] Processing packet received on port 1
[13:38:47.590] [bmv2] [D] [thread 2150] [14.0] [cxt 0] Parser 'parser': start
[13:38:47.590] [bmv2] [D] [thread 2150] [14.0] [cxt 0] Parser 'parser' entering state 'start'
[13:38:47.590] [bmv2] [D] [thread 2150] [14.0] [cxt 0] Extracting header 'ethernet'
[13:38:47.590] [bmv2] [D] [thread 2150] [14.0] [cxt 0] Parser state 'start': key is 86dd
[13:38:47.590] [bmv2] [T] [thread 2150] [14.0] [cxt 0] Bytes parsed: 14
[13:38:47.590] [bmv2] [D] [thread 2150] [14.0] [cxt 0] Parser 'parser': end
[13:38:47.590] [bmv2] [D] [thread 2150] [14.0] [cxt 0] Pipeline 'ingress': start
[13:38:47.590] [bmv2] [T] [thread 2150] [14.0] [cxt 0] basic.p4(164) Condition "hdr.ipv4.isValid()" (node_2) is false
[13:38:47.590] [bmv2] [D] [thread 2150] [14.0] [cxt 0] Pipeline 'ingress': end
[13:38:47.590] [bmv2] [D] [thread 2150] [14.0] [cxt 0] Egress port is 0
[13:38:47.590] [bmv2] [D] [thread 2151] [13.0] [cxt 0] Pipeline 'egress': start
[13:38:47.590] [bmv2] [D] [thread 2151] [13.0] [cxt 0] Pipeline 'egress': end
[13:38:47.590] [bmv2] [D] [thread 2151] [13.0] [cxt 0] Deparser 'deparser': start
[13:38:47.590] [bmv2] [T] [thread 2151] [13.0] [cxt 0] Skipping checksum 'cksum' update because condition not met
[13:38:47.590] [bmv2] [T] [thread 2151] [13.0] [cxt 0] Skipping checksum 'cksum_0' update because condition not met
[13:38:47.590] [bmv2] [T] [thread 2151] [13.0] [cxt 0] Skipping checksum 'cksum_1' update because condition not met
[13:38:47.590] [bmv2] [D] [thread 2151] [13.0] [cxt 0] Deparsing header 'ethernet'
[13:38:47.590] [bmv2] [D] [thread 2151] [13.0] [cxt 0] Deparser 'deparser': end
[13:38:47.590] [bmv2] [D] [thread 2151] [14.0] [cxt 0] Pipeline 'egress': start
[13:38:47.590] [bmv2] [D] [thread 2151] [14.0] [cxt 0] Pipeline 'egress': end
[13:38:47.590] [bmv2] [D] [thread 2151] [14.0] [cxt 0] Deparser 'deparser': start
[13:38:47.590] [bmv2] [T] [thread 2151] [14.0] [cxt 0] Skipping checksum 'cksum' update because condition not met
[13:38:47.590] [bmv2] [T] [thread 2151] [14.0] [cxt 0] Skipping checksum 'cksum_0' update because condition not met
[13:38:47.590] [bmv2] [T] [thread 2151] [14.0] [cxt 0] Skipping checksum 'cksum_1' update because condition not met
[13:38:47.590] [bmv2] [D] [thread 2151] [14.0] [cxt 0] Deparsing header 'ethernet'
[13:38:47.590] [bmv2] [D] [thread 2151] [14.0] [cxt 0] Deparser 'deparser': end
[13:38:47.590] [bmv2] [D] [thread 2155] [13.0] [cxt 0] Transmitting packet of size 70 out of port 0
[13:38:47.590] [bmv2] [D] [thread 2155] [14.0] [cxt 0] Transmitting packet of size 70 out of port 0
[13:39:16.262] [bmv2] [D] [thread 2150] [15.0] [cxt 0] Processing packet received on port 2
[13:39:16.262] [bmv2] [D] [thread 2150] [15.0] [cxt 0] Parser 'parser': start
[13:39:16.262] [bmv2] [D] [thread 2150] [15.0] [cxt 0] Parser 'parser' entering state 'start'
[13:39:16.262] [bmv2] [D] [thread 2150] [15.0] [cxt 0] Extracting header 'ethernet'
[13:39:16.262] [bmv2] [D] [thread 2150] [15.0] [cxt 0] Parser state 'start': key is 86dd
[13:39:16.262] [bmv2] [T] [thread 2150] [15.0] [cxt 0] Bytes parsed: 14
[13:39:16.262] [bmv2] [D] [thread 2150] [15.0] [cxt 0] Parser 'parser': end
[13:39:16.262] [bmv2] [D] [thread 2150] [15.0] [cxt 0] Pipeline 'ingress': start
[13:39:16.262] [bmv2] [T] [thread 2150] [15.0] [cxt 0] basic.p4(164) Condition "hdr.ipv4.isValid()" (node_2) is false
[13:39:16.262] [bmv2] [D] [thread 2150] [15.0] [cxt 0] Pipeline 'ingress': end
[13:39:16.262] [bmv2] [D] [thread 2150] [15.0] [cxt 0] Egress port is 0
[13:39:16.262] [bmv2] [D] [thread 2150] [16.0] [cxt 0] Processing packet received on port 2
[13:39:16.262] [bmv2] [D] [thread 2150] [16.0] [cxt 0] Parser 'parser': start
[13:39:16.262] [bmv2] [D] [thread 2150] [16.0] [cxt 0] Parser 'parser' entering state 'start'
[13:39:16.262] [bmv2] [D] [thread 2150] [16.0] [cxt 0] Extracting header 'ethernet'
[13:39:16.262] [bmv2] [D] [thread 2150] [16.0] [cxt 0] Parser state 'start': key is 86dd
[13:39:16.262] [bmv2] [T] [thread 2150] [16.0] [cxt 0] Bytes parsed: 14
[13:39:16.262] [bmv2] [D] [thread 2150] [16.0] [cxt 0] Parser 'parser': end
[13:39:16.262] [bmv2] [D] [thread 2150] [16.0] [cxt 0] Pipeline 'ingress': start
[13:39:16.262] [bmv2] [T] [thread 2150] [16.0] [cxt 0] basic.p4(164) Condition "hdr.ipv4.isValid()" (node_2) is false
[13:39:16.262] [bmv2] [D] [thread 2150] [16.0] [cxt 0] Pipeline 'ingress': end
[13:39:16.262] [bmv2] [D] [thread 2150] [16.0] [cxt 0] Egress port is 0
[13:39:16.262] [bmv2] [D] [thread 2151] [15.0] [cxt 0] Pipeline 'egress': start
[13:39:16.262] [bmv2] [D] [thread 2151] [15.0] [cxt 0] Pipeline 'egress': end
[13:39:16.262] [bmv2] [D] [thread 2151] [15.0] [cxt 0] Deparser 'deparser': start
[13:39:16.262] [bmv2] [T] [thread 2151] [15.0] [cxt 0] Skipping checksum 'cksum' update because condition not met
[13:39:16.262] [bmv2] [T] [thread 2151] [15.0] [cxt 0] Skipping checksum 'cksum_0' update because condition not met
[13:39:16.262] [bmv2] [T] [thread 2151] [15.0] [cxt 0] Skipping checksum 'cksum_1' update because condition not met
[13:39:16.262] [bmv2] [D] [thread 2151] [15.0] [cxt 0] Deparsing header 'ethernet'
[13:39:16.262] [bmv2] [D] [thread 2151] [15.0] [cxt 0] Deparser 'deparser': end
[13:39:16.262] [bmv2] [D] [thread 2151] [16.0] [cxt 0] Pipeline 'egress': start
[13:39:16.262] [bmv2] [D] [thread 2151] [16.0] [cxt 0] Pipeline 'egress': end
[13:39:16.262] [bmv2] [D] [thread 2151] [16.0] [cxt 0] Deparser 'deparser': start
[13:39:16.262] [bmv2] [T] [thread 2151] [16.0] [cxt 0] Skipping checksum 'cksum' update because condition not met
[13:39:16.262] [bmv2] [T] [thread 2151] [16.0] [cxt 0] Skipping checksum 'cksum_0' update because condition not met
[13:39:16.262] [bmv2] [T] [thread 2151] [16.0] [cxt 0] Skipping checksum 'cksum_1' update because condition not met
[13:39:16.262] [bmv2] [D] [thread 2151] [16.0] [cxt 0] Deparsing header 'ethernet'
[13:39:16.262] [bmv2] [D] [thread 2151] [16.0] [cxt 0] Deparser 'deparser': end
[13:39:16.262] [bmv2] [D] [thread 2155] [15.0] [cxt 0] Transmitting packet of size 70 out of port 0
[13:39:16.262] [bmv2] [D] [thread 2155] [16.0] [cxt 0] Transmitting packet of size 70 out of port 0
[13:39:20.358] [bmv2] [D] [thread 2150] [17.0] [cxt 0] Processing packet received on port 1
[13:39:20.358] [bmv2] [D] [thread 2150] [17.0] [cxt 0] Parser 'parser': start
[13:39:20.358] [bmv2] [D] [thread 2150] [17.0] [cxt 0] Parser 'parser' entering state 'start'
[13:39:20.358] [bmv2] [D] [thread 2150] [17.0] [cxt 0] Extracting header 'ethernet'
[13:39:20.358] [bmv2] [D] [thread 2150] [17.0] [cxt 0] Parser state 'start': key is 86dd
[13:39:20.358] [bmv2] [T] [thread 2150] [17.0] [cxt 0] Bytes parsed: 14
[13:39:20.358] [bmv2] [D] [thread 2150] [17.0] [cxt 0] Parser 'parser': end
[13:39:20.358] [bmv2] [D] [thread 2150] [17.0] [cxt 0] Pipeline 'ingress': start
[13:39:20.358] [bmv2] [T] [thread 2150] [17.0] [cxt 0] basic.p4(164) Condition "hdr.ipv4.isValid()" (node_2) is false
[13:39:20.358] [bmv2] [D] [thread 2150] [17.0] [cxt 0] Pipeline 'ingress': end
[13:39:20.358] [bmv2] [D] [thread 2150] [17.0] [cxt 0] Egress port is 0
[13:39:20.358] [bmv2] [D] [thread 2151] [17.0] [cxt 0] Pipeline 'egress': start
[13:39:20.358] [bmv2] [D] [thread 2151] [17.0] [cxt 0] Pipeline 'egress': end
[13:39:20.358] [bmv2] [D] [thread 2151] [17.0] [cxt 0] Deparser 'deparser': start
[13:39:20.358] [bmv2] [T] [thread 2151] [17.0] [cxt 0] Skipping checksum 'cksum' update because condition not met
[13:39:20.358] [bmv2] [T] [thread 2151] [17.0] [cxt 0] Skipping checksum 'cksum_0' update because condition not met
[13:39:20.358] [bmv2] [T] [thread 2151] [17.0] [cxt 0] Skipping checksum 'cksum_1' update because condition not met
[13:39:20.358] [bmv2] [D] [thread 2151] [17.0] [cxt 0] Deparsing header 'ethernet'
[13:39:20.358] [bmv2] [D] [thread 2151] [17.0] [cxt 0] Deparser 'deparser': end
[13:39:20.358] [bmv2] [D] [thread 2155] [17.0] [cxt 0] Transmitting packet of size 70 out of port 0
[13:39:24.453] [bmv2] [D] [thread 2150] [18.0] [cxt 0] Processing packet received on port 1
[13:39:24.453] [bmv2] [D] [thread 2150] [18.0] [cxt 0] Parser 'parser': start
[13:39:24.453] [bmv2] [D] [thread 2150] [18.0] [cxt 0] Parser 'parser' entering state 'start'
[13:39:24.453] [bmv2] [D] [thread 2150] [18.0] [cxt 0] Extracting header 'ethernet'
[13:39:24.453] [bmv2] [D] [thread 2150] [18.0] [cxt 0] Parser state 'start': key is 86dd
[13:39:24.453] [bmv2] [T] [thread 2150] [18.0] [cxt 0] Bytes parsed: 14
[13:39:24.453] [bmv2] [D] [thread 2150] [18.0] [cxt 0] Parser 'parser': end
[13:39:24.453] [bmv2] [D] [thread 2150] [18.0] [cxt 0] Pipeline 'ingress': start
[13:39:24.453] [bmv2] [T] [thread 2150] [18.0] [cxt 0] basic.p4(164) Condition "hdr.ipv4.isValid()" (node_2) is false
[13:39:24.453] [bmv2] [D] [thread 2150] [18.0] [cxt 0] Pipeline 'ingress': end
[13:39:24.453] [bmv2] [D] [thread 2150] [18.0] [cxt 0] Egress port is 0
[13:39:24.453] [bmv2] [D] [thread 2151] [18.0] [cxt 0] Pipeline 'egress': start
[13:39:24.453] [bmv2] [D] [thread 2151] [18.0] [cxt 0] Pipeline 'egress': end
[13:39:24.453] [bmv2] [D] [thread 2151] [18.0] [cxt 0] Deparser 'deparser': start
[13:39:24.453] [bmv2] [T] [thread 2151] [18.0] [cxt 0] Skipping checksum 'cksum' update because condition not met
[13:39:24.453] [bmv2] [T] [thread 2151] [18.0] [cxt 0] Skipping checksum 'cksum_0' update because condition not met
[13:39:24.453] [bmv2] [T] [thread 2151] [18.0] [cxt 0] Skipping checksum 'cksum_1' update because condition not met
[13:39:24.453] [bmv2] [D] [thread 2151] [18.0] [cxt 0] Deparsing header 'ethernet'
[13:39:24.453] [bmv2] [D] [thread 2151] [18.0] [cxt 0] Deparser 'deparser': end
[13:39:24.453] [bmv2] [D] [thread 2155] [18.0] [cxt 0] Transmitting packet of size 70 out of port 0
[13:40:19.758] [bmv2] [D] [thread 2150] [19.0] [cxt 0] Processing packet received on port 2
[13:40:19.758] [bmv2] [D] [thread 2150] [19.0] [cxt 0] Parser 'parser': start
[13:40:19.758] [bmv2] [D] [thread 2150] [19.0] [cxt 0] Parser 'parser' entering state 'start'
[13:40:19.758] [bmv2] [D] [thread 2150] [19.0] [cxt 0] Extracting header 'ethernet'
[13:40:19.758] [bmv2] [D] [thread 2150] [19.0] [cxt 0] Parser state 'start': key is 86dd
[13:40:19.758] [bmv2] [T] [thread 2150] [19.0] [cxt 0] Bytes parsed: 14
[13:40:19.758] [bmv2] [D] [thread 2150] [19.0] [cxt 0] Parser 'parser': end
[13:40:19.758] [bmv2] [D] [thread 2150] [19.0] [cxt 0] Pipeline 'ingress': start
[13:40:19.758] [bmv2] [T] [thread 2150] [19.0] [cxt 0] basic.p4(164) Condition "hdr.ipv4.isValid()" (node_2) is false
[13:40:19.758] [bmv2] [D] [thread 2150] [19.0] [cxt 0] Pipeline 'ingress': end
[13:40:19.758] [bmv2] [D] [thread 2150] [19.0] [cxt 0] Egress port is 0
[13:40:19.758] [bmv2] [D] [thread 2151] [19.0] [cxt 0] Pipeline 'egress': start
[13:40:19.758] [bmv2] [D] [thread 2151] [19.0] [cxt 0] Pipeline 'egress': end
[13:40:19.758] [bmv2] [D] [thread 2151] [19.0] [cxt 0] Deparser 'deparser': start
[13:40:19.758] [bmv2] [T] [thread 2151] [19.0] [cxt 0] Skipping checksum 'cksum' update because condition not met
[13:40:19.758] [bmv2] [T] [thread 2151] [19.0] [cxt 0] Skipping checksum 'cksum_0' update because condition not met
[13:40:19.758] [bmv2] [T] [thread 2151] [19.0] [cxt 0] Skipping checksum 'cksum_1' update because condition not met
[13:40:19.758] [bmv2] [D] [thread 2151] [19.0] [cxt 0] Deparsing header 'ethernet'
[13:40:19.758] [bmv2] [D] [thread 2151] [19.0] [cxt 0] Deparser 'deparser': end
[13:40:19.758] [bmv2] [D] [thread 2155] [19.0] [cxt 0] Transmitting packet of size 70 out of port 0
[13:40:21.798] [bmv2] [D] [thread 2150] [20.0] [cxt 0] Processing packet received on port 2
[13:40:21.798] [bmv2] [D] [thread 2150] [20.0] [cxt 0] Parser 'parser': start
[13:40:21.798] [bmv2] [D] [thread 2150] [20.0] [cxt 0] Parser 'parser' entering state 'start'
[13:40:21.798] [bmv2] [D] [thread 2150] [20.0] [cxt 0] Extracting header 'ethernet'
[13:40:21.798] [bmv2] [D] [thread 2150] [20.0] [cxt 0] Parser state 'start': key is 86dd
[13:40:21.798] [bmv2] [T] [thread 2150] [20.0] [cxt 0] Bytes parsed: 14
[13:40:21.798] [bmv2] [D] [thread 2150] [20.0] [cxt 0] Parser 'parser': end
[13:40:21.798] [bmv2] [D] [thread 2150] [20.0] [cxt 0] Pipeline 'ingress': start
[13:40:21.798] [bmv2] [T] [thread 2150] [20.0] [cxt 0] basic.p4(164) Condition "hdr.ipv4.isValid()" (node_2) is false
[13:40:21.798] [bmv2] [D] [thread 2150] [20.0] [cxt 0] Pipeline 'ingress': end
[13:40:21.798] [bmv2] [D] [thread 2150] [20.0] [cxt 0] Egress port is 0
[13:40:21.798] [bmv2] [D] [thread 2151] [20.0] [cxt 0] Pipeline 'egress': start
[13:40:21.798] [bmv2] [D] [thread 2151] [20.0] [cxt 0] Pipeline 'egress': end
[13:40:21.798] [bmv2] [D] [thread 2151] [20.0] [cxt 0] Deparser 'deparser': start
[13:40:21.798] [bmv2] [T] [thread 2151] [20.0] [cxt 0] Skipping checksum 'cksum' update because condition not met
[13:40:21.798] [bmv2] [T] [thread 2151] [20.0] [cxt 0] Skipping checksum 'cksum_0' update because condition not met
[13:40:21.798] [bmv2] [T] [thread 2151] [20.0] [cxt 0] Skipping checksum 'cksum_1' update because condition not met
[13:40:21.798] [bmv2] [D] [thread 2151] [20.0] [cxt 0] Deparsing header 'ethernet'
[13:40:21.798] [bmv2] [D] [thread 2151] [20.0] [cxt 0] Deparser 'deparser': end
[13:40:21.798] [bmv2] [D] [thread 2155] [20.0] [cxt 0] Transmitting packet of size 70 out of port 0
[13:40:25.893] [bmv2] [D] [thread 2150] [21.0] [cxt 0] Processing packet received on port 1
[13:40:25.893] [bmv2] [D] [thread 2150] [21.0] [cxt 0] Parser 'parser': start
[13:40:25.893] [bmv2] [D] [thread 2150] [21.0] [cxt 0] Parser 'parser' entering state 'start'
[13:40:25.893] [bmv2] [D] [thread 2150] [21.0] [cxt 0] Extracting header 'ethernet'
[13:40:25.893] [bmv2] [D] [thread 2150] [21.0] [cxt 0] Parser state 'start': key is 86dd
[13:40:25.893] [bmv2] [T] [thread 2150] [21.0] [cxt 0] Bytes parsed: 14
[13:40:25.893] [bmv2] [D] [thread 2150] [21.0] [cxt 0] Parser 'parser': end
[13:40:25.893] [bmv2] [D] [thread 2150] [21.0] [cxt 0] Pipeline 'ingress': start
[13:40:25.893] [bmv2] [T] [thread 2150] [21.0] [cxt 0] basic.p4(164) Condition "hdr.ipv4.isValid()" (node_2) is false
[13:40:25.893] [bmv2] [D] [thread 2150] [21.0] [cxt 0] Pipeline 'ingress': end
[13:40:25.893] [bmv2] [D] [thread 2150] [21.0] [cxt 0] Egress port is 0
[13:40:25.893] [bmv2] [D] [thread 2151] [21.0] [cxt 0] Pipeline 'egress': start
[13:40:25.893] [bmv2] [D] [thread 2151] [21.0] [cxt 0] Pipeline 'egress': end
[13:40:25.893] [bmv2] [D] [thread 2151] [21.0] [cxt 0] Deparser 'deparser': start
[13:40:25.893] [bmv2] [T] [thread 2151] [21.0] [cxt 0] Skipping checksum 'cksum' update because condition not met
[13:40:25.893] [bmv2] [T] [thread 2151] [21.0] [cxt 0] Skipping checksum 'cksum_0' update because condition not met
[13:40:25.893] [bmv2] [T] [thread 2151] [21.0] [cxt 0] Skipping checksum 'cksum_1' update because condition not met
[13:40:25.893] [bmv2] [D] [thread 2151] [21.0] [cxt 0] Deparsing header 'ethernet'
[13:40:25.893] [bmv2] [D] [thread 2151] [21.0] [cxt 0] Deparser 'deparser': end
[13:40:25.893] [bmv2] [D] [thread 2155] [21.0] [cxt 0] Transmitting packet of size 70 out of port 0
[13:40:40.239] [bmv2] [D] [thread 2150] [22.0] [cxt 0] Processing packet received on port 1
[13:40:40.239] [bmv2] [D] [thread 2150] [22.0] [cxt 0] Parser 'parser': start
[13:40:40.239] [bmv2] [D] [thread 2150] [22.0] [cxt 0] Parser 'parser' entering state 'start'
[13:40:40.239] [bmv2] [D] [thread 2150] [22.0] [cxt 0] Extracting header 'ethernet'
[13:40:40.239] [bmv2] [D] [thread 2150] [22.0] [cxt 0] Parser state 'start': key is 86dd
[13:40:40.239] [bmv2] [T] [thread 2150] [22.0] [cxt 0] Bytes parsed: 14
[13:40:40.239] [bmv2] [D] [thread 2150] [22.0] [cxt 0] Parser 'parser': end
[13:40:40.239] [bmv2] [D] [thread 2150] [22.0] [cxt 0] Pipeline 'ingress': start
[13:40:40.239] [bmv2] [T] [thread 2150] [22.0] [cxt 0] basic.p4(164) Condition "hdr.ipv4.isValid()" (node_2) is false
[13:40:40.239] [bmv2] [D] [thread 2150] [22.0] [cxt 0] Pipeline 'ingress': end
[13:40:40.239] [bmv2] [D] [thread 2150] [22.0] [cxt 0] Egress port is 0
[13:40:40.239] [bmv2] [D] [thread 2151] [22.0] [cxt 0] Pipeline 'egress': start
[13:40:40.239] [bmv2] [D] [thread 2151] [22.0] [cxt 0] Pipeline 'egress': end
[13:40:40.239] [bmv2] [D] [thread 2151] [22.0] [cxt 0] Deparser 'deparser': start
[13:40:40.239] [bmv2] [T] [thread 2151] [22.0] [cxt 0] Skipping checksum 'cksum' update because condition not met
[13:40:40.240] [bmv2] [T] [thread 2151] [22.0] [cxt 0] Skipping checksum 'cksum_0' update because condition not met
[13:40:40.240] [bmv2] [T] [thread 2151] [22.0] [cxt 0] Skipping checksum 'cksum_1' update because condition not met
[13:40:40.240] [bmv2] [D] [thread 2151] [22.0] [cxt 0] Deparsing header 'ethernet'
[13:40:40.240] [bmv2] [D] [thread 2151] [22.0] [cxt 0] Deparser 'deparser': end
[13:40:40.240] [bmv2] [D] [thread 2155] [22.0] [cxt 0] Transmitting packet of size 70 out of port 0
[13:42:20.583] [bmv2] [D] [thread 2150] [23.0] [cxt 0] Processing packet received on port 2
[13:42:20.583] [bmv2] [D] [thread 2150] [23.0] [cxt 0] Parser 'parser': start
[13:42:20.583] [bmv2] [D] [thread 2150] [23.0] [cxt 0] Parser 'parser' entering state 'start'
[13:42:20.583] [bmv2] [D] [thread 2150] [23.0] [cxt 0] Extracting header 'ethernet'
[13:42:20.583] [bmv2] [D] [thread 2150] [23.0] [cxt 0] Parser state 'start': key is 86dd
[13:42:20.583] [bmv2] [T] [thread 2150] [23.0] [cxt 0] Bytes parsed: 14
[13:42:20.583] [bmv2] [D] [thread 2150] [23.0] [cxt 0] Parser 'parser': end
[13:42:20.583] [bmv2] [D] [thread 2150] [23.0] [cxt 0] Pipeline 'ingress': start
[13:42:20.583] [bmv2] [T] [thread 2150] [23.0] [cxt 0] basic.p4(164) Condition "hdr.ipv4.isValid()" (node_2) is false
[13:42:20.583] [bmv2] [D] [thread 2150] [23.0] [cxt 0] Pipeline 'ingress': end
[13:42:20.583] [bmv2] [D] [thread 2150] [23.0] [cxt 0] Egress port is 0
[13:42:20.583] [bmv2] [D] [thread 2151] [23.0] [cxt 0] Pipeline 'egress': start
[13:42:20.583] [bmv2] [D] [thread 2151] [23.0] [cxt 0] Pipeline 'egress': end
[13:42:20.583] [bmv2] [D] [thread 2151] [23.0] [cxt 0] Deparser 'deparser': start
[13:42:20.583] [bmv2] [T] [thread 2151] [23.0] [cxt 0] Skipping checksum 'cksum' update because condition not met
[13:42:20.583] [bmv2] [T] [thread 2151] [23.0] [cxt 0] Skipping checksum 'cksum_0' update because condition not met
[13:42:20.583] [bmv2] [T] [thread 2151] [23.0] [cxt 0] Skipping checksum 'cksum_1' update because condition not met
[13:42:20.583] [bmv2] [D] [thread 2151] [23.0] [cxt 0] Deparsing header 'ethernet'
[13:42:20.583] [bmv2] [D] [thread 2151] [23.0] [cxt 0] Deparser 'deparser': end
[13:42:20.583] [bmv2] [D] [thread 2155] [23.0] [cxt 0] Transmitting packet of size 70 out of port 0
[13:42:34.918] [bmv2] [D] [thread 2150] [24.0] [cxt 0] Processing packet received on port 2
[13:42:34.918] [bmv2] [D] [thread 2150] [24.0] [cxt 0] Parser 'parser': start
[13:42:34.918] [bmv2] [D] [thread 2150] [24.0] [cxt 0] Parser 'parser' entering state 'start'
[13:42:34.918] [bmv2] [D] [thread 2150] [24.0] [cxt 0] Extracting header 'ethernet'
[13:42:34.918] [bmv2] [D] [thread 2150] [24.0] [cxt 0] Parser state 'start': key is 86dd
[13:42:34.918] [bmv2] [T] [thread 2150] [24.0] [cxt 0] Bytes parsed: 14
[13:42:34.918] [bmv2] [D] [thread 2150] [24.0] [cxt 0] Parser 'parser': end
[13:42:34.918] [bmv2] [D] [thread 2150] [24.0] [cxt 0] Pipeline 'ingress': start
[13:42:34.918] [bmv2] [T] [thread 2150] [24.0] [cxt 0] basic.p4(164) Condition "hdr.ipv4.isValid()" (node_2) is false
[13:42:34.918] [bmv2] [D] [thread 2150] [24.0] [cxt 0] Pipeline 'ingress': end
[13:42:34.918] [bmv2] [D] [thread 2150] [24.0] [cxt 0] Egress port is 0
[13:42:34.918] [bmv2] [D] [thread 2151] [24.0] [cxt 0] Pipeline 'egress': start
[13:42:34.918] [bmv2] [D] [thread 2151] [24.0] [cxt 0] Pipeline 'egress': end
[13:42:34.918] [bmv2] [D] [thread 2151] [24.0] [cxt 0] Deparser 'deparser': start
[13:42:34.918] [bmv2] [T] [thread 2151] [24.0] [cxt 0] Skipping checksum 'cksum' update because condition not met
[13:42:34.918] [bmv2] [T] [thread 2151] [24.0] [cxt 0] Skipping checksum 'cksum_0' update because condition not met
[13:42:34.918] [bmv2] [T] [thread 2151] [24.0] [cxt 0] Skipping checksum 'cksum_1' update because condition not met
[13:42:34.918] [bmv2] [D] [thread 2151] [24.0] [cxt 0] Deparsing header 'ethernet'
[13:42:34.918] [bmv2] [D] [thread 2151] [24.0] [cxt 0] Deparser 'deparser': end
[13:42:34.918] [bmv2] [D] [thread 2155] [24.0] [cxt 0] Transmitting packet of size 70 out of port 0
[13:42:51.302] [bmv2] [D] [thread 2150] [25.0] [cxt 0] Processing packet received on port 1
[13:42:51.302] [bmv2] [D] [thread 2150] [25.0] [cxt 0] Parser 'parser': start
[13:42:51.302] [bmv2] [D] [thread 2150] [25.0] [cxt 0] Parser 'parser' entering state 'start'
[13:42:51.302] [bmv2] [D] [thread 2150] [25.0] [cxt 0] Extracting header 'ethernet'
[13:42:51.302] [bmv2] [D] [thread 2150] [25.0] [cxt 0] Parser state 'start': key is 86dd
[13:42:51.302] [bmv2] [T] [thread 2150] [25.0] [cxt 0] Bytes parsed: 14
[13:42:51.302] [bmv2] [D] [thread 2150] [25.0] [cxt 0] Parser 'parser': end
[13:42:51.302] [bmv2] [D] [thread 2150] [25.0] [cxt 0] Pipeline 'ingress': start
[13:42:51.302] [bmv2] [T] [thread 2150] [25.0] [cxt 0] basic.p4(164) Condition "hdr.ipv4.isValid()" (node_2) is false
[13:42:51.302] [bmv2] [D] [thread 2150] [25.0] [cxt 0] Pipeline 'ingress': end
[13:42:51.302] [bmv2] [D] [thread 2150] [25.0] [cxt 0] Egress port is 0
[13:42:51.302] [bmv2] [D] [thread 2151] [25.0] [cxt 0] Pipeline 'egress': start
[13:42:51.302] [bmv2] [D] [thread 2151] [25.0] [cxt 0] Pipeline 'egress': end
[13:42:51.302] [bmv2] [D] [thread 2151] [25.0] [cxt 0] Deparser 'deparser': start
[13:42:51.302] [bmv2] [T] [thread 2151] [25.0] [cxt 0] Skipping checksum 'cksum' update because condition not met
[13:42:51.302] [bmv2] [T] [thread 2151] [25.0] [cxt 0] Skipping checksum 'cksum_0' update because condition not met
[13:42:51.302] [bmv2] [T] [thread 2151] [25.0] [cxt 0] Skipping checksum 'cksum_1' update because condition not met
[13:42:51.302] [bmv2] [D] [thread 2151] [25.0] [cxt 0] Deparsing header 'ethernet'
[13:42:51.302] [bmv2] [D] [thread 2151] [25.0] [cxt 0] Deparser 'deparser': end
[13:42:51.302] [bmv2] [D] [thread 2155] [25.0] [cxt 0] Transmitting packet of size 70 out of port 0
[13:43:07.687] [bmv2] [D] [thread 2150] [26.0] [cxt 0] Processing packet received on port 1
[13:43:07.687] [bmv2] [D] [thread 2150] [26.0] [cxt 0] Parser 'parser': start
[13:43:07.687] [bmv2] [D] [thread 2150] [26.0] [cxt 0] Parser 'parser' entering state 'start'
[13:43:07.687] [bmv2] [D] [thread 2150] [26.0] [cxt 0] Extracting header 'ethernet'
[13:43:07.687] [bmv2] [D] [thread 2150] [26.0] [cxt 0] Parser state 'start': key is 86dd
[13:43:07.687] [bmv2] [T] [thread 2150] [26.0] [cxt 0] Bytes parsed: 14
[13:43:07.687] [bmv2] [D] [thread 2150] [26.0] [cxt 0] Parser 'parser': end
[13:43:07.687] [bmv2] [D] [thread 2150] [26.0] [cxt 0] Pipeline 'ingress': start
[13:43:07.687] [bmv2] [T] [thread 2150] [26.0] [cxt 0] basic.p4(164) Condition "hdr.ipv4.isValid()" (node_2) is false
[13:43:07.687] [bmv2] [D] [thread 2150] [26.0] [cxt 0] Pipeline 'ingress': end
[13:43:07.687] [bmv2] [D] [thread 2150] [26.0] [cxt 0] Egress port is 0
[13:43:07.687] [bmv2] [D] [thread 2151] [26.0] [cxt 0] Pipeline 'egress': start
[13:43:07.687] [bmv2] [D] [thread 2151] [26.0] [cxt 0] Pipeline 'egress': end
[13:43:07.687] [bmv2] [D] [thread 2151] [26.0] [cxt 0] Deparser 'deparser': start
[13:43:07.687] [bmv2] [T] [thread 2151] [26.0] [cxt 0] Skipping checksum 'cksum' update because condition not met
[13:43:07.687] [bmv2] [T] [thread 2151] [26.0] [cxt 0] Skipping checksum 'cksum_0' update because condition not met
[13:43:07.687] [bmv2] [T] [thread 2151] [26.0] [cxt 0] Skipping checksum 'cksum_1' update because condition not met
[13:43:07.687] [bmv2] [D] [thread 2151] [26.0] [cxt 0] Deparsing header 'ethernet'
[13:43:07.687] [bmv2] [D] [thread 2151] [26.0] [cxt 0] Deparser 'deparser': end
[13:43:07.687] [bmv2] [D] [thread 2155] [26.0] [cxt 0] Transmitting packet of size 70 out of port 0
[13:46:24.294] [bmv2] [D] [thread 2150] [27.0] [cxt 0] Processing packet received on port 2
[13:46:24.294] [bmv2] [D] [thread 2150] [27.0] [cxt 0] Parser 'parser': start
[13:46:24.294] [bmv2] [D] [thread 2150] [27.0] [cxt 0] Parser 'parser' entering state 'start'
[13:46:24.294] [bmv2] [D] [thread 2150] [27.0] [cxt 0] Extracting header 'ethernet'
[13:46:24.294] [bmv2] [D] [thread 2150] [27.0] [cxt 0] Parser state 'start': key is 86dd
[13:46:24.294] [bmv2] [T] [thread 2150] [27.0] [cxt 0] Bytes parsed: 14
[13:46:24.294] [bmv2] [D] [thread 2150] [27.0] [cxt 0] Parser 'parser': end
[13:46:24.294] [bmv2] [D] [thread 2150] [27.0] [cxt 0] Pipeline 'ingress': start
[13:46:24.294] [bmv2] [T] [thread 2150] [27.0] [cxt 0] basic.p4(164) Condition "hdr.ipv4.isValid()" (node_2) is false
[13:46:24.294] [bmv2] [D] [thread 2150] [27.0] [cxt 0] Pipeline 'ingress': end
[13:46:24.294] [bmv2] [D] [thread 2150] [27.0] [cxt 0] Egress port is 0
[13:46:24.294] [bmv2] [D] [thread 2151] [27.0] [cxt 0] Pipeline 'egress': start
[13:46:24.294] [bmv2] [D] [thread 2151] [27.0] [cxt 0] Pipeline 'egress': end
[13:46:24.294] [bmv2] [D] [thread 2151] [27.0] [cxt 0] Deparser 'deparser': start
[13:46:24.294] [bmv2] [T] [thread 2151] [27.0] [cxt 0] Skipping checksum 'cksum' update because condition not met
[13:46:24.294] [bmv2] [T] [thread 2151] [27.0] [cxt 0] Skipping checksum 'cksum_0' update because condition not met
[13:46:24.294] [bmv2] [T] [thread 2151] [27.0] [cxt 0] Skipping checksum 'cksum_1' update because condition not met
[13:46:24.294] [bmv2] [D] [thread 2151] [27.0] [cxt 0] Deparsing header 'ethernet'
[13:46:24.294] [bmv2] [D] [thread 2151] [27.0] [cxt 0] Deparser 'deparser': end
[13:46:24.294] [bmv2] [D] [thread 2155] [27.0] [cxt 0] Transmitting packet of size 70 out of port 0
[13:47:13.446] [bmv2] [D] [thread 2150] [28.0] [cxt 0] Processing packet received on port 2
[13:47:13.446] [bmv2] [D] [thread 2150] [28.0] [cxt 0] Parser 'parser': start
[13:47:13.446] [bmv2] [D] [thread 2150] [28.0] [cxt 0] Parser 'parser' entering state 'start'
[13:47:13.446] [bmv2] [D] [thread 2150] [28.0] [cxt 0] Extracting header 'ethernet'
[13:47:13.446] [bmv2] [D] [thread 2150] [28.0] [cxt 0] Parser state 'start': key is 86dd
[13:47:13.446] [bmv2] [T] [thread 2150] [28.0] [cxt 0] Bytes parsed: 14
[13:47:13.446] [bmv2] [D] [thread 2150] [28.0] [cxt 0] Parser 'parser': end
[13:47:13.446] [bmv2] [D] [thread 2150] [28.0] [cxt 0] Pipeline 'ingress': start
[13:47:13.446] [bmv2] [T] [thread 2150] [28.0] [cxt 0] basic.p4(164) Condition "hdr.ipv4.isValid()" (node_2) is false
[13:47:13.446] [bmv2] [D] [thread 2150] [28.0] [cxt 0] Pipeline 'ingress': end
[13:47:13.446] [bmv2] [D] [thread 2150] [28.0] [cxt 0] Egress port is 0
[13:47:13.446] [bmv2] [D] [thread 2151] [28.0] [cxt 0] Pipeline 'egress': start
[13:47:13.446] [bmv2] [D] [thread 2151] [28.0] [cxt 0] Pipeline 'egress': end
[13:47:13.446] [bmv2] [D] [thread 2151] [28.0] [cxt 0] Deparser 'deparser': start
[13:47:13.446] [bmv2] [T] [thread 2151] [28.0] [cxt 0] Skipping checksum 'cksum' update because condition not met
[13:47:13.446] [bmv2] [T] [thread 2151] [28.0] [cxt 0] Skipping checksum 'cksum_0' update because condition not met
[13:47:13.446] [bmv2] [T] [thread 2151] [28.0] [cxt 0] Skipping checksum 'cksum_1' update because condition not met
[13:47:13.446] [bmv2] [D] [thread 2151] [28.0] [cxt 0] Deparsing header 'ethernet'
[13:47:13.446] [bmv2] [D] [thread 2151] [28.0] [cxt 0] Deparser 'deparser': end
[13:47:13.446] [bmv2] [D] [thread 2155] [28.0] [cxt 0] Transmitting packet of size 70 out of port 0
                                                                                                                                                                                                                                                                                                                                                                                                                                                                                                                                                                                                                                                                                                                                                                                                                                                                                                                                                                                                                                                                                                                                                                                                                                                                                                                                                                                                                                                                                                                                                                                                                                                                                                                                                                                                                                                        